{"/home/eeric/code/pytrading/frontend/src/App.tsx": {"path":"/home/eeric/code/pytrading/frontend/src/App.tsx","statementMap":{"0":{"start":{"line":18,"column":35},"end":{"line":18,"column":41}},"1":{"start":{"line":19,"column":18},"end":{"line":19,"column":28}},"2":{"start":{"line":21,"column":22},"end":{"line":128,"column":1}},"3":{"start":{"line":22,"column":36},"end":{"line":24,"column":4}},"4":{"start":{"line":23,"column":4},"end":{"line":23,"column":64}},"5":{"start":{"line":26,"column":26},"end":{"line":29,"column":3}},"6":{"start":{"line":27,"column":4},"end":{"line":27,"column":24}},"7":{"start":{"line":28,"column":4},"end":{"line":28,"column":61}},"8":{"start":{"line":31,"column":20},"end":{"line":52,"column":3}},"9":{"start":{"line":54,"column":26},"end":{"line":56,"column":3}},"10":{"start":{"line":55,"column":4},"end":{"line":55,"column":33}},"11":{"start":{"line":58,"column":2},"end":{"line":127,"column":4}}},"fnMap":{"0":{"name":"(anonymous_0)","decl":{"start":{"line":21,"column":22},"end":{"line":21,"column":23}},"loc":{"start":{"line":21,"column":28},"end":{"line":128,"column":1}},"line":21},"1":{"name":"(anonymous_1)","decl":{"start":{"line":22,"column":51},"end":{"line":22,"column":52}},"loc":{"start":{"line":22,"column":57},"end":{"line":24,"column":3}},"line":22},"2":{"name":"(anonymous_2)","decl":{"start":{"line":26,"column":26},"end":{"line":26,"column":27}},"loc":{"start":{"line":26,"column":46},"end":{"line":29,"column":3}},"line":26},"3":{"name":"(anonymous_3)","decl":{"start":{"line":54,"column":26},"end":{"line":54,"column":27}},"loc":{"start":{"line":54,"column":38},"end":{"line":56,"column":3}},"line":54}},"branchMap":{"0":{"loc":{"start":{"line":80,"column":13},"end":{"line":84,"column":13}},"type":"binary-expr","locations":[{"start":{"line":80,"column":13},"end":{"line":80,"column":23}},{"start":{"line":81,"column":14},"end":{"line":83,"column":22}}],"line":80}},"s":{"0":1,"1":1,"2":1,"3":5,"4":4,"5":4,"6":0,"7":0,"8":4,"9":4,"10":0,"11":4},"f":{"0":5,"1":4,"2":0,"3":0},"b":{"0":[4,4]},"_coverageSchema":"1a1c01bbd47fc00a2c39e90264f33305004495a9","hash":"4975d24c41b358a2f7331a99c5fc353536f59351"}
,"/home/eeric/code/pytrading/frontend/src/index.tsx": {"path":"/home/eeric/code/pytrading/frontend/src/index.tsx","statementMap":{"0":{"start":{"line":6,"column":13},"end":{"line":8,"column":1}},"1":{"start":{"line":10,"column":0},"end":{"line":14,"column":2}}},"fnMap":{},"branchMap":{},"s":{"0":0,"1":0},"f":{},"b":{}}
,"/home/eeric/code/pytrading/frontend/src/components/LogViewer.tsx": {"path":"/home/eeric/code/pytrading/frontend/src/components/LogViewer.tsx","statementMap":{"0":{"start":{"line":14,"column":19},"end":{"line":14,"column":24}},"1":{"start":{"line":15,"column":19},"end":{"line":15,"column":25}},"2":{"start":{"line":24,"column":44},"end":{"line":305,"column":1}},"3":{"start":{"line":25,"column":26},"end":{"line":25,"column":53}},"4":{"start":{"line":26,"column":32},"end":{"line":26,"column":47}},"5":{"start":{"line":27,"column":40},"end":{"line":27,"column":55}},"6":{"start":{"line":28,"column":23},"end":{"line":28,"column":37}},"7":{"start":{"line":29,"column":30},"end":{"line":29,"column":41}},"8":{"start":{"line":30,"column":40},"end":{"line":30,"column":63}},"9":{"start":{"line":31,"column":38},"end":{"line":31,"column":50}},"10":{"start":{"line":32,"column":26},"end":{"line":32,"column":54}},"11":{"start":{"line":33,"column":30},"end":{"line":33,"column":65}},"12":{"start":{"line":36,"column":20},"end":{"line":59,"column":30}},"13":{"start":{"line":37,"column":4},"end":{"line":58,"column":5}},"14":{"start":{"line":38,"column":6},"end":{"line":38,"column":23}},"15":{"start":{"line":39,"column":22},"end":{"line":39,"column":48}},"16":{"start":{"line":41,"column":23},"end":{"line":43,"column":60}},"17":{"start":{"line":45,"column":6},"end":{"line":49,"column":7}},"18":{"start":{"line":46,"column":8},"end":{"line":46,"column":54}},"19":{"start":{"line":46,"column":24},"end":{"line":46,"column":52}},"20":{"start":{"line":48,"column":8},"end":{"line":48,"column":32}},"21":{"start":{"line":51,"column":6},"end":{"line":53,"column":7}},"22":{"start":{"line":52,"column":8},"end":{"line":52,"column":36}},"23":{"start":{"line":55,"column":6},"end":{"line":55,"column":38}},"24":{"start":{"line":57,"column":6},"end":{"line":57,"column":24}},"25":{"start":{"line":62,"column":2},"end":{"line":64,"column":34}},"26":{"start":{"line":63,"column":4},"end":{"line":63,"column":21}},"27":{"start":{"line":67,"column":2},"end":{"line":82,"column":31}},"28":{"start":{"line":68,"column":4},"end":{"line":76,"column":5}},"29":{"start":{"line":69,"column":6},"end":{"line":71,"column":15}},"30":{"start":{"line":70,"column":8},"end":{"line":70,"column":24}},"31":{"start":{"line":73,"column":6},"end":{"line":75,"column":7}},"32":{"start":{"line":74,"column":8},"end":{"line":74,"column":51}},"33":{"start":{"line":77,"column":4},"end":{"line":81,"column":6}},"34":{"start":{"line":78,"column":6},"end":{"line":80,"column":7}},"35":{"start":{"line":79,"column":8},"end":{"line":79,"column":51}},"36":{"start":{"line":85,"column":2},"end":{"line":89,"column":25}},"37":{"start":{"line":86,"column":4},"end":{"line":88,"column":5}},"38":{"start":{"line":87,"column":6},"end":{"line":87,"column":79}},"39":{"start":{"line":92,"column":23},"end":{"line":105,"column":3}},"40":{"start":{"line":93,"column":4},"end":{"line":104,"column":5}},"41":{"start":{"line":95,"column":8},"end":{"line":95,"column":19}},"42":{"start":{"line":97,"column":8},"end":{"line":97,"column":20}},"43":{"start":{"line":99,"column":8},"end":{"line":99,"column":20}},"44":{"start":{"line":101,"column":8},"end":{"line":101,"column":20}},"45":{"start":{"line":103,"column":8},"end":{"line":103,"column":20}},"46":{"start":{"line":108,"column":23},"end":{"line":112,"column":4}},"47":{"start":{"line":109,"column":23},"end":{"line":109,"column":87}},"48":{"start":{"line":110,"column":22},"end":{"line":110,"column":97}},"49":{"start":{"line":111,"column":4},"end":{"line":111,"column":35}},"50":{"start":{"line":115,"column":25},"end":{"line":129,"column":3}},"51":{"start":{"line":116,"column":20},"end":{"line":118,"column":16}},"52":{"start":{"line":117,"column":6},"end":{"line":117,"column":57}},"53":{"start":{"line":120,"column":17},"end":{"line":120,"column":60}},"54":{"start":{"line":121,"column":16},"end":{"line":121,"column":41}},"55":{"start":{"line":122,"column":14},"end":{"line":122,"column":41}},"56":{"start":{"line":123,"column":4},"end":{"line":123,"column":17}},"57":{"start":{"line":124,"column":4},"end":{"line":124,"column":91}},"58":{"start":{"line":125,"column":4},"end":{"line":125,"column":33}},"59":{"start":{"line":126,"column":4},"end":{"line":126,"column":14}},"60":{"start":{"line":127,"column":4},"end":{"line":127,"column":33}},"61":{"start":{"line":128,"column":4},"end":{"line":128,"column":29}},"62":{"start":{"line":132,"column":25},"end":{"line":136,"column":3}},"63":{"start":{"line":133,"column":4},"end":{"line":135,"column":5}},"64":{"start":{"line":134,"column":6},"end":{"line":134,"column":79}},"65":{"start":{"line":138,"column":2},"end":{"line":304,"column":4}},"66":{"start":{"line":171,"column":27},"end":{"line":171,"column":56}},"67":{"start":{"line":180,"column":27},"end":{"line":180,"column":55}},"68":{"start":{"line":187,"column":27},"end":{"line":187,"column":43}},"69":{"start":{"line":228,"column":16},"end":{"line":297,"column":22}}},"fnMap":{"0":{"name":"(anonymous_0)","decl":{"start":{"line":24,"column":44},"end":{"line":24,"column":45}},"loc":{"start":{"line":24,"column":89},"end":{"line":305,"column":1}},"line":24},"1":{"name":"(anonymous_1)","decl":{"start":{"line":36,"column":32},"end":{"line":36,"column":33}},"loc":{"start":{"line":36,"column":74},"end":{"line":59,"column":3}},"line":36},"2":{"name":"(anonymous_2)","decl":{"start":{"line":46,"column":16},"end":{"line":46,"column":17}},"loc":{"start":{"line":46,"column":24},"end":{"line":46,"column":52}},"line":46},"3":{"name":"(anonymous_3)","decl":{"start":{"line":62,"column":12},"end":{"line":62,"column":13}},"loc":{"start":{"line":62,"column":18},"end":{"line":64,"column":3}},"line":62},"4":{"name":"(anonymous_4)","decl":{"start":{"line":67,"column":12},"end":{"line":67,"column":13}},"loc":{"start":{"line":67,"column":18},"end":{"line":82,"column":3}},"line":67},"5":{"name":"(anonymous_5)","decl":{"start":{"line":69,"column":48},"end":{"line":69,"column":49}},"loc":{"start":{"line":69,"column":54},"end":{"line":71,"column":7}},"line":69},"6":{"name":"(anonymous_6)","decl":{"start":{"line":77,"column":11},"end":{"line":77,"column":12}},"loc":{"start":{"line":77,"column":17},"end":{"line":81,"column":5}},"line":77},"7":{"name":"(anonymous_7)","decl":{"start":{"line":85,"column":12},"end":{"line":85,"column":13}},"loc":{"start":{"line":85,"column":18},"end":{"line":89,"column":3}},"line":85},"8":{"name":"(anonymous_8)","decl":{"start":{"line":92,"column":23},"end":{"line":92,"column":24}},"loc":{"start":{"line":92,"column":42},"end":{"line":105,"column":3}},"line":92},"9":{"name":"(anonymous_9)","decl":{"start":{"line":108,"column":35},"end":{"line":108,"column":36}},"loc":{"start":{"line":108,"column":42},"end":{"line":112,"column":3}},"line":108},"10":{"name":"(anonymous_10)","decl":{"start":{"line":115,"column":25},"end":{"line":115,"column":26}},"loc":{"start":{"line":115,"column":31},"end":{"line":129,"column":3}},"line":115},"11":{"name":"(anonymous_11)","decl":{"start":{"line":116,"column":37},"end":{"line":116,"column":38}},"loc":{"start":{"line":117,"column":6},"end":{"line":117,"column":57}},"line":117},"12":{"name":"(anonymous_12)","decl":{"start":{"line":132,"column":25},"end":{"line":132,"column":26}},"loc":{"start":{"line":132,"column":31},"end":{"line":136,"column":3}},"line":132},"13":{"name":"(anonymous_13)","decl":{"start":{"line":171,"column":22},"end":{"line":171,"column":23}},"loc":{"start":{"line":171,"column":27},"end":{"line":171,"column":56}},"line":171},"14":{"name":"(anonymous_14)","decl":{"start":{"line":180,"column":21},"end":{"line":180,"column":22}},"loc":{"start":{"line":180,"column":27},"end":{"line":180,"column":55}},"line":180},"15":{"name":"(anonymous_15)","decl":{"start":{"line":187,"column":21},"end":{"line":187,"column":22}},"loc":{"start":{"line":187,"column":27},"end":{"line":187,"column":43}},"line":187},"16":{"name":"(anonymous_16)","decl":{"start":{"line":227,"column":32},"end":{"line":227,"column":33}},"loc":{"start":{"line":228,"column":16},"end":{"line":297,"column":22}},"line":228}},"branchMap":{"0":{"loc":{"start":{"line":24,"column":70},"end":{"line":24,"column":82}},"type":"default-arg","locations":[{"start":{"line":24,"column":79},"end":{"line":24,"column":82}}],"line":24},"1":{"loc":{"start":{"line":36,"column":39},"end":{"line":36,"column":69}},"type":"default-arg","locations":[{"start":{"line":36,"column":64},"end":{"line":36,"column":69}}],"line":36},"2":{"loc":{"start":{"line":39,"column":22},"end":{"line":39,"column":48}},"type":"cond-expr","locations":[{"start":{"line":39,"column":38},"end":{"line":39,"column":44}},{"start":{"line":39,"column":47},"end":{"line":39,"column":48}}],"line":39},"3":{"loc":{"start":{"line":41,"column":23},"end":{"line":43,"column":60}},"type":"cond-expr","locations":[{"start":{"line":42,"column":10},"end":{"line":42,"column":70}},{"start":{"line":43,"column":10},"end":{"line":43,"column":60}}],"line":41},"4":{"loc":{"start":{"line":45,"column":6},"end":{"line":49,"column":7}},"type":"if","locations":[{"start":{"line":45,"column":6},"end":{"line":49,"column":7}},{"start":{"line":47,"column":13},"end":{"line":49,"column":7}}],"line":45},"5":{"loc":{"start":{"line":51,"column":6},"end":{"line":53,"column":7}},"type":"if","locations":[{"start":{"line":51,"column":6},"end":{"line":53,"column":7}},{"start":{},"end":{}}],"line":51},"6":{"loc":{"start":{"line":68,"column":4},"end":{"line":76,"column":5}},"type":"if","locations":[{"start":{"line":68,"column":4},"end":{"line":76,"column":5}},{"start":{"line":72,"column":11},"end":{"line":76,"column":5}}],"line":68},"7":{"loc":{"start":{"line":73,"column":6},"end":{"line":75,"column":7}},"type":"if","locations":[{"start":{"line":73,"column":6},"end":{"line":75,"column":7}},{"start":{},"end":{}}],"line":73},"8":{"loc":{"start":{"line":78,"column":6},"end":{"line":80,"column":7}},"type":"if","locations":[{"start":{"line":78,"column":6},"end":{"line":80,"column":7}},{"start":{},"end":{}}],"line":78},"9":{"loc":{"start":{"line":86,"column":4},"end":{"line":88,"column":5}},"type":"if","locations":[{"start":{"line":86,"column":4},"end":{"line":88,"column":5}},{"start":{},"end":{}}],"line":86},"10":{"loc":{"start":{"line":86,"column":8},"end":{"line":86,"column":45}},"type":"binary-expr","locations":[{"start":{"line":86,"column":8},"end":{"line":86,"column":18}},{"start":{"line":86,"column":22},"end":{"line":86,"column":45}}],"line":86},"11":{"loc":{"start":{"line":93,"column":4},"end":{"line":104,"column":5}},"type":"switch","locations":[{"start":{"line":94,"column":6},"end":{"line":95,"column":19}},{"start":{"line":96,"column":6},"end":{"line":97,"column":20}},{"start":{"line":98,"column":6},"end":{"line":99,"column":20}},{"start":{"line":100,"column":6},"end":{"line":101,"column":20}},{"start":{"line":102,"column":6},"end":{"line":103,"column":20}}],"line":93},"12":{"loc":{"start":{"line":109,"column":23},"end":{"line":109,"column":87}},"type":"binary-expr","locations":[{"start":{"line":109,"column":23},"end":{"line":109,"column":44}},{"start":{"line":109,"column":48},"end":{"line":109,"column":87}}],"line":109},"13":{"loc":{"start":{"line":110,"column":22},"end":{"line":110,"column":97}},"type":"binary-expr","locations":[{"start":{"line":110,"column":22},"end":{"line":110,"column":33}},{"start":{"line":110,"column":37},"end":{"line":110,"column":97}}],"line":110},"14":{"loc":{"start":{"line":111,"column":11},"end":{"line":111,"column":34}},"type":"binary-expr","locations":[{"start":{"line":111,"column":11},"end":{"line":111,"column":21}},{"start":{"line":111,"column":25},"end":{"line":111,"column":34}}],"line":111},"15":{"loc":{"start":{"line":124,"column":34},"end":{"line":124,"column":60}},"type":"cond-expr","locations":[{"start":{"line":124,"column":43},"end":{"line":124,"column":55}},{"start":{"line":124,"column":58},"end":{"line":124,"column":60}}],"line":124},"16":{"loc":{"start":{"line":133,"column":4},"end":{"line":135,"column":5}},"type":"if","locations":[{"start":{"line":133,"column":4},"end":{"line":135,"column":5}},{"start":{},"end":{}}],"line":133},"17":{"loc":{"start":{"line":179,"column":18},"end":{"line":179,"column":80}},"type":"cond-expr","locations":[{"start":{"line":179,"column":32},"end":{"line":179,"column":55}},{"start":{"line":179,"column":58},"end":{"line":179,"column":80}}],"line":179},"18":{"loc":{"start":{"line":181,"column":18},"end":{"line":181,"column":53}},"type":"cond-expr","locations":[{"start":{"line":181,"column":32},"end":{"line":181,"column":41}},{"start":{"line":181,"column":44},"end":{"line":181,"column":53}}],"line":181},"19":{"loc":{"start":{"line":219,"column":11},"end":{"line":300,"column":11}},"type":"cond-expr","locations":[{"start":{"line":220,"column":12},"end":{"line":222,"column":18}},{"start":{"line":223,"column":14},"end":{"line":300,"column":11}}],"line":219},"20":{"loc":{"start":{"line":219,"column":11},"end":{"line":219,"column":39}},"type":"binary-expr","locations":[{"start":{"line":219,"column":11},"end":{"line":219,"column":18}},{"start":{"line":219,"column":22},"end":{"line":219,"column":39}}],"line":219},"21":{"loc":{"start":{"line":223,"column":14},"end":{"line":300,"column":11}},"type":"cond-expr","locations":[{"start":{"line":224,"column":12},"end":{"line":224,"column":70}},{"start":{"line":226,"column":12},"end":{"line":299,"column":18}}],"line":223},"22":{"loc":{"start":{"line":239,"column":22},"end":{"line":242,"column":40}},"type":"cond-expr","locations":[{"start":{"line":239,"column":46},"end":{"line":239,"column":64}},{"start":{"line":240,"column":22},"end":{"line":242,"column":40}}],"line":239},"23":{"loc":{"start":{"line":240,"column":22},"end":{"line":242,"column":40}},"type":"cond-expr","locations":[{"start":{"line":240,"column":48},"end":{"line":240,"column":57}},{"start":{"line":241,"column":22},"end":{"line":242,"column":40}}],"line":240},"24":{"loc":{"start":{"line":241,"column":22},"end":{"line":242,"column":40}},"type":"cond-expr","locations":[{"start":{"line":241,"column":45},"end":{"line":241,"column":61}},{"start":{"line":242,"column":22},"end":{"line":242,"column":40}}],"line":241},"25":{"loc":{"start":{"line":244,"column":37},"end":{"line":247,"column":62}},"type":"cond-expr","locations":[{"start":{"line":244,"column":61},"end":{"line":244,"column":86}},{"start":{"line":245,"column":37},"end":{"line":247,"column":62}}],"line":244},"26":{"loc":{"start":{"line":245,"column":37},"end":{"line":247,"column":62}},"type":"cond-expr","locations":[{"start":{"line":245,"column":63},"end":{"line":245,"column":89}},{"start":{"line":246,"column":37},"end":{"line":247,"column":62}}],"line":245},"27":{"loc":{"start":{"line":246,"column":37},"end":{"line":247,"column":62}},"type":"cond-expr","locations":[{"start":{"line":246,"column":60},"end":{"line":246,"column":86}},{"start":{"line":247,"column":37},"end":{"line":247,"column":62}}],"line":246},"28":{"loc":{"start":{"line":262,"column":34},"end":{"line":265,"column":58}},"type":"cond-expr","locations":[{"start":{"line":262,"column":58},"end":{"line":262,"column":82}},{"start":{"line":263,"column":34},"end":{"line":265,"column":58}}],"line":262},"29":{"loc":{"start":{"line":263,"column":34},"end":{"line":265,"column":58}},"type":"cond-expr","locations":[{"start":{"line":263,"column":60},"end":{"line":263,"column":85}},{"start":{"line":264,"column":34},"end":{"line":265,"column":58}}],"line":263},"30":{"loc":{"start":{"line":264,"column":34},"end":{"line":265,"column":58}},"type":"cond-expr","locations":[{"start":{"line":264,"column":57},"end":{"line":264,"column":82}},{"start":{"line":265,"column":34},"end":{"line":265,"column":58}}],"line":264},"31":{"loc":{"start":{"line":266,"column":29},"end":{"line":269,"column":38}},"type":"cond-expr","locations":[{"start":{"line":266,"column":53},"end":{"line":266,"column":62}},{"start":{"line":267,"column":29},"end":{"line":269,"column":38}}],"line":266},"32":{"loc":{"start":{"line":267,"column":29},"end":{"line":269,"column":38}},"type":"cond-expr","locations":[{"start":{"line":267,"column":55},"end":{"line":267,"column":64}},{"start":{"line":268,"column":29},"end":{"line":269,"column":38}}],"line":267},"33":{"loc":{"start":{"line":268,"column":29},"end":{"line":269,"column":38}},"type":"cond-expr","locations":[{"start":{"line":268,"column":52},"end":{"line":268,"column":61}},{"start":{"line":269,"column":29},"end":{"line":269,"column":38}}],"line":268},"34":{"loc":{"start":{"line":274,"column":19},"end":{"line":288,"column":19}},"type":"binary-expr","locations":[{"start":{"line":274,"column":19},"end":{"line":274,"column":29}},{"start":{"line":275,"column":20},"end":{"line":287,"column":27}}],"line":274},"35":{"loc":{"start":{"line":291,"column":27},"end":{"line":294,"column":48}},"type":"cond-expr","locations":[{"start":{"line":291,"column":51},"end":{"line":291,"column":60}},{"start":{"line":292,"column":27},"end":{"line":294,"column":48}}],"line":291},"36":{"loc":{"start":{"line":292,"column":27},"end":{"line":294,"column":48}},"type":"cond-expr","locations":[{"start":{"line":292,"column":53},"end":{"line":292,"column":62}},{"start":{"line":293,"column":27},"end":{"line":294,"column":48}}],"line":292},"37":{"loc":{"start":{"line":293,"column":27},"end":{"line":294,"column":48}},"type":"cond-expr","locations":[{"start":{"line":293,"column":51},"end":{"line":293,"column":60}},{"start":{"line":294,"column":27},"end":{"line":294,"column":48}}],"line":293}},"s":{"0":0,"1":0,"2":0,"3":0,"4":0,"5":0,"6":0,"7":0,"8":0,"9":0,"10":0,"11":0,"12":0,"13":0,"14":0,"15":0,"16":0,"17":0,"18":0,"19":0,"20":0,"21":0,"22":0,"23":0,"24":0,"25":0,"26":0,"27":0,"28":0,"29":0,"30":0,"31":0,"32":0,"33":0,"34":0,"35":0,"36":0,"37":0,"38":0,"39":0,"40":0,"41":0,"42":0,"43":0,"44":0,"45":0,"46":0,"47":0,"48":0,"49":0,"50":0,"51":0,"52":0,"53":0,"54":0,"55":0,"56":0,"57":0,"58":0,"59":0,"60":0,"61":0,"62":0,"63":0,"64":0,"65":0,"66":0,"67":0,"68":0,"69":0},"f":{"0":0,"1":0,"2":0,"3":0,"4":0,"5":0,"6":0,"7":0,"8":0,"9":0,"10":0,"11":0,"12":0,"13":0,"14":0,"15":0,"16":0},"b":{"0":[0],"1":[0],"2":[0,0],"3":[0,0],"4":[0,0],"5":[0,0],"6":[0,0],"7":[0,0],"8":[0,0],"9":[0,0],"10":[0,0],"11":[0,0,0,0,0],"12":[0,0],"13":[0,0],"14":[0,0],"15":[0,0],"16":[0,0],"17":[0,0],"18":[0,0],"19":[0,0],"20":[0,0],"21":[0,0],"22":[0,0],"23":[0,0],"24":[0,0],"25":[0,0],"26":[0,0],"27":[0,0],"28":[0,0],"29":[0,0],"30":[0,0],"31":[0,0],"32":[0,0],"33":[0,0],"34":[0,0],"35":[0,0],"36":[0,0],"37":[0,0]}}
,"/home/eeric/code/pytrading/frontend/src/components/StockChart.tsx": {"path":"/home/eeric/code/pytrading/frontend/src/components/StockChart.tsx","statementMap":{"0":{"start":{"line":28,"column":26},"end":{"line":28,"column":29}},"1":{"start":{"line":29,"column":26},"end":{"line":29,"column":29}},"2":{"start":{"line":31,"column":46},"end":{"line":520,"column":1}},"3":{"start":{"line":32,"column":32},"end":{"line":32,"column":60}},"4":{"start":{"line":33,"column":32},"end":{"line":33,"column":60}},"5":{"start":{"line":34,"column":23},"end":{"line":34,"column":53}},"6":{"start":{"line":35,"column":23},"end":{"line":35,"column":53}},"7":{"start":{"line":36,"column":31},"end":{"line":36,"column":77}},"8":{"start":{"line":37,"column":29},"end":{"line":37,"column":73}},"9":{"start":{"line":38,"column":28},"end":{"line":38,"column":67}},"10":{"start":{"line":39,"column":27},"end":{"line":39,"column":66}},"11":{"start":{"line":40,"column":23},"end":{"line":40,"column":62}},"12":{"start":{"line":41,"column":24},"end":{"line":41,"column":63}},"13":{"start":{"line":42,"column":24},"end":{"line":42,"column":63}},"14":{"start":{"line":43,"column":24},"end":{"line":43,"column":63}},"15":{"start":{"line":44,"column":27},"end":{"line":44,"column":77}},"16":{"start":{"line":47,"column":24},"end":{"line":47,"column":47}},"17":{"start":{"line":49,"column":44},"end":{"line":52,"column":8}},"18":{"start":{"line":55,"column":22},"end":{"line":64,"column":3}},"19":{"start":{"line":56,"column":4},"end":{"line":63,"column":7}},"20":{"start":{"line":57,"column":6},"end":{"line":57,"column":47}},"21":{"start":{"line":57,"column":28},"end":{"line":57,"column":47}},"22":{"start":{"line":58,"column":16},"end":{"line":58,"column":17}},"23":{"start":{"line":59,"column":6},"end":{"line":61,"column":7}},"24":{"start":{"line":59,"column":19},"end":{"line":59,"column":20}},"25":{"start":{"line":60,"column":8},"end":{"line":60,"column":35}},"26":{"start":{"line":62,"column":6},"end":{"line":62,"column":56}},"27":{"start":{"line":66,"column":2},"end":{"line":332,"column":9}},"28":{"start":{"line":67,"column":4},"end":{"line":67,"column":81}},"29":{"start":{"line":67,"column":74},"end":{"line":67,"column":81}},"30":{"start":{"line":70,"column":22},"end":{"line":105,"column":6}},"31":{"start":{"line":107,"column":4},"end":{"line":107,"column":37}},"32":{"start":{"line":110,"column":22},"end":{"line":145,"column":6}},"33":{"start":{"line":147,"column":4},"end":{"line":147,"column":37}},"34":{"start":{"line":150,"column":30},"end":{"line":156,"column":6}},"35":{"start":{"line":157,"column":4},"end":{"line":157,"column":53}},"36":{"start":{"line":160,"column":22},"end":{"line":165,"column":6}},"37":{"start":{"line":166,"column":4},"end":{"line":166,"column":37}},"38":{"start":{"line":169,"column":23},"end":{"line":174,"column":6}},"39":{"start":{"line":175,"column":4},"end":{"line":175,"column":39}},"40":{"start":{"line":178,"column":23},"end":{"line":183,"column":6}},"41":{"start":{"line":184,"column":4},"end":{"line":184,"column":39}},"42":{"start":{"line":187,"column":23},"end":{"line":192,"column":6}},"43":{"start":{"line":193,"column":4},"end":{"line":193,"column":39}},"44":{"start":{"line":196,"column":28},"end":{"line":202,"column":6}},"45":{"start":{"line":199,"column":38},"end":{"line":199,"column":54}},"46":{"start":{"line":203,"column":4},"end":{"line":203,"column":49}},"47":{"start":{"line":206,"column":27},"end":{"line":212,"column":6}},"48":{"start":{"line":213,"column":4},"end":{"line":213,"column":47}},"49":{"start":{"line":216,"column":26},"end":{"line":222,"column":6}},"50":{"start":{"line":223,"column":4},"end":{"line":223,"column":45}},"51":{"start":{"line":226,"column":20},"end":{"line":226,"column":25}},"52":{"start":{"line":229,"column":29},"end":{"line":239,"column":5}},"53":{"start":{"line":230,"column":6},"end":{"line":230,"column":63}},"54":{"start":{"line":230,"column":56},"end":{"line":230,"column":63}},"55":{"start":{"line":231,"column":6},"end":{"line":238,"column":7}},"56":{"start":{"line":232,"column":8},"end":{"line":232,"column":25}},"57":{"start":{"line":233,"column":8},"end":{"line":233,"column":64}},"58":{"start":{"line":237,"column":8},"end":{"line":237,"column":26}},"59":{"start":{"line":242,"column":29},"end":{"line":252,"column":5}},"60":{"start":{"line":243,"column":6},"end":{"line":243,"column":63}},"61":{"start":{"line":243,"column":56},"end":{"line":243,"column":63}},"62":{"start":{"line":244,"column":6},"end":{"line":251,"column":7}},"63":{"start":{"line":245,"column":8},"end":{"line":245,"column":25}},"64":{"start":{"line":246,"column":8},"end":{"line":246,"column":64}},"65":{"start":{"line":250,"column":8},"end":{"line":250,"column":26}},"66":{"start":{"line":254,"column":4},"end":{"line":254,"column":76}},"67":{"start":{"line":255,"column":4},"end":{"line":255,"column":76}},"68":{"start":{"line":258,"column":29},"end":{"line":258,"column":34}},"69":{"start":{"line":259,"column":29},"end":{"line":302,"column":5}},"70":{"start":{"line":261,"column":6},"end":{"line":277,"column":7}},"71":{"start":{"line":262,"column":24},"end":{"line":262,"column":42}},"72":{"start":{"line":263,"column":21},"end":{"line":263,"column":72}},"73":{"start":{"line":263,"column":53},"end":{"line":263,"column":71}},"74":{"start":{"line":264,"column":8},"end":{"line":274,"column":9}},"75":{"start":{"line":265,"column":10},"end":{"line":273,"column":13}},"76":{"start":{"line":276,"column":8},"end":{"line":276,"column":29}},"77":{"start":{"line":279,"column":6},"end":{"line":279,"column":37}},"78":{"start":{"line":279,"column":30},"end":{"line":279,"column":37}},"79":{"start":{"line":280,"column":6},"end":{"line":280,"column":30}},"80":{"start":{"line":280,"column":23},"end":{"line":280,"column":30}},"81":{"start":{"line":282,"column":19},"end":{"line":282,"column":29}},"82":{"start":{"line":283,"column":6},"end":{"line":301,"column":7}},"83":{"start":{"line":284,"column":8},"end":{"line":284,"column":34}},"84":{"start":{"line":286,"column":8},"end":{"line":296,"column":9}},"85":{"start":{"line":287,"column":10},"end":{"line":290,"column":20}},"86":{"start":{"line":291,"column":15},"end":{"line":296,"column":9}},"87":{"start":{"line":292,"column":10},"end":{"line":295,"column":20}},"88":{"start":{"line":300,"column":8},"end":{"line":300,"column":35}},"89":{"start":{"line":304,"column":4},"end":{"line":304,"column":55}},"90":{"start":{"line":305,"column":4},"end":{"line":305,"column":55}},"91":{"start":{"line":308,"column":25},"end":{"line":319,"column":5}},"92":{"start":{"line":309,"column":6},"end":{"line":313,"column":7}},"93":{"start":{"line":310,"column":8},"end":{"line":312,"column":11}},"94":{"start":{"line":314,"column":6},"end":{"line":318,"column":7}},"95":{"start":{"line":315,"column":8},"end":{"line":317,"column":11}},"96":{"start":{"line":321,"column":4},"end":{"line":321,"column":52}},"97":{"start":{"line":323,"column":4},"end":{"line":331,"column":6}},"98":{"start":{"line":324,"column":6},"end":{"line":324,"column":57}},"99":{"start":{"line":325,"column":6},"end":{"line":325,"column":80}},"100":{"start":{"line":326,"column":6},"end":{"line":326,"column":80}},"101":{"start":{"line":327,"column":6},"end":{"line":327,"column":59}},"102":{"start":{"line":328,"column":6},"end":{"line":328,"column":59}},"103":{"start":{"line":329,"column":6},"end":{"line":329,"column":25}},"104":{"start":{"line":330,"column":6},"end":{"line":330,"column":25}},"105":{"start":{"line":335,"column":2},"end":{"line":465,"column":27}},"106":{"start":{"line":336,"column":4},"end":{"line":339,"column":81}},"107":{"start":{"line":339,"column":74},"end":{"line":339,"column":81}},"108":{"start":{"line":342,"column":21},"end":{"line":342,"column":30}},"109":{"start":{"line":343,"column":4},"end":{"line":343,"column":44}},"110":{"start":{"line":344,"column":4},"end":{"line":344,"column":45}},"111":{"start":{"line":345,"column":4},"end":{"line":345,"column":45}},"112":{"start":{"line":346,"column":4},"end":{"line":346,"column":45}},"113":{"start":{"line":349,"column":4},"end":{"line":349,"column":39}},"114":{"start":{"line":352,"column":48},"end":{"line":358,"column":7}},"115":{"start":{"line":352,"column":72},"end":{"line":358,"column":5}},"116":{"start":{"line":361,"column":44},"end":{"line":365,"column":7}},"117":{"start":{"line":361,"column":68},"end":{"line":365,"column":5}},"118":{"start":{"line":368,"column":39},"end":{"line":373,"column":9}},"119":{"start":{"line":369,"column":22},"end":{"line":369,"column":77}},"120":{"start":{"line":370,"column":20},"end":{"line":373,"column":7}},"121":{"start":{"line":376,"column":38},"end":{"line":381,"column":9}},"122":{"start":{"line":377,"column":22},"end":{"line":377,"column":75}},"123":{"start":{"line":378,"column":20},"end":{"line":381,"column":7}},"124":{"start":{"line":384,"column":38},"end":{"line":389,"column":9}},"125":{"start":{"line":385,"column":22},"end":{"line":385,"column":65}},"126":{"start":{"line":386,"column":20},"end":{"line":389,"column":7}},"127":{"start":{"line":392,"column":39},"end":{"line":397,"column":9}},"128":{"start":{"line":393,"column":22},"end":{"line":393,"column":67}},"129":{"start":{"line":394,"column":20},"end":{"line":397,"column":7}},"130":{"start":{"line":400,"column":39},"end":{"line":405,"column":9}},"131":{"start":{"line":401,"column":22},"end":{"line":401,"column":67}},"132":{"start":{"line":402,"column":20},"end":{"line":405,"column":7}},"133":{"start":{"line":408,"column":39},"end":{"line":413,"column":9}},"134":{"start":{"line":409,"column":22},"end":{"line":409,"column":67}},"135":{"start":{"line":410,"column":20},"end":{"line":413,"column":7}},"136":{"start":{"line":415,"column":4},"end":{"line":415,"column":53}},"137":{"start":{"line":416,"column":4},"end":{"line":416,"column":49}},"138":{"start":{"line":417,"column":4},"end":{"line":417,"column":48}},"139":{"start":{"line":418,"column":4},"end":{"line":418,"column":46}},"140":{"start":{"line":419,"column":4},"end":{"line":419,"column":42}},"141":{"start":{"line":420,"column":4},"end":{"line":420,"column":44}},"142":{"start":{"line":421,"column":4},"end":{"line":421,"column":44}},"143":{"start":{"line":422,"column":4},"end":{"line":422,"column":44}},"144":{"start":{"line":425,"column":4},"end":{"line":459,"column":5}},"145":{"start":{"line":426,"column":44},"end":{"line":447,"column":75}},"146":{"start":{"line":427,"column":21},"end":{"line":427,"column":31}},"147":{"start":{"line":429,"column":24},"end":{"line":429,"column":66}},"148":{"start":{"line":430,"column":26},"end":{"line":430,"column":46}},"149":{"start":{"line":432,"column":10},"end":{"line":438,"column":11}},"150":{"start":{"line":433,"column":12},"end":{"line":433,"column":30}},"151":{"start":{"line":434,"column":17},"end":{"line":438,"column":11}},"152":{"start":{"line":435,"column":12},"end":{"line":435,"column":30}},"153":{"start":{"line":437,"column":12},"end":{"line":437,"column":30}},"154":{"start":{"line":439,"column":10},"end":{"line":445,"column":12}},"155":{"start":{"line":447,"column":24},"end":{"line":447,"column":74}},"156":{"start":{"line":450,"column":6},"end":{"line":452,"column":7}},"157":{"start":{"line":451,"column":8},"end":{"line":451,"column":42}},"158":{"start":{"line":453,"column":6},"end":{"line":453,"column":92}},"159":{"start":{"line":456,"column":6},"end":{"line":458,"column":7}},"160":{"start":{"line":457,"column":8},"end":{"line":457,"column":48}},"161":{"start":{"line":462,"column":4},"end":{"line":464,"column":5}},"162":{"start":{"line":463,"column":6},"end":{"line":463,"column":52}},"163":{"start":{"line":467,"column":2},"end":{"line":481,"column":3}},"164":{"start":{"line":468,"column":4},"end":{"line":480,"column":6}},"165":{"start":{"line":483,"column":2},"end":{"line":519,"column":4}}},"fnMap":{"0":{"name":"(anonymous_0)","decl":{"start":{"line":31,"column":46},"end":{"line":31,"column":47}},"loc":{"start":{"line":31,"column":88},"end":{"line":520,"column":1}},"line":31},"1":{"name":"(anonymous_1)","decl":{"start":{"line":55,"column":22},"end":{"line":55,"column":23}},"loc":{"start":{"line":55,"column":74},"end":{"line":64,"column":3}},"line":55},"2":{"name":"(anonymous_2)","decl":{"start":{"line":56,"column":20},"end":{"line":56,"column":21}},"loc":{"start":{"line":56,"column":35},"end":{"line":63,"column":5}},"line":56},"3":{"name":"(anonymous_3)","decl":{"start":{"line":66,"column":12},"end":{"line":66,"column":13}},"loc":{"start":{"line":66,"column":18},"end":{"line":332,"column":3}},"line":66},"4":{"name":"(anonymous_4)","decl":{"start":{"line":199,"column":19},"end":{"line":199,"column":20}},"loc":{"start":{"line":199,"column":38},"end":{"line":199,"column":54}},"line":199},"5":{"name":"(anonymous_5)","decl":{"start":{"line":229,"column":29},"end":{"line":229,"column":30}},"loc":{"start":{"line":229,"column":45},"end":{"line":239,"column":5}},"line":229},"6":{"name":"(anonymous_6)","decl":{"start":{"line":242,"column":29},"end":{"line":242,"column":30}},"loc":{"start":{"line":242,"column":45},"end":{"line":252,"column":5}},"line":242},"7":{"name":"(anonymous_7)","decl":{"start":{"line":259,"column":29},"end":{"line":259,"column":30}},"loc":{"start":{"line":259,"column":45},"end":{"line":302,"column":5}},"line":259},"8":{"name":"(anonymous_8)","decl":{"start":{"line":263,"column":48},"end":{"line":263,"column":49}},"loc":{"start":{"line":263,"column":53},"end":{"line":263,"column":71}},"line":263},"9":{"name":"(anonymous_9)","decl":{"start":{"line":308,"column":25},"end":{"line":308,"column":26}},"loc":{"start":{"line":308,"column":31},"end":{"line":319,"column":5}},"line":308},"10":{"name":"(anonymous_10)","decl":{"start":{"line":323,"column":11},"end":{"line":323,"column":12}},"loc":{"start":{"line":323,"column":17},"end":{"line":331,"column":5}},"line":323},"11":{"name":"(anonymous_11)","decl":{"start":{"line":335,"column":12},"end":{"line":335,"column":13}},"loc":{"start":{"line":335,"column":18},"end":{"line":465,"column":3}},"line":335},"12":{"name":"(anonymous_12)","decl":{"start":{"line":352,"column":63},"end":{"line":352,"column":64}},"loc":{"start":{"line":352,"column":72},"end":{"line":358,"column":5}},"line":352},"13":{"name":"(anonymous_13)","decl":{"start":{"line":361,"column":59},"end":{"line":361,"column":60}},"loc":{"start":{"line":361,"column":68},"end":{"line":365,"column":5}},"line":361},"14":{"name":"(anonymous_14)","decl":{"start":{"line":369,"column":14},"end":{"line":369,"column":15}},"loc":{"start":{"line":369,"column":22},"end":{"line":369,"column":77}},"line":369},"15":{"name":"(anonymous_15)","decl":{"start":{"line":370,"column":11},"end":{"line":370,"column":12}},"loc":{"start":{"line":370,"column":20},"end":{"line":373,"column":7}},"line":370},"16":{"name":"(anonymous_16)","decl":{"start":{"line":377,"column":14},"end":{"line":377,"column":15}},"loc":{"start":{"line":377,"column":22},"end":{"line":377,"column":75}},"line":377},"17":{"name":"(anonymous_17)","decl":{"start":{"line":378,"column":11},"end":{"line":378,"column":12}},"loc":{"start":{"line":378,"column":20},"end":{"line":381,"column":7}},"line":378},"18":{"name":"(anonymous_18)","decl":{"start":{"line":385,"column":14},"end":{"line":385,"column":15}},"loc":{"start":{"line":385,"column":22},"end":{"line":385,"column":65}},"line":385},"19":{"name":"(anonymous_19)","decl":{"start":{"line":386,"column":11},"end":{"line":386,"column":12}},"loc":{"start":{"line":386,"column":20},"end":{"line":389,"column":7}},"line":386},"20":{"name":"(anonymous_20)","decl":{"start":{"line":393,"column":14},"end":{"line":393,"column":15}},"loc":{"start":{"line":393,"column":22},"end":{"line":393,"column":67}},"line":393},"21":{"name":"(anonymous_21)","decl":{"start":{"line":394,"column":11},"end":{"line":394,"column":12}},"loc":{"start":{"line":394,"column":20},"end":{"line":397,"column":7}},"line":394},"22":{"name":"(anonymous_22)","decl":{"start":{"line":401,"column":14},"end":{"line":401,"column":15}},"loc":{"start":{"line":401,"column":22},"end":{"line":401,"column":67}},"line":401},"23":{"name":"(anonymous_23)","decl":{"start":{"line":402,"column":11},"end":{"line":402,"column":12}},"loc":{"start":{"line":402,"column":20},"end":{"line":405,"column":7}},"line":402},"24":{"name":"(anonymous_24)","decl":{"start":{"line":409,"column":14},"end":{"line":409,"column":15}},"loc":{"start":{"line":409,"column":22},"end":{"line":409,"column":67}},"line":409},"25":{"name":"(anonymous_25)","decl":{"start":{"line":410,"column":11},"end":{"line":410,"column":12}},"loc":{"start":{"line":410,"column":20},"end":{"line":413,"column":7}},"line":410},"26":{"name":"(anonymous_26)","decl":{"start":{"line":427,"column":16},"end":{"line":427,"column":17}},"loc":{"start":{"line":427,"column":21},"end":{"line":427,"column":31}},"line":427},"27":{"name":"(anonymous_27)","decl":{"start":{"line":428,"column":13},"end":{"line":428,"column":14}},"loc":{"start":{"line":428,"column":18},"end":{"line":446,"column":9}},"line":428},"28":{"name":"(anonymous_28)","decl":{"start":{"line":447,"column":14},"end":{"line":447,"column":15}},"loc":{"start":{"line":447,"column":24},"end":{"line":447,"column":74}},"line":447}},"branchMap":{"0":{"loc":{"start":{"line":57,"column":6},"end":{"line":57,"column":47}},"type":"if","locations":[{"start":{"line":57,"column":6},"end":{"line":57,"column":47}},{"start":{},"end":{}}],"line":57},"1":{"loc":{"start":{"line":67,"column":4},"end":{"line":67,"column":81}},"type":"if","locations":[{"start":{"line":67,"column":4},"end":{"line":67,"column":81}},{"start":{},"end":{}}],"line":67},"2":{"loc":{"start":{"line":67,"column":8},"end":{"line":67,"column":72}},"type":"binary-expr","locations":[{"start":{"line":67,"column":8},"end":{"line":67,"column":38}},{"start":{"line":67,"column":42},"end":{"line":67,"column":72}}],"line":67},"3":{"loc":{"start":{"line":230,"column":6},"end":{"line":230,"column":63}},"type":"if","locations":[{"start":{"line":230,"column":6},"end":{"line":230,"column":63}},{"start":{},"end":{}}],"line":230},"4":{"loc":{"start":{"line":230,"column":10},"end":{"line":230,"column":54}},"type":"binary-expr","locations":[{"start":{"line":230,"column":10},"end":{"line":230,"column":19}},{"start":{"line":230,"column":23},"end":{"line":230,"column":29}},{"start":{"line":230,"column":33},"end":{"line":230,"column":54}}],"line":230},"5":{"loc":{"start":{"line":243,"column":6},"end":{"line":243,"column":63}},"type":"if","locations":[{"start":{"line":243,"column":6},"end":{"line":243,"column":63}},{"start":{},"end":{}}],"line":243},"6":{"loc":{"start":{"line":243,"column":10},"end":{"line":243,"column":54}},"type":"binary-expr","locations":[{"start":{"line":243,"column":10},"end":{"line":243,"column":19}},{"start":{"line":243,"column":23},"end":{"line":243,"column":29}},{"start":{"line":243,"column":33},"end":{"line":243,"column":54}}],"line":243},"7":{"loc":{"start":{"line":261,"column":6},"end":{"line":277,"column":7}},"type":"if","locations":[{"start":{"line":261,"column":6},"end":{"line":277,"column":7}},{"start":{"line":275,"column":13},"end":{"line":277,"column":7}}],"line":261},"8":{"loc":{"start":{"line":264,"column":8},"end":{"line":274,"column":9}},"type":"if","locations":[{"start":{"line":264,"column":8},"end":{"line":274,"column":9}},{"start":{},"end":{}}],"line":264},"9":{"loc":{"start":{"line":279,"column":6},"end":{"line":279,"column":37}},"type":"if","locations":[{"start":{"line":279,"column":6},"end":{"line":279,"column":37}},{"start":{},"end":{}}],"line":279},"10":{"loc":{"start":{"line":280,"column":6},"end":{"line":280,"column":30}},"type":"if","locations":[{"start":{"line":280,"column":6},"end":{"line":280,"column":30}},{"start":{},"end":{}}],"line":280},"11":{"loc":{"start":{"line":286,"column":8},"end":{"line":296,"column":9}},"type":"if","locations":[{"start":{"line":286,"column":8},"end":{"line":296,"column":9}},{"start":{"line":291,"column":15},"end":{"line":296,"column":9}}],"line":286},"12":{"loc":{"start":{"line":286,"column":12},"end":{"line":286,"column":61}},"type":"binary-expr","locations":[{"start":{"line":286,"column":12},"end":{"line":286,"column":37}},{"start":{"line":286,"column":41},"end":{"line":286,"column":61}}],"line":286},"13":{"loc":{"start":{"line":291,"column":15},"end":{"line":296,"column":9}},"type":"if","locations":[{"start":{"line":291,"column":15},"end":{"line":296,"column":9}},{"start":{},"end":{}}],"line":291},"14":{"loc":{"start":{"line":291,"column":19},"end":{"line":291,"column":68}},"type":"binary-expr","locations":[{"start":{"line":291,"column":19},"end":{"line":291,"column":44}},{"start":{"line":291,"column":48},"end":{"line":291,"column":68}}],"line":291},"15":{"loc":{"start":{"line":309,"column":6},"end":{"line":313,"column":7}},"type":"if","locations":[{"start":{"line":309,"column":6},"end":{"line":313,"column":7}},{"start":{},"end":{}}],"line":309},"16":{"loc":{"start":{"line":309,"column":10},"end":{"line":309,"column":63}},"type":"binary-expr","locations":[{"start":{"line":309,"column":10},"end":{"line":309,"column":39}},{"start":{"line":309,"column":43},"end":{"line":309,"column":63}}],"line":309},"17":{"loc":{"start":{"line":314,"column":6},"end":{"line":318,"column":7}},"type":"if","locations":[{"start":{"line":314,"column":6},"end":{"line":318,"column":7}},{"start":{},"end":{}}],"line":314},"18":{"loc":{"start":{"line":314,"column":10},"end":{"line":314,"column":63}},"type":"binary-expr","locations":[{"start":{"line":314,"column":10},"end":{"line":314,"column":39}},{"start":{"line":314,"column":43},"end":{"line":314,"column":63}}],"line":314},"19":{"loc":{"start":{"line":336,"column":4},"end":{"line":339,"column":81}},"type":"if","locations":[{"start":{"line":336,"column":4},"end":{"line":339,"column":81}},{"start":{},"end":{}}],"line":336},"20":{"loc":{"start":{"line":336,"column":8},"end":{"line":339,"column":72}},"type":"binary-expr","locations":[{"start":{"line":336,"column":8},"end":{"line":336,"column":37}},{"start":{"line":336,"column":41},"end":{"line":336,"column":68}},{"start":{"line":337,"column":8},"end":{"line":337,"column":34}},{"start":{"line":337,"column":38},"end":{"line":337,"column":63}},{"start":{"line":338,"column":8},"end":{"line":338,"column":29}},{"start":{"line":338,"column":33},"end":{"line":338,"column":55}},{"start":{"line":339,"column":8},"end":{"line":339,"column":30}},{"start":{"line":339,"column":34},"end":{"line":339,"column":56}},{"start":{"line":339,"column":60},"end":{"line":339,"column":72}}],"line":336},"21":{"loc":{"start":{"line":363,"column":13},"end":{"line":363,"column":32}},"type":"binary-expr","locations":[{"start":{"line":363,"column":13},"end":{"line":363,"column":27}},{"start":{"line":363,"column":31},"end":{"line":363,"column":32}}],"line":363},"22":{"loc":{"start":{"line":364,"column":13},"end":{"line":364,"column":63}},"type":"cond-expr","locations":[{"start":{"line":364,"column":42},"end":{"line":364,"column":51}},{"start":{"line":364,"column":54},"end":{"line":364,"column":63}}],"line":364},"23":{"loc":{"start":{"line":364,"column":14},"end":{"line":364,"column":33}},"type":"binary-expr","locations":[{"start":{"line":364,"column":14},"end":{"line":364,"column":28}},{"start":{"line":364,"column":32},"end":{"line":364,"column":33}}],"line":364},"24":{"loc":{"start":{"line":369,"column":22},"end":{"line":369,"column":77}},"type":"binary-expr","locations":[{"start":{"line":369,"column":22},"end":{"line":369,"column":50}},{"start":{"line":369,"column":54},"end":{"line":369,"column":77}}],"line":369},"25":{"loc":{"start":{"line":377,"column":22},"end":{"line":377,"column":75}},"type":"binary-expr","locations":[{"start":{"line":377,"column":22},"end":{"line":377,"column":49}},{"start":{"line":377,"column":53},"end":{"line":377,"column":75}}],"line":377},"26":{"loc":{"start":{"line":385,"column":22},"end":{"line":385,"column":65}},"type":"binary-expr","locations":[{"start":{"line":385,"column":22},"end":{"line":385,"column":44}},{"start":{"line":385,"column":48},"end":{"line":385,"column":65}}],"line":385},"27":{"loc":{"start":{"line":393,"column":22},"end":{"line":393,"column":67}},"type":"binary-expr","locations":[{"start":{"line":393,"column":22},"end":{"line":393,"column":45}},{"start":{"line":393,"column":49},"end":{"line":393,"column":67}}],"line":393},"28":{"loc":{"start":{"line":401,"column":22},"end":{"line":401,"column":67}},"type":"binary-expr","locations":[{"start":{"line":401,"column":22},"end":{"line":401,"column":45}},{"start":{"line":401,"column":49},"end":{"line":401,"column":67}}],"line":401},"29":{"loc":{"start":{"line":409,"column":22},"end":{"line":409,"column":67}},"type":"binary-expr","locations":[{"start":{"line":409,"column":22},"end":{"line":409,"column":45}},{"start":{"line":409,"column":49},"end":{"line":409,"column":67}}],"line":409},"30":{"loc":{"start":{"line":425,"column":4},"end":{"line":459,"column":5}},"type":"if","locations":[{"start":{"line":425,"column":4},"end":{"line":459,"column":5}},{"start":{"line":454,"column":11},"end":{"line":459,"column":5}}],"line":425},"31":{"loc":{"start":{"line":425,"column":8},"end":{"line":425,"column":79}},"type":"binary-expr","locations":[{"start":{"line":425,"column":8},"end":{"line":425,"column":20}},{"start":{"line":425,"column":24},"end":{"line":425,"column":47}},{"start":{"line":425,"column":51},"end":{"line":425,"column":79}}],"line":425},"32":{"loc":{"start":{"line":429,"column":24},"end":{"line":429,"column":66}},"type":"binary-expr","locations":[{"start":{"line":429,"column":24},"end":{"line":429,"column":44}},{"start":{"line":429,"column":48},"end":{"line":429,"column":66}}],"line":429},"33":{"loc":{"start":{"line":432,"column":10},"end":{"line":438,"column":11}},"type":"if","locations":[{"start":{"line":432,"column":10},"end":{"line":438,"column":11}},{"start":{"line":434,"column":17},"end":{"line":438,"column":11}}],"line":432},"34":{"loc":{"start":{"line":434,"column":17},"end":{"line":438,"column":11}},"type":"if","locations":[{"start":{"line":434,"column":17},"end":{"line":438,"column":11}},{"start":{"line":436,"column":17},"end":{"line":438,"column":11}}],"line":434},"35":{"loc":{"start":{"line":441,"column":22},"end":{"line":441,"column":71}},"type":"cond-expr","locations":[{"start":{"line":441,"column":30},"end":{"line":441,"column":49}},{"start":{"line":441,"column":52},"end":{"line":441,"column":71}}],"line":441},"36":{"loc":{"start":{"line":443,"column":19},"end":{"line":443,"column":68}},"type":"cond-expr","locations":[{"start":{"line":443,"column":27},"end":{"line":443,"column":45}},{"start":{"line":443,"column":48},"end":{"line":443,"column":68}}],"line":443},"37":{"loc":{"start":{"line":450,"column":6},"end":{"line":452,"column":7}},"type":"if","locations":[{"start":{"line":450,"column":6},"end":{"line":452,"column":7}},{"start":{},"end":{}}],"line":450},"38":{"loc":{"start":{"line":456,"column":6},"end":{"line":458,"column":7}},"type":"if","locations":[{"start":{"line":456,"column":6},"end":{"line":458,"column":7}},{"start":{},"end":{}}],"line":456},"39":{"loc":{"start":{"line":462,"column":4},"end":{"line":464,"column":5}},"type":"if","locations":[{"start":{"line":462,"column":4},"end":{"line":464,"column":5}},{"start":{},"end":{}}],"line":462},"40":{"loc":{"start":{"line":467,"column":2},"end":{"line":481,"column":3}},"type":"if","locations":[{"start":{"line":467,"column":2},"end":{"line":481,"column":3}},{"start":{},"end":{}}],"line":467},"41":{"loc":{"start":{"line":487,"column":11},"end":{"line":496,"column":11}},"type":"cond-expr","locations":[{"start":{"line":488,"column":12},"end":{"line":493,"column":15}},{"start":{"line":495,"column":12},"end":{"line":495,"column":44}}],"line":487},"42":{"loc":{"start":{"line":507,"column":11},"end":{"line":515,"column":11}},"type":"cond-expr","locations":[{"start":{"line":508,"column":12},"end":{"line":512,"column":15}},{"start":{"line":514,"column":12},"end":{"line":514,"column":33}}],"line":507}},"s":{"0":0,"1":0,"2":0,"3":0,"4":0,"5":0,"6":0,"7":0,"8":0,"9":0,"10":0,"11":0,"12":0,"13":0,"14":0,"15":0,"16":0,"17":0,"18":0,"19":0,"20":0,"21":0,"22":0,"23":0,"24":0,"25":0,"26":0,"27":0,"28":0,"29":0,"30":0,"31":0,"32":0,"33":0,"34":0,"35":0,"36":0,"37":0,"38":0,"39":0,"40":0,"41":0,"42":0,"43":0,"44":0,"45":0,"46":0,"47":0,"48":0,"49":0,"50":0,"51":0,"52":0,"53":0,"54":0,"55":0,"56":0,"57":0,"58":0,"59":0,"60":0,"61":0,"62":0,"63":0,"64":0,"65":0,"66":0,"67":0,"68":0,"69":0,"70":0,"71":0,"72":0,"73":0,"74":0,"75":0,"76":0,"77":0,"78":0,"79":0,"80":0,"81":0,"82":0,"83":0,"84":0,"85":0,"86":0,"87":0,"88":0,"89":0,"90":0,"91":0,"92":0,"93":0,"94":0,"95":0,"96":0,"97":0,"98":0,"99":0,"100":0,"101":0,"102":0,"103":0,"104":0,"105":0,"106":0,"107":0,"108":0,"109":0,"110":0,"111":0,"112":0,"113":0,"114":0,"115":0,"116":0,"117":0,"118":0,"119":0,"120":0,"121":0,"122":0,"123":0,"124":0,"125":0,"126":0,"127":0,"128":0,"129":0,"130":0,"131":0,"132":0,"133":0,"134":0,"135":0,"136":0,"137":0,"138":0,"139":0,"140":0,"141":0,"142":0,"143":0,"144":0,"145":0,"146":0,"147":0,"148":0,"149":0,"150":0,"151":0,"152":0,"153":0,"154":0,"155":0,"156":0,"157":0,"158":0,"159":0,"160":0,"161":0,"162":0,"163":0,"164":0,"165":0},"f":{"0":0,"1":0,"2":0,"3":0,"4":0,"5":0,"6":0,"7":0,"8":0,"9":0,"10":0,"11":0,"12":0,"13":0,"14":0,"15":0,"16":0,"17":0,"18":0,"19":0,"20":0,"21":0,"22":0,"23":0,"24":0,"25":0,"26":0,"27":0,"28":0},"b":{"0":[0,0],"1":[0,0],"2":[0,0],"3":[0,0],"4":[0,0,0],"5":[0,0],"6":[0,0,0],"7":[0,0],"8":[0,0],"9":[0,0],"10":[0,0],"11":[0,0],"12":[0,0],"13":[0,0],"14":[0,0],"15":[0,0],"16":[0,0],"17":[0,0],"18":[0,0],"19":[0,0],"20":[0,0,0,0,0,0,0,0,0],"21":[0,0],"22":[0,0],"23":[0,0],"24":[0,0],"25":[0,0],"26":[0,0],"27":[0,0],"28":[0,0],"29":[0,0],"30":[0,0],"31":[0,0,0],"32":[0,0],"33":[0,0],"34":[0,0],"35":[0,0],"36":[0,0],"37":[0,0],"38":[0,0],"39":[0,0],"40":[0,0],"41":[0,0],"42":[0,0]}}
,"/home/eeric/code/pytrading/frontend/src/pages/BacktestManager.tsx": {"path":"/home/eeric/code/pytrading/frontend/src/pages/BacktestManager.tsx","statementMap":{"0":{"start":{"line":53,"column":0},"end":{"line":53,"column":23}},"1":{"start":{"line":55,"column":29},"end":{"line":55,"column":35}},"2":{"start":{"line":56,"column":24},"end":{"line":56,"column":34}},"3":{"start":{"line":57,"column":17},"end":{"line":57,"column":27}},"4":{"start":{"line":60,"column":22},"end":{"line":66,"column":1}},"5":{"start":{"line":86,"column":34},"end":{"line":991,"column":1}},"6":{"start":{"line":87,"column":17},"end":{"line":87,"column":31}},"7":{"start":{"line":88,"column":32},"end":{"line":88,"column":47}},"8":{"start":{"line":89,"column":38},"end":{"line":89,"column":62}},"9":{"start":{"line":91,"column":32},"end":{"line":91,"column":54}},"10":{"start":{"line":92,"column":56},"end":{"line":92,"column":102}},"11":{"start":{"line":93,"column":44},"end":{"line":93,"column":76}},"12":{"start":{"line":94,"column":36},"end":{"line":94,"column":47}},"13":{"start":{"line":95,"column":34},"end":{"line":95,"column":45}},"14":{"start":{"line":96,"column":42},"end":{"line":96,"column":54}},"15":{"start":{"line":97,"column":54},"end":{"line":97,"column":69}},"16":{"start":{"line":98,"column":50},"end":{"line":98,"column":81}},"17":{"start":{"line":99,"column":42},"end":{"line":99,"column":81}},"18":{"start":{"line":100,"column":56},"end":{"line":100,"column":71}},"19":{"start":{"line":101,"column":48},"end":{"line":101,"column":63}},"20":{"start":{"line":102,"column":42},"end":{"line":102,"column":80}},"21":{"start":{"line":103,"column":42},"end":{"line":103,"column":57}},"22":{"start":{"line":104,"column":46},"end":{"line":104,"column":61}},"23":{"start":{"line":105,"column":27},"end":{"line":105,"column":45}},"24":{"start":{"line":106,"column":48},"end":{"line":106,"column":73}},"25":{"start":{"line":107,"column":46},"end":{"line":107,"column":92}},"26":{"start":{"line":108,"column":48},"end":{"line":108,"column":84}},"27":{"start":{"line":110,"column":38},"end":{"line":110,"column":58}},"28":{"start":{"line":113,"column":22},"end":{"line":119,"column":3}},"29":{"start":{"line":114,"column":50},"end":{"line":114,"column":87}},"30":{"start":{"line":115,"column":50},"end":{"line":115,"column":89}},"31":{"start":{"line":116,"column":50},"end":{"line":116,"column":89}},"32":{"start":{"line":117,"column":50},"end":{"line":117,"column":88}},"33":{"start":{"line":118,"column":50},"end":{"line":118,"column":88}},"34":{"start":{"line":123,"column":33},"end":{"line":130,"column":3}},"35":{"start":{"line":124,"column":4},"end":{"line":124,"column":31}},"36":{"start":{"line":125,"column":19},"end":{"line":125,"column":65}},"37":{"start":{"line":125,"column":41},"end":{"line":125,"column":64}},"38":{"start":{"line":126,"column":4},"end":{"line":129,"column":5}},"39":{"start":{"line":127,"column":27},"end":{"line":127,"column":44}},"40":{"start":{"line":128,"column":6},"end":{"line":128,"column":55}},"41":{"start":{"line":133,"column":28},"end":{"line":138,"column":4}},"42":{"start":{"line":140,"column":2},"end":{"line":142,"column":9}},"43":{"start":{"line":141,"column":4},"end":{"line":141,"column":23}},"44":{"start":{"line":145,"column":2},"end":{"line":155,"column":33}},"45":{"start":{"line":146,"column":20},"end":{"line":146,"column":76}},"46":{"start":{"line":146,"column":46},"end":{"line":146,"column":68}},"47":{"start":{"line":147,"column":22},"end":{"line":147,"column":80}},"48":{"start":{"line":147,"column":48},"end":{"line":147,"column":72}},"49":{"start":{"line":148,"column":19},"end":{"line":148,"column":74}},"50":{"start":{"line":148,"column":45},"end":{"line":148,"column":66}},"51":{"start":{"line":149,"column":4},"end":{"line":154,"column":7}},"52":{"start":{"line":157,"column":27},"end":{"line":171,"column":3}},"53":{"start":{"line":158,"column":4},"end":{"line":170,"column":5}},"54":{"start":{"line":159,"column":6},"end":{"line":159,"column":23}},"55":{"start":{"line":160,"column":42},"end":{"line":163,"column":8}},"56":{"start":{"line":164,"column":6},"end":{"line":164,"column":40}},"57":{"start":{"line":165,"column":6},"end":{"line":165,"column":34}},"58":{"start":{"line":167,"column":6},"end":{"line":167,"column":30}},"59":{"start":{"line":169,"column":6},"end":{"line":169,"column":24}},"60":{"start":{"line":173,"column":35},"end":{"line":181,"column":3}},"61":{"start":{"line":174,"column":4},"end":{"line":180,"column":5}},"62":{"start":{"line":175,"column":23},"end":{"line":175,"column":64}},"63":{"start":{"line":176,"column":6},"end":{"line":176,"column":44}},"64":{"start":{"line":178,"column":6},"end":{"line":178,"column":43}},"65":{"start":{"line":179,"column":6},"end":{"line":179,"column":35}},"66":{"start":{"line":183,"column":29},"end":{"line":197,"column":30}},"67":{"start":{"line":184,"column":4},"end":{"line":196,"column":5}},"68":{"start":{"line":185,"column":6},"end":{"line":185,"column":23}},"69":{"start":{"line":186,"column":23},"end":{"line":189,"column":8}},"70":{"start":{"line":190,"column":6},"end":{"line":190,"column":38}},"71":{"start":{"line":191,"column":6},"end":{"line":191,"column":35}},"72":{"start":{"line":193,"column":6},"end":{"line":193,"column":34}},"73":{"start":{"line":195,"column":6},"end":{"line":195,"column":24}},"74":{"start":{"line":199,"column":2},"end":{"line":201,"column":27}},"75":{"start":{"line":200,"column":4},"end":{"line":200,"column":25}},"76":{"start":{"line":203,"column":27},"end":{"line":205,"column":3}},"77":{"start":{"line":204,"column":4},"end":{"line":204,"column":36}},"78":{"start":{"line":207,"column":32},"end":{"line":224,"column":3}},"79":{"start":{"line":208,"column":4},"end":{"line":208,"column":32}},"80":{"start":{"line":209,"column":4},"end":{"line":209,"column":31}},"81":{"start":{"line":211,"column":31},"end":{"line":211,"column":73}},"82":{"start":{"line":212,"column":4},"end":{"line":223,"column":5}},"83":{"start":{"line":213,"column":6},"end":{"line":222,"column":7}},"84":{"start":{"line":214,"column":23},"end":{"line":214,"column":53}},"85":{"start":{"line":215,"column":8},"end":{"line":219,"column":11}},"86":{"start":{"line":221,"column":8},"end":{"line":221,"column":44}},"87":{"start":{"line":226,"column":30},"end":{"line":266,"column":3}},"88":{"start":{"line":227,"column":4},"end":{"line":265,"column":5}},"89":{"start":{"line":228,"column":6},"end":{"line":228,"column":23}},"90":{"start":{"line":230,"column":37},"end":{"line":236,"column":7}},"91":{"start":{"line":238,"column":6},"end":{"line":242,"column":7}},"92":{"start":{"line":239,"column":8},"end":{"line":239,"column":91}},"93":{"start":{"line":241,"column":8},"end":{"line":241,"column":50}},"94":{"start":{"line":244,"column":27},"end":{"line":251,"column":7}},"95":{"start":{"line":252,"column":6},"end":{"line":252,"column":79}},"96":{"start":{"line":254,"column":23},"end":{"line":254,"column":61}},"97":{"start":{"line":255,"column":6},"end":{"line":255,"column":53}},"98":{"start":{"line":257,"column":6},"end":{"line":257,"column":35}},"99":{"start":{"line":258,"column":6},"end":{"line":258,"column":25}},"100":{"start":{"line":259,"column":6},"end":{"line":259,"column":32}},"101":{"start":{"line":260,"column":6},"end":{"line":260,"column":27}},"102":{"start":{"line":262,"column":6},"end":{"line":262,"column":65}},"103":{"start":{"line":264,"column":6},"end":{"line":264,"column":24}},"104":{"start":{"line":268,"column":27},"end":{"line":276,"column":3}},"105":{"start":{"line":269,"column":4},"end":{"line":275,"column":5}},"106":{"start":{"line":270,"column":6},"end":{"line":270,"column":42}},"107":{"start":{"line":271,"column":6},"end":{"line":271,"column":31}},"108":{"start":{"line":272,"column":6},"end":{"line":272,"column":27}},"109":{"start":{"line":274,"column":6},"end":{"line":274,"column":63}},"110":{"start":{"line":278,"column":29},"end":{"line":281,"column":3}},"111":{"start":{"line":279,"column":4},"end":{"line":279,"column":34}},"112":{"start":{"line":280,"column":4},"end":{"line":280,"column":33}},"113":{"start":{"line":283,"column":25},"end":{"line":286,"column":3}},"114":{"start":{"line":284,"column":4},"end":{"line":284,"column":26}},"115":{"start":{"line":285,"column":4},"end":{"line":285,"column":29}},"116":{"start":{"line":288,"column":27},"end":{"line":300,"column":3}},"117":{"start":{"line":289,"column":4},"end":{"line":289,"column":56}},"118":{"start":{"line":289,"column":49},"end":{"line":289,"column":56}},"119":{"start":{"line":290,"column":4},"end":{"line":299,"column":5}},"120":{"start":{"line":291,"column":23},"end":{"line":291,"column":62}},"121":{"start":{"line":292,"column":6},"end":{"line":295,"column":10}},"122":{"start":{"line":292,"column":33},"end":{"line":295,"column":7}},"123":{"start":{"line":297,"column":6},"end":{"line":297,"column":40}},"124":{"start":{"line":298,"column":6},"end":{"line":298,"column":61}},"125":{"start":{"line":298,"column":33},"end":{"line":298,"column":58}},"126":{"start":{"line":302,"column":23},"end":{"line":310,"column":3}},"127":{"start":{"line":303,"column":4},"end":{"line":309,"column":5}},"128":{"start":{"line":305,"column":6},"end":{"line":305,"column":45}},"129":{"start":{"line":306,"column":6},"end":{"line":306,"column":55}},"130":{"start":{"line":306,"column":33},"end":{"line":306,"column":53}},"131":{"start":{"line":308,"column":6},"end":{"line":308,"column":72}},"132":{"start":{"line":308,"column":33},"end":{"line":308,"column":70}},"133":{"start":{"line":308,"column":52},"end":{"line":308,"column":69}},"134":{"start":{"line":313,"column":22},"end":{"line":507,"column":3}},"135":{"start":{"line":319,"column":63},"end":{"line":319,"column":104}},"136":{"start":{"line":327,"column":8},"end":{"line":329,"column":18}},"137":{"start":{"line":339,"column":8},"end":{"line":344,"column":10}},"138":{"start":{"line":343,"column":25},"end":{"line":343,"column":91}},"139":{"start":{"line":354,"column":23},"end":{"line":354,"column":69}},"140":{"start":{"line":355,"column":8},"end":{"line":359,"column":10}},"141":{"start":{"line":368,"column":8},"end":{"line":385,"column":14}},"142":{"start":{"line":373,"column":33},"end":{"line":373,"column":97}},"143":{"start":{"line":393,"column":32},"end":{"line":393,"column":81}},"144":{"start":{"line":402,"column":8},"end":{"line":402,"column":52}},"145":{"start":{"line":402,"column":41},"end":{"line":402,"column":52}},"146":{"start":{"line":403,"column":8},"end":{"line":403,"column":41}},"147":{"start":{"line":403,"column":30},"end":{"line":403,"column":41}},"148":{"start":{"line":404,"column":24},"end":{"line":406,"column":20}},"149":{"start":{"line":407,"column":8},"end":{"line":407,"column":47}},"150":{"start":{"line":407,"column":26},"end":{"line":407,"column":47}},"151":{"start":{"line":408,"column":8},"end":{"line":412,"column":9}},"152":{"start":{"line":409,"column":20},"end":{"line":409,"column":44}},"153":{"start":{"line":410,"column":20},"end":{"line":410,"column":32}},"154":{"start":{"line":411,"column":10},"end":{"line":411,"column":48}},"155":{"start":{"line":413,"column":18},"end":{"line":413,"column":44}},"156":{"start":{"line":414,"column":18},"end":{"line":414,"column":51}},"157":{"start":{"line":415,"column":8},"end":{"line":415,"column":48}},"158":{"start":{"line":424,"column":8},"end":{"line":504,"column":16}},"159":{"start":{"line":431,"column":16},"end":{"line":431,"column":40}},"160":{"start":{"line":432,"column":16},"end":{"line":432,"column":38}},"161":{"start":{"line":441,"column":29},"end":{"line":441,"column":51}},"162":{"start":{"line":449,"column":16},"end":{"line":455,"column":17}},"163":{"start":{"line":450,"column":18},"end":{"line":450,"column":60}},"164":{"start":{"line":451,"column":18},"end":{"line":451,"column":43}},"165":{"start":{"line":452,"column":18},"end":{"line":452,"column":39}},"166":{"start":{"line":454,"column":18},"end":{"line":454,"column":42}},"167":{"start":{"line":470,"column":16},"end":{"line":476,"column":17}},"168":{"start":{"line":471,"column":33},"end":{"line":471,"column":77}},"169":{"start":{"line":472,"column":18},"end":{"line":472,"column":62}},"170":{"start":{"line":473,"column":18},"end":{"line":473,"column":39}},"171":{"start":{"line":475,"column":18},"end":{"line":475,"column":42}},"172":{"start":{"line":490,"column":14},"end":{"line":494,"column":15}},"173":{"start":{"line":491,"column":16},"end":{"line":491,"column":55}},"174":{"start":{"line":493,"column":16},"end":{"line":493,"column":40}},"175":{"start":{"line":510,"column":24},"end":{"line":574,"column":3}},"176":{"start":{"line":516,"column":31},"end":{"line":516,"column":97}},"177":{"start":{"line":531,"column":8},"end":{"line":533,"column":15}},"178":{"start":{"line":543,"column":20},"end":{"line":543,"column":38}},"179":{"start":{"line":544,"column":22},"end":{"line":544,"column":114}},"180":{"start":{"line":545,"column":21},"end":{"line":545,"column":88}},"181":{"start":{"line":546,"column":8},"end":{"line":551,"column":10}},"182":{"start":{"line":561,"column":20},"end":{"line":561,"column":38}},"183":{"start":{"line":562,"column":22},"end":{"line":562,"column":98}},"184":{"start":{"line":563,"column":8},"end":{"line":563,"column":89}},"185":{"start":{"line":572,"column":20},"end":{"line":572,"column":24}},"186":{"start":{"line":577,"column":26},"end":{"line":612,"column":3}},"187":{"start":{"line":582,"column":32},"end":{"line":582,"column":99}},"188":{"start":{"line":588,"column":32},"end":{"line":588,"column":62}},"189":{"start":{"line":607,"column":8},"end":{"line":609,"column":17}},"190":{"start":{"line":607,"column":79},"end":{"line":607,"column":105}},"191":{"start":{"line":615,"column":19},"end":{"line":823,"column":3}},"192":{"start":{"line":670,"column":18},"end":{"line":670,"column":45}},"193":{"start":{"line":672,"column":37},"end":{"line":672,"column":70}},"194":{"start":{"line":672,"column":60},"end":{"line":672,"column":69}},"195":{"start":{"line":673,"column":18},"end":{"line":675,"column":21}},"196":{"start":{"line":674,"column":20},"end":{"line":674,"column":51}},"197":{"start":{"line":696,"column":26},"end":{"line":701,"column":13}},"198":{"start":{"line":706,"column":32},"end":{"line":706,"column":68}},"199":{"start":{"line":707,"column":35},"end":{"line":707,"column":95}},"200":{"start":{"line":708,"column":36},"end":{"line":708,"column":75}},"201":{"start":{"line":709,"column":40},"end":{"line":711,"column":27}},"202":{"start":{"line":710,"column":40},"end":{"line":710,"column":110}},"203":{"start":{"line":713,"column":16},"end":{"line":770,"column":18}},"204":{"start":{"line":723,"column":41},"end":{"line":723,"column":116}},"205":{"start":{"line":723,"column":69},"end":{"line":723,"column":114}},"206":{"start":{"line":729,"column":24},"end":{"line":751,"column":25}},"207":{"start":{"line":730,"column":26},"end":{"line":750,"column":28}},"208":{"start":{"line":733,"column":30},"end":{"line":748,"column":38}},"209":{"start":{"line":740,"column":53},"end":{"line":740,"column":72}},"210":{"start":{"line":741,"column":38},"end":{"line":741,"column":72}},"211":{"start":{"line":743,"column":38},"end":{"line":743,"column":90}},"212":{"start":{"line":744,"column":38},"end":{"line":744,"column":62}},"213":{"start":{"line":752,"column":24},"end":{"line":752,"column":35}},"214":{"start":{"line":762,"column":36},"end":{"line":767,"column":23}},"215":{"start":{"line":778,"column":16},"end":{"line":778,"column":34}},"216":{"start":{"line":779,"column":16},"end":{"line":779,"column":48}},"217":{"start":{"line":781,"column":36},"end":{"line":781,"column":50}},"218":{"start":{"line":799,"column":61},"end":{"line":799,"column":79}},"219":{"start":{"line":813,"column":26},"end":{"line":818,"column":13}},"220":{"start":{"line":825,"column":2},"end":{"line":990,"column":4}},"221":{"start":{"line":835,"column":26},"end":{"line":835,"column":55}},"222":{"start":{"line":835,"column":56},"end":{"line":835,"column":75}},"223":{"start":{"line":865,"column":20},"end":{"line":865,"column":90}},"224":{"start":{"line":889,"column":16},"end":{"line":889,"column":77}},"225":{"start":{"line":898,"column":45},"end":{"line":898,"column":106}},"226":{"start":{"line":899,"column":30},"end":{"line":899,"column":47}},"227":{"start":{"line":905,"column":39},"end":{"line":905,"column":68}},"228":{"start":{"line":905,"column":69},"end":{"line":905,"column":88}},"229":{"start":{"line":919,"column":24},"end":{"line":919,"column":53}},"230":{"start":{"line":937,"column":24},"end":{"line":937,"column":49}},"231":{"start":{"line":964,"column":24},"end":{"line":964,"column":46}},"232":{"start":{"line":976,"column":26},"end":{"line":976,"column":51}},"233":{"start":{"line":976,"column":52},"end":{"line":976,"column":82}}},"fnMap":{"0":{"name":"(anonymous_0)","decl":{"start":{"line":86,"column":34},"end":{"line":86,"column":35}},"loc":{"start":{"line":86,"column":40},"end":{"line":991,"column":1}},"line":86},"1":{"name":"(anonymous_1)","decl":{"start":{"line":114,"column":44},"end":{"line":114,"column":45}},"loc":{"start":{"line":114,"column":50},"end":{"line":114,"column":87}},"line":114},"2":{"name":"(anonymous_2)","decl":{"start":{"line":115,"column":44},"end":{"line":115,"column":45}},"loc":{"start":{"line":115,"column":50},"end":{"line":115,"column":89}},"line":115},"3":{"name":"(anonymous_3)","decl":{"start":{"line":116,"column":44},"end":{"line":116,"column":45}},"loc":{"start":{"line":116,"column":50},"end":{"line":116,"column":89}},"line":116},"4":{"name":"(anonymous_4)","decl":{"start":{"line":117,"column":44},"end":{"line":117,"column":45}},"loc":{"start":{"line":117,"column":50},"end":{"line":117,"column":88}},"line":117},"5":{"name":"(anonymous_5)","decl":{"start":{"line":118,"column":44},"end":{"line":118,"column":45}},"loc":{"start":{"line":118,"column":50},"end":{"line":118,"column":88}},"line":118},"6":{"name":"(anonymous_6)","decl":{"start":{"line":123,"column":33},"end":{"line":123,"column":34}},"loc":{"start":{"line":123,"column":58},"end":{"line":130,"column":3}},"line":123},"7":{"name":"(anonymous_7)","decl":{"start":{"line":125,"column":36},"end":{"line":125,"column":37}},"loc":{"start":{"line":125,"column":41},"end":{"line":125,"column":64}},"line":125},"8":{"name":"(anonymous_8)","decl":{"start":{"line":140,"column":12},"end":{"line":140,"column":13}},"loc":{"start":{"line":140,"column":18},"end":{"line":142,"column":3}},"line":140},"9":{"name":"(anonymous_9)","decl":{"start":{"line":145,"column":12},"end":{"line":145,"column":13}},"loc":{"start":{"line":145,"column":18},"end":{"line":155,"column":3}},"line":145},"10":{"name":"(anonymous_10)","decl":{"start":{"line":146,"column":41},"end":{"line":146,"column":42}},"loc":{"start":{"line":146,"column":46},"end":{"line":146,"column":68}},"line":146},"11":{"name":"(anonymous_11)","decl":{"start":{"line":147,"column":43},"end":{"line":147,"column":44}},"loc":{"start":{"line":147,"column":48},"end":{"line":147,"column":72}},"line":147},"12":{"name":"(anonymous_12)","decl":{"start":{"line":148,"column":40},"end":{"line":148,"column":41}},"loc":{"start":{"line":148,"column":45},"end":{"line":148,"column":66}},"line":148},"13":{"name":"(anonymous_13)","decl":{"start":{"line":157,"column":27},"end":{"line":157,"column":28}},"loc":{"start":{"line":157,"column":39},"end":{"line":171,"column":3}},"line":157},"14":{"name":"(anonymous_14)","decl":{"start":{"line":173,"column":35},"end":{"line":173,"column":36}},"loc":{"start":{"line":173,"column":47},"end":{"line":181,"column":3}},"line":173},"15":{"name":"(anonymous_15)","decl":{"start":{"line":183,"column":41},"end":{"line":183,"column":42}},"loc":{"start":{"line":183,"column":53},"end":{"line":197,"column":3}},"line":183},"16":{"name":"(anonymous_16)","decl":{"start":{"line":199,"column":12},"end":{"line":199,"column":13}},"loc":{"start":{"line":199,"column":18},"end":{"line":201,"column":3}},"line":199},"17":{"name":"(anonymous_17)","decl":{"start":{"line":203,"column":27},"end":{"line":203,"column":28}},"loc":{"start":{"line":203,"column":39},"end":{"line":205,"column":3}},"line":203},"18":{"name":"(anonymous_18)","decl":{"start":{"line":207,"column":32},"end":{"line":207,"column":33}},"loc":{"start":{"line":207,"column":38},"end":{"line":224,"column":3}},"line":207},"19":{"name":"(anonymous_19)","decl":{"start":{"line":226,"column":30},"end":{"line":226,"column":31}},"loc":{"start":{"line":226,"column":53},"end":{"line":266,"column":3}},"line":226},"20":{"name":"(anonymous_20)","decl":{"start":{"line":268,"column":27},"end":{"line":268,"column":28}},"loc":{"start":{"line":268,"column":53},"end":{"line":276,"column":3}},"line":268},"21":{"name":"(anonymous_21)","decl":{"start":{"line":278,"column":29},"end":{"line":278,"column":30}},"loc":{"start":{"line":278,"column":53},"end":{"line":281,"column":3}},"line":278},"22":{"name":"(anonymous_22)","decl":{"start":{"line":283,"column":25},"end":{"line":283,"column":26}},"loc":{"start":{"line":283,"column":53},"end":{"line":286,"column":3}},"line":283},"23":{"name":"(anonymous_23)","decl":{"start":{"line":288,"column":27},"end":{"line":288,"column":28}},"loc":{"start":{"line":288,"column":84},"end":{"line":300,"column":3}},"line":288},"24":{"name":"(anonymous_24)","decl":{"start":{"line":292,"column":24},"end":{"line":292,"column":25}},"loc":{"start":{"line":292,"column":33},"end":{"line":295,"column":7}},"line":292},"25":{"name":"(anonymous_25)","decl":{"start":{"line":298,"column":24},"end":{"line":298,"column":25}},"loc":{"start":{"line":298,"column":33},"end":{"line":298,"column":58}},"line":298},"26":{"name":"(anonymous_26)","decl":{"start":{"line":302,"column":23},"end":{"line":302,"column":24}},"loc":{"start":{"line":302,"column":72},"end":{"line":310,"column":3}},"line":302},"27":{"name":"(anonymous_27)","decl":{"start":{"line":306,"column":25},"end":{"line":306,"column":26}},"loc":{"start":{"line":306,"column":33},"end":{"line":306,"column":53}},"line":306},"28":{"name":"(anonymous_28)","decl":{"start":{"line":308,"column":25},"end":{"line":308,"column":26}},"loc":{"start":{"line":308,"column":33},"end":{"line":308,"column":70}},"line":308},"29":{"name":"(anonymous_29)","decl":{"start":{"line":308,"column":45},"end":{"line":308,"column":46}},"loc":{"start":{"line":308,"column":52},"end":{"line":308,"column":69}},"line":308},"30":{"name":"(anonymous_30)","decl":{"start":{"line":319,"column":14},"end":{"line":319,"column":15}},"loc":{"start":{"line":319,"column":63},"end":{"line":319,"column":104}},"line":319},"31":{"name":"(anonymous_31)","decl":{"start":{"line":326,"column":14},"end":{"line":326,"column":15}},"loc":{"start":{"line":327,"column":8},"end":{"line":329,"column":18}},"line":327},"32":{"name":"(anonymous_32)","decl":{"start":{"line":338,"column":14},"end":{"line":338,"column":15}},"loc":{"start":{"line":339,"column":8},"end":{"line":344,"column":10}},"line":339},"33":{"name":"(anonymous_33)","decl":{"start":{"line":343,"column":19},"end":{"line":343,"column":20}},"loc":{"start":{"line":343,"column":25},"end":{"line":343,"column":91}},"line":343},"34":{"name":"(anonymous_34)","decl":{"start":{"line":353,"column":14},"end":{"line":353,"column":15}},"loc":{"start":{"line":353,"column":34},"end":{"line":360,"column":7}},"line":353},"35":{"name":"(anonymous_35)","decl":{"start":{"line":367,"column":14},"end":{"line":367,"column":15}},"loc":{"start":{"line":368,"column":8},"end":{"line":385,"column":14}},"line":368},"36":{"name":"(anonymous_36)","decl":{"start":{"line":373,"column":20},"end":{"line":373,"column":21}},"loc":{"start":{"line":373,"column":33},"end":{"line":373,"column":97}},"line":373},"37":{"name":"(anonymous_37)","decl":{"start":{"line":393,"column":14},"end":{"line":393,"column":15}},"loc":{"start":{"line":393,"column":32},"end":{"line":393,"column":81}},"line":393},"38":{"name":"(anonymous_38)","decl":{"start":{"line":401,"column":14},"end":{"line":401,"column":15}},"loc":{"start":{"line":401,"column":74},"end":{"line":416,"column":7}},"line":401},"39":{"name":"(anonymous_39)","decl":{"start":{"line":423,"column":14},"end":{"line":423,"column":15}},"loc":{"start":{"line":424,"column":8},"end":{"line":504,"column":16}},"line":424},"40":{"name":"(anonymous_40)","decl":{"start":{"line":430,"column":23},"end":{"line":430,"column":24}},"loc":{"start":{"line":430,"column":29},"end":{"line":433,"column":15}},"line":430},"41":{"name":"(anonymous_41)","decl":{"start":{"line":441,"column":23},"end":{"line":441,"column":24}},"loc":{"start":{"line":441,"column":29},"end":{"line":441,"column":51}},"line":441},"42":{"name":"(anonymous_42)","decl":{"start":{"line":448,"column":25},"end":{"line":448,"column":26}},"loc":{"start":{"line":448,"column":37},"end":{"line":456,"column":15}},"line":448},"43":{"name":"(anonymous_43)","decl":{"start":{"line":469,"column":25},"end":{"line":469,"column":26}},"loc":{"start":{"line":469,"column":37},"end":{"line":477,"column":15}},"line":469},"44":{"name":"(anonymous_44)","decl":{"start":{"line":489,"column":23},"end":{"line":489,"column":24}},"loc":{"start":{"line":489,"column":35},"end":{"line":495,"column":13}},"line":489},"45":{"name":"(anonymous_45)","decl":{"start":{"line":516,"column":14},"end":{"line":516,"column":15}},"loc":{"start":{"line":516,"column":31},"end":{"line":516,"column":97}},"line":516},"46":{"name":"(anonymous_46)","decl":{"start":{"line":530,"column":14},"end":{"line":530,"column":15}},"loc":{"start":{"line":531,"column":8},"end":{"line":533,"column":15}},"line":531},"47":{"name":"(anonymous_47)","decl":{"start":{"line":542,"column":14},"end":{"line":542,"column":15}},"loc":{"start":{"line":542,"column":33},"end":{"line":552,"column":7}},"line":542},"48":{"name":"(anonymous_48)","decl":{"start":{"line":560,"column":14},"end":{"line":560,"column":15}},"loc":{"start":{"line":560,"column":33},"end":{"line":564,"column":7}},"line":560},"49":{"name":"(anonymous_49)","decl":{"start":{"line":572,"column":14},"end":{"line":572,"column":15}},"loc":{"start":{"line":572,"column":20},"end":{"line":572,"column":24}},"line":572},"50":{"name":"(anonymous_50)","decl":{"start":{"line":582,"column":14},"end":{"line":582,"column":15}},"loc":{"start":{"line":582,"column":32},"end":{"line":582,"column":99}},"line":582},"51":{"name":"(anonymous_51)","decl":{"start":{"line":588,"column":14},"end":{"line":588,"column":15}},"loc":{"start":{"line":588,"column":32},"end":{"line":588,"column":62}},"line":588},"52":{"name":"(anonymous_52)","decl":{"start":{"line":606,"column":14},"end":{"line":606,"column":15}},"loc":{"start":{"line":607,"column":8},"end":{"line":609,"column":17}},"line":607},"53":{"name":"(anonymous_53)","decl":{"start":{"line":607,"column":73},"end":{"line":607,"column":74}},"loc":{"start":{"line":607,"column":79},"end":{"line":607,"column":105}},"line":607},"54":{"name":"(anonymous_54)","decl":{"start":{"line":669,"column":25},"end":{"line":669,"column":26}},"loc":{"start":{"line":669,"column":37},"end":{"line":676,"column":17}},"line":669},"55":{"name":"(anonymous_55)","decl":{"start":{"line":672,"column":55},"end":{"line":672,"column":56}},"loc":{"start":{"line":672,"column":60},"end":{"line":672,"column":69}},"line":672},"56":{"name":"(anonymous_56)","decl":{"start":{"line":673,"column":37},"end":{"line":673,"column":38}},"loc":{"start":{"line":673,"column":57},"end":{"line":675,"column":19}},"line":673},"57":{"name":"(anonymous_57)","decl":{"start":{"line":696,"column":19},"end":{"line":696,"column":20}},"loc":{"start":{"line":696,"column":26},"end":{"line":701,"column":13}},"line":696},"58":{"name":"(anonymous_58)","decl":{"start":{"line":705,"column":33},"end":{"line":705,"column":34}},"loc":{"start":{"line":705,"column":45},"end":{"line":771,"column":15}},"line":705},"59":{"name":"(anonymous_59)","decl":{"start":{"line":710,"column":35},"end":{"line":710,"column":36}},"loc":{"start":{"line":710,"column":40},"end":{"line":710,"column":110}},"line":710},"60":{"name":"(anonymous_60)","decl":{"start":{"line":723,"column":34},"end":{"line":723,"column":35}},"loc":{"start":{"line":723,"column":41},"end":{"line":723,"column":116}},"line":723},"61":{"name":"(anonymous_61)","decl":{"start":{"line":723,"column":60},"end":{"line":723,"column":61}},"loc":{"start":{"line":723,"column":69},"end":{"line":723,"column":114}},"line":723},"62":{"name":"(anonymous_62)","decl":{"start":{"line":728,"column":49},"end":{"line":728,"column":50}},"loc":{"start":{"line":728,"column":56},"end":{"line":753,"column":23}},"line":728},"63":{"name":"(anonymous_63)","decl":{"start":{"line":732,"column":36},"end":{"line":732,"column":37}},"loc":{"start":{"line":733,"column":30},"end":{"line":748,"column":38}},"line":733},"64":{"name":"(anonymous_64)","decl":{"start":{"line":739,"column":45},"end":{"line":739,"column":46}},"loc":{"start":{"line":739,"column":51},"end":{"line":745,"column":37}},"line":739},"65":{"name":"(anonymous_65)","decl":{"start":{"line":762,"column":29},"end":{"line":762,"column":30}},"loc":{"start":{"line":762,"column":36},"end":{"line":767,"column":23}},"line":762},"66":{"name":"(anonymous_66)","decl":{"start":{"line":777,"column":
[...]
:{"line":148,"column":27}},"loc":{"start":{"line":148,"column":94},"end":{"line":169,"column":3}},"line":148},"20":{"name":"(anonymous_20)","decl":{"start":{"line":157,"column":31},"end":{"line":157,"column":32}},"loc":{"start":{"line":157,"column":59},"end":{"line":164,"column":5}},"line":157},"21":{"name":"(anonymous_21)","decl":{"start":{"line":173,"column":16},"end":{"line":173,"column":17}},"loc":{"start":{"line":187,"column":8},"end":{"line":190,"column":3}},"line":187},"22":{"name":"(anonymous_22)","decl":{"start":{"line":193,"column":17},"end":{"line":193,"column":18}},"loc":{"start":{"line":198,"column":8},"end":{"line":201,"column":3}},"line":198},"23":{"name":"(anonymous_23)","decl":{"start":{"line":204,"column":19},"end":{"line":204,"column":20}},"loc":{"start":{"line":204,"column":95},"end":{"line":209,"column":3}},"line":204},"24":{"name":"(anonymous_24)","decl":{"start":{"line":213,"column":16},"end":{"line":213,"column":17}},"loc":{"start":{"line":234,"column":8},"end":{"line":237,"column":3}},"line":234}},"branchMap":{"0":{"loc":{"start":{"line":4,"column":21},"end":{"line":4,"column":82}},"type":"binary-expr","locations":[{"start":{"line":4,"column":21},"end":{"line":4,"column":55}},{"start":{"line":4,"column":59},"end":{"line":4,"column":82}}],"line":4},"1":{"loc":{"start":{"line":115,"column":38},"end":{"line":115,"column":57}},"type":"default-arg","locations":[{"start":{"line":115,"column":56},"end":{"line":115,"column":57}}],"line":115},"2":{"loc":{"start":{"line":115,"column":59},"end":{"line":115,"column":78}},"type":"default-arg","locations":[{"start":{"line":115,"column":75},"end":{"line":115,"column":78}}],"line":115},"3":{"loc":{"start":{"line":122,"column":56},"end":{"line":122,"column":75}},"type":"default-arg","locations":[{"start":{"line":122,"column":74},"end":{"line":122,"column":75}}],"line":122},"4":{"loc":{"start":{"line":122,"column":77},"end":{"line":122,"column":96}},"type":"default-arg","locations":[{"start":{"line":122,"column":93},"end":{"line":122,"column":96}}],"line":122},"5":{"loc":{"start":{"line":158,"column":6},"end":{"line":163,"column":7}},"type":"if","locations":[{"start":{"line":158,"column":6},"end":{"line":163,"column":7}},{"start":{},"end":{}}],"line":158},"6":{"loc":{"start":{"line":158,"column":10},"end":{"line":158,"column":38}},"type":"binary-expr","locations":[{"start":{"line":158,"column":10},"end":{"line":158,"column":23}},{"start":{"line":158,"column":27},"end":{"line":158,"column":38}}],"line":158},"7":{"loc":{"start":{"line":193,"column":40},"end":{"line":193,"column":58}},"type":"default-arg","locations":[{"start":{"line":193,"column":55},"end":{"line":193,"column":58}}],"line":193}},"s":{"0":0,"1":0,"2":0,"3":0,"4":0,"5":0,"6":0,"7":0,"8":0,"9":0,"10":0,"11":0,"12":0,"13":0,"14":0,"15":0,"16":0,"17":0,"18":0,"19":0,"20":0,"21":0,"22":0,"23":0,"24":0,"25":0,"26":0,"27":0,"28":0,"29":0,"30":0,"31":0,"32":0,"33":0,"34":0,"35":0,"36":0,"37":0,"38":0,"39":0,"40":0,"41":0,"42":0,"43":0,"44":0,"45":0,"46":0,"47":0,"48":0,"49":0,"50":0,"51":0,"52":0,"53":0,"54":0},"f":{"0":0,"1":0,"2":0,"3":0,"4":0,"5":0,"6":0,"7":0,"8":0,"9":0,"10":0,"11":0,"12":0,"13":0,"14":0,"15":0,"16":0,"17":0,"18":0,"19":0,"20":0,"21":0,"22":0,"23":0,"24":0},"b":{"0":[0,0],"1":[0],"2":[0],"3":[0],"4":[0],"5":[0,0],"6":[0,0],"7":[0]}}
,"/home/eeric/code/pytrading/frontend/src/styles/darkTheme.ts": {"path":"/home/eeric/code/pytrading/frontend/src/styles/darkTheme.ts","statementMap":{"0":{"start":{"line":2,"column":25},"end":{"line":27,"column":1}},"1":{"start":{"line":30,"column":32},"end":{"line":585,"column":1}}},"fnMap":{},"branchMap":{},"s":{"0":0,"1":0},"f":{},"b":{}}
,"/home/eeric/code/pytrading/frontend/src/types/index.ts": {"path":"/home/eeric/code/pytrading/frontend/src/types/index.ts","statementMap":{},"fnMap":{},"branchMap":{},"s":{},"f":{},"b":{}}
,"/home/eeric/code/pytrading/frontend/src/utils/index.ts": {"path":"/home/eeric/code/pytrading/frontend/src/utils/index.ts","statementMap":{"0":{"start":{"line":4,"column":30},"end":{"line":10,"column":1}},"1":{"start":{"line":5,"column":2},"end":{"line":9,"column":20}},"2":{"start":{"line":12,"column":29},"end":{"line":14,"column":1}},"3":{"start":{"line":13,"column":2},"end":{"line":13,"column":48}},"4":{"start":{"line":16,"column":28},"end":{"line":21,"column":1}},"5":{"start":{"line":17,"column":2},"end":{"line":20,"column":19}},"6":{"start":{"line":23,"column":26},"end":{"line":25,"column":1}},"7":{"start":{"line":24,"column":2},"end":{"line":24,"column":36}},"8":{"start":{"line":27,"column":28},"end":{"line":34,"column":1}},"9":{"start":{"line":28,"column":2},"end":{"line":32,"column":3}},"10":{"start":{"line":29,"column":4},"end":{"line":29,"column":49}},"11":{"start":{"line":30,"column":9},"end":{"line":32,"column":3}},"12":{"start":{"line":31,"column":4},"end":{"line":31,"column":45}},"13":{"start":{"line":33,"column":2},"end":{"line":33,"column":27}},"14":{"start":{"line":36,"column":30},"end":{"line":47,"column":1}},"15":{"start":{"line":37,"column":43},"end":{"line":45,"column":3}},"16":{"start":{"line":46,"column":2},"end":{"line":46,"column":39}},"17":{"start":{"line":49,"column":35},"end":{"line":72,"column":1}},"18":{"start":{"line":50,"column":2},"end":{"line":71,"column":3}},"19":{"start":{"line":52,"column":6},"end":{"line":52,"column":43}},"20":{"start":{"line":52,"column":24},"end":{"line":52,"column":43}},"21":{"start":{"line":53,"column":6},"end":{"line":53,"column":38}},"22":{"start":{"line":53,"column":24},"end":{"line":53,"column":38}},"23":{"start":{"line":54,"column":6},"end":{"line":54,"column":36}},"24":{"start":{"line":54,"column":22},"end":{"line":54,"column":36}},"25":{"start":{"line":55,"column":6},"end":{"line":55,"column":20}},"26":{"start":{"line":58,"column":6},"end":{"line":58,"column":41}},"27":{"start":{"line":58,"column":22},"end":{"line":58,"column":41}},"28":{"start":{"line":59,"column":6},"end":{"line":59,"column":36}},"29":{"start":{"line":59,"column":22},"end":{"line":59,"column":36}},"30":{"start":{"line":60,"column":6},"end":{"line":60,"column":38}},"31":{"start":{"line":60,"column":24},"end":{"line":60,"column":38}},"32":{"start":{"line":61,"column":6},"end":{"line":61,"column":20}},"33":{"start":{"line":64,"column":6},"end":{"line":64,"column":45}},"34":{"start":{"line":64,"column":26},"end":{"line":64,"column":45}},"35":{"start":{"line":65,"column":6},"end":{"line":65,"column":39}},"36":{"start":{"line":65,"column":25},"end":{"line":65,"column":39}},"37":{"start":{"line":66,"column":6},"end":{"line":66,"column":39}},"38":{"start":{"line":66,"column":25},"end":{"line":66,"column":39}},"39":{"start":{"line":67,"column":6},"end":{"line":67,"column":20}},"40":{"start":{"line":70,"column":6},"end":{"line":70,"column":20}},"41":{"start":{"line":74,"column":37},"end":{"line":105,"column":1}},"42":{"start":{"line":75,"column":2},"end":{"line":86,"column":3}},"43":{"start":{"line":76,"column":4},"end":{"line":85,"column":6}},"44":{"start":{"line":88,"column":22},"end":{"line":88,"column":70}},"45":{"start":{"line":88,"column":49},"end":{"line":88,"column":66}},"46":{"start":{"line":89,"column":22},"end":{"line":89,"column":72}},"47":{"start":{"line":89,"column":49},"end":{"line":89,"column":68}},"48":{"start":{"line":90,"column":23},"end":{"line":90,"column":71}},"49":{"start":{"line":90,"column":50},"end":{"line":90,"column":67}},"50":{"start":{"line":92,"column":17},"end":{"line":92,"column":71}},"51":{"start":{"line":92,"column":45},"end":{"line":92,"column":70}},"52":{"start":{"line":93,"column":26},"end":{"line":93,"column":69}},"53":{"start":{"line":93,"column":46},"end":{"line":93,"column":61}},"54":{"start":{"line":95,"column":2},"end":{"line":104,"column":4}},"55":{"start":{"line":107,"column":27},"end":{"line":134,"column":1}},"56":{"start":{"line":108,"column":2},"end":{"line":108,"column":32}},"57":{"start":{"line":108,"column":25},"end":{"line":108,"column":32}},"58":{"start":{"line":110,"column":18},"end":{"line":110,"column":38}},"59":{"start":{"line":111,"column":21},"end":{"line":121,"column":14}},"60":{"start":{"line":113,"column":23},"end":{"line":120,"column":16}},"61":{"start":{"line":114,"column":20},"end":{"line":114,"column":31}},"62":{"start":{"line":116,"column":6},"end":{"line":118,"column":7}},"63":{"start":{"line":117,"column":8},"end":{"line":117,"column":28}},"64":{"start":{"line":119,"column":6},"end":{"line":119,"column":19}},"65":{"start":{"line":123,"column":15},"end":{"line":123,"column":85}},"66":{"start":{"line":124,"column":15},"end":{"line":124,"column":42}},"67":{"start":{"line":125,"column":14},"end":{"line":125,"column":39}},"68":{"start":{"line":127,"column":2},"end":{"line":127,"column":33}},"69":{"start":{"line":128,"column":2},"end":{"line":128,"column":81}},"70":{"start":{"line":129,"column":2},"end":{"line":129,"column":35}},"71":{"start":{"line":131,"column":2},"end":{"line":131,"column":34}},"72":{"start":{"line":132,"column":2},"end":{"line":132,"column":15}},"73":{"start":{"line":133,"column":2},"end":{"line":133,"column":34}},"74":{"start":{"line":136,"column":24},"end":{"line":146,"column":1}},"75":{"start":{"line":142,"column":2},"end":{"line":145,"column":4}},"76":{"start":{"line":143,"column":4},"end":{"line":143,"column":26}},"77":{"start":{"line":144,"column":4},"end":{"line":144,"column":52}},"78":{"start":{"line":144,"column":31},"end":{"line":144,"column":44}},"79":{"start":{"line":148,"column":24},"end":{"line":161,"column":1}},"80":{"start":{"line":154,"column":2},"end":{"line":160,"column":4}},"81":{"start":{"line":155,"column":4},"end":{"line":159,"column":5}},"82":{"start":{"line":156,"column":6},"end":{"line":156,"column":20}},"83":{"start":{"line":157,"column":6},"end":{"line":157,"column":24}},"84":{"start":{"line":158,"column":6},"end":{"line":158,"column":49}},"85":{"start":{"line":158,"column":23},"end":{"line":158,"column":41}}},"fnMap":{"0":{"name":"(anonymous_0)","decl":{"start":{"line":4,"column":30},"end":{"line":4,"column":31}},"loc":{"start":{"line":4,"column":58},"end":{"line":10,"column":1}},"line":4},"1":{"name":"(anonymous_1)","decl":{"start":{"line":12,"column":29},"end":{"line":12,"column":30}},"loc":{"start":{"line":12,"column":71},"end":{"line":14,"column":1}},"line":12},"2":{"name":"(anonymous_2)","decl":{"start":{"line":16,"column":28},"end":{"line":16,"column":29}},"loc":{"start":{"line":16,"column":70},"end":{"line":21,"column":1}},"line":16},"3":{"name":"(anonymous_3)","decl":{"start":{"line":23,"column":26},"end":{"line":23,"column":27}},"loc":{"start":{"line":23,"column":91},"end":{"line":25,"column":1}},"line":23},"4":{"name":"(anonymous_4)","decl":{"start":{"line":27,"column":28},"end":{"line":27,"column":29}},"loc":{"start":{"line":27,"column":56},"end":{"line":34,"column":1}},"line":27},"5":{"name":"(anonymous_5)","decl":{"start":{"line":36,"column":30},"end":{"line":36,"column":31}},"loc":{"start":{"line":36,"column":58},"end":{"line":47,"column":1}},"line":36},"6":{"name":"(anonymous_6)","decl":{"start":{"line":49,"column":35},"end":{"line":49,"column":36}},"loc":{"start":{"line":49,"column":98},"end":{"line":72,"column":1}},"line":49},"7":{"name":"(anonymous_7)","decl":{"start":{"line":74,"column":37},"end":{"line":74,"column":38}},"loc":{"start":{"line":74,"column":68},"end":{"line":105,"column":1}},"line":74},"8":{"name":"(anonymous_8)","decl":{"start":{"line":88,"column":37},"end":{"line":88,"column":38}},"loc":{"start":{"line":88,"column":49},"end":{"line":88,"column":66}},"line":88},"9":{"name":"(anonymous_9)","decl":{"start":{"line":89,"column":37},"end":{"line":89,"column":38}},"loc":{"start":{"line":89,"column":49},"end":{"line":89,"column":68}},"line":89},"10":{"name":"(anonymous_10)","decl":{"start":{"line":90,"column":38},"end":{"line":90,"column":39}},"loc":{"start":{"line":90,"column":50},"end":{"line":90,"column":67}},"line":90},"11":{"name":"(anonymous_11)","decl":{"start":{"line":92,"column":35},"end":{"line":92,"column":36}},"loc":{"start":{"line":92,"column":45},"end":{"line":92,"column":70}},"line":92},"12":{"name":"(anonymous_12)","decl":{"start":{"line":93,"column":41},"end":{"line":93,"column":42}},"loc":{"start":{"line":93,"column":46},"end":{"line":93,"column":61}},"line":93},"13":{"name":"(anonymous_13)","decl":{"start":{"line":107,"column":27},"end":{"line":107,"column":28}},"loc":{"start":{"line":107,"column":62},"end":{"line":134,"column":1}},"line":107},"14":{"name":"(anonymous_14)","decl":{"start":{"line":113,"column":16},"end":{"line":113,"column":17}},"loc":{"start":{"line":113,"column":23},"end":{"line":120,"column":16}},"line":113},"15":{"name":"(anonymous_15)","decl":{"start":{"line":113,"column":35},"end":{"line":113,"column":36}},"loc":{"start":{"line":113,"column":45},"end":{"line":120,"column":5}},"line":113},"16":{"name":"(anonymous_16)","decl":{"start":{"line":136,"column":24},"end":{"line":136,"column":25}},"loc":{"start":{"line":139,"column":39},"end":{"line":146,"column":1}},"line":139},"17":{"name":"(anonymous_17)","decl":{"start":{"line":142,"column":9},"end":{"line":142,"column":10}},"loc":{"start":{"line":142,"column":37},"end":{"line":145,"column":3}},"line":142},"18":{"name":"(anonymous_18)","decl":{"start":{"line":144,"column":25},"end":{"line":144,"column":26}},"loc":{"start":{"line":144,"column":31},"end":{"line":144,"column":44}},"line":144},"19":{"name":"(anonymous_19)","decl":{"start":{"line":148,"column":24},"end":{"line":148,"column":25}},"loc":{"start":{"line":151,"column":39},"end":{"line":161,"column":1}},"line":151},"20":{"name":"(anonymous_20)","decl":{"start":{"line":154,"column":9},"end":{"line":154,"column":10}},"loc":{"start":{"line":154,"column":37},"end":{"line":160,"column":3}},"line":154},"21":{"name":"(anonymous_21)","decl":{"start":{"line":158,"column":17},"end":{"line":158,"column":18}},"loc":{"start":{"line":158,"column":23},"end":{"line":158,"column":41}},"line":158}},"branchMap":{"0":{"loc":{"start":{"line":12,"column":45},"end":{"line":12,"column":58}},"type":"default-arg","locations":[{"start":{"line":12,"column":57},"end":{"line":12,"column":58}}],"line":12},"1":{"loc":{"start":{"line":16,"column":44},"end":{"line":16,"column":57}},"type":"default-arg","locations":[{"start":{"line":16,"column":56},"end":{"line":16,"column":57}}],"line":16},"2":{"loc":{"start":{"line":23,"column":48},"end":{"line":23,"column":78}},"type":"default-arg","locations":[{"start":{"line":23,"column":57},"end":{"line":23,"column":78}}],"line":23},"3":{"loc":{"start":{"line":28,"column":2},"end":{"line":32,"column":3}},"type":"if","locations":[{"start":{"line":28,"column":2},"end":{"line":32,"column":3}},{"start":{"line":30,"column":9},"end":{"line":32,"column":3}}],"line":28},"4":{"loc":{"start":{"line":30,"column":9},"end":{"line":32,"column":3}},"type":"if","locations":[{"start":{"line":30,"column":9},"end":{"line":32,"column":3}},{"start":{},"end":{}}],"line":30},"5":{"loc":{"start":{"line":46,"column":9},"end":{"line":46,"column":38}},"type":"binary-expr","locations":[{"start":{"line":46,"column":9},"end":{"line":46,"column":25}},{"start":{"line":46,"column":29},"end":{"line":46,"column":38}}],"line":46},"6":{"loc":{"start":{"line":50,"column":2},"end":{"line":71,"column":3}},"type":"switch","locations":[{"start":{"line":51,"column":4},"end":{"line":55,"column":20}},{"start":{"line":57,"column":4},"end":{"line":61,"column":20}},{"start":{"line":63,"column":4},"end":{"line":67,"column":20}},{"start":{"line":69,"column":4},"end":{"line":70,"column":20}}],"line":50},"7":{"loc":{"start":{"line":52,"column":6},"end":{"line":52,"column":43}},"type":"if","locations":[{"start":{"line":52,"column":6},"end":{"line":52,"column":43}},{"start":{},"end":{}}],"line":52},"8":{"loc":{"start":{"line":53,"column":6},"end":{"line":53,"column":38}},"type":"if","locations":[{"start":{"line":53,"column":6},"end":{"line":53,"column":38}},{"start":{},"end":{}}],"line":53},"9":{"loc":{"start":{"line":54,"column":6},"end":{"line":54,"column":36}},"type":"if","locations":[{"start":{"line":54,"column":6},"end":{"line":54,"column":36}},{"start":{},"end":{}}],"line":54},"10":{"loc":{"start":{"line":58,"column":6},"end":{"line":58,"column":41}},"type":"if","locations":[{"start":{"line":58,"column":6},"end":{"line":58,"column":41}},{"start":{},"end":{}}],"line":58},"11":{"loc":{"start":{"line":59,"column":6},"end":{"line":59,"column":36}},"type":"if","locations":[{"start":{"line":59,"column":6},"end":{"line":59,"column":36}},{"start":{},"end":{}}],"line":59},"12":{"loc":{"start":{"line":60,"column":6},"end":{"line":60,"column":38}},"type":"if","locations":[{"start":{"line":60,"column":6},"end":{"line":60,"column":38}},{"start":{},"end":{}}],"line":60},"13":{"loc":{"start":{"line":64,"column":6},"end":{"line":64,"column":45}},"type":"if","locations":[{"start":{"line":64,"column":6},"end":{"line":64,"column":45}},{"start":{},"end":{}}],"line":64},"14":{"loc":{"start":{"line":65,"column":6},"end":{"line":65,"column":39}},"type":"if","locations":[{"start":{"line":65,"column":6},"end":{"line":65,"column":39}},{"start":{},"end":{}}],"line":65},"15":{"loc":{"start":{"line":66,"column":6},"end":{"line":66,"column":39}},"type":"if","locations":[{"start":{"line":66,"column":6},"end":{"line":66,"column":39}},{"start":{},"end":{}}],"line":66},"16":{"loc":{"start":{"line":75,"column":2},"end":{"line":86,"column":3}},"type":"if","locations":[{"start":{"line":75,"column":2},"end":{"line":86,"column":3}},{"start":{},"end":{}}],"line":75},"17":{"loc":{"start":{"line":100,"column":19},"end":{"line":100,"column":36}},"type":"binary-expr","locations":[{"start":{"line":100,"column":19},"end":{"line":100,"column":28}},{"start":{"line":100,"column":32},"end":{"line":100,"column":36}}],"line":100},"18":{"loc":{"start":{"line":101,"column":20},"end":{"line":101,"column":53}},"type":"binary-expr","locations":[{"start":{"line":101,"column":20},"end":{"line":101,"column":45}},{"start":{"line":101,"column":49},"end":{"line":101,"column":53}}],"line":101},"19":{"loc":{"start":{"line":108,"column":2},"end":{"line":108,"column":32}},"type":"if","locations":[{"start":{"line":108,"column":2},"end":{"line":108,"column":32}},{"start":{},"end":{}}],"line":108},"20":{"loc":{"start":{"line":116,"column":6},"end":{"line":118,"column":7}},"type":"if","locations":[{"start":{"line":116,"column":6},"end":{"line":118,"column":7}},{"start":{},"end":{}}],"line":116},"21":{"loc":{"start":{"line":116,"column":10},"end":{"line":116,"column":58}},"type":"binary-expr","locations":[{"start":{"line":116,"column":10},"end":{"line":116,"column":35}},{"start":{"line":116,"column":39},"end":{"line":116,"column":58}}],"line":116},"22":{"loc":{"start":{"line":155,"column":4},"end":{"line":159,"column":5}},"type":"if","locations":[{"start":{"line":155,"column":4},"end":{"line":159,"column":5}},{"start":{},"end":{}}],"line":155}},"s":{"0":1,"1":3,"2":1,"3":4,"4":1,"5":2,"6":1,"7":0,"8":1,"9":5,"10":2,"11":3,"12":2,"13":1,"14":1,"15":5,"16":5,"17":1,"18":12,"19":4,"20":1,"21":3,"22":1,"23":2,"24":1,"25":1,"26":4,"27":1,"28":3,"29":1,"30":2,"31":1,"32":1,"33":4,"34":1,"35":3,"36":1,"37":2,"38":1,"39":1,"40":0,"41":1,"42":5,"43":1,"44":4,"45":8,"46":4,"47":8,"48":4,"49":8,"50":4,"51":4,"52":4,"53":8,"54":4,"55":1,"56":0,"57":0,"58":0,"59":0,"60":0,"61":0,"62":0,"63":0,"64":0,"65":0,"66":0,"67":0,"68":0,"69":0,"70":0,"71":0,"72":0,"73":0,"74":1,"75":2,"76":4,"77":4,"78":2,"79":1,"80":2,"81":5,"82":3,"83":3,"84":3,"85":1},"f":{"0":3,"1":4,"2":2,"3":0,"4":5,"5":5,"6":12,"7":5,"8":8,"9":8,"10":8,"11":4,"12":8,"13":0,"14":0,"15":0,"16":2,"17":4,"18":2,"19":2,"20":5,"21":1},"b":{"0":[3],"1":[1],"2":[0],"3":[2,3],"4":[2,1],"5":[5,1],"6":[4,4,4,0],"7":[1,3],"8":[1,2],"9":[1,1],"10":[1,3],"11":[1,2],"12":[1,1],"13":[1,3],"14":[1,2],"15":[1,1],"16":[1,4],"17":[4,0],"18":[4,0],"19":[0,0],"20":[0,0],"21":[0,0],"22":[3,2]},"_coverageSchema":"1a1c01bbd47fc00a2c39e90264f33305004495a9","hash":"4df1cad73310e43088503542b490450177cbcedc"}
}
