TN:
SF:src/App.tsx
FN:21,(anonymous_0)
FN:22,(anonymous_1)
FN:26,(anonymous_2)
FN:54,(anonymous_3)
FNF:4
FNH:2
FNDA:5,(anonymous_0)
FNDA:4,(anonymous_1)
FNDA:0,(anonymous_2)
FNDA:0,(anonymous_3)
DA:18,1
DA:19,1
DA:21,1
DA:22,5
DA:23,4
DA:26,4
DA:27,0
DA:28,0
DA:31,4
DA:54,4
DA:55,0
DA:58,4
LF:12
LH:9
BRDA:80,0,0,4
BRDA:80,0,1,4
BRF:2
BRH:2
end_of_record
TN:
SF:src/index.tsx
FNF:0
FNH:0
DA:6,0
DA:10,0
LF:2
LH:0
BRF:0
BRH:0
end_of_record
TN:
SF:src/components/LogViewer.tsx
FN:24,(anonymous_0)
FN:36,(anonymous_1)
FN:46,(anonymous_2)
FN:62,(anonymous_3)
FN:67,(anonymous_4)
FN:69,(anonymous_5)
FN:77,(anonymous_6)
FN:85,(anonymous_7)
FN:92,(anonymous_8)
FN:108,(anonymous_9)
FN:115,(anonymous_10)
FN:116,(anonymous_11)
FN:132,(anonymous_12)
FN:171,(anonymous_13)
FN:180,(anonymous_14)
FN:187,(anonymous_15)
FN:227,(anonymous_16)
FNF:17
FNH:0
FNDA:0,(anonymous_0)
FNDA:0,(anonymous_1)
FNDA:0,(anonymous_2)
FNDA:0,(anonymous_3)
FNDA:0,(anonymous_4)
FNDA:0,(anonymous_5)
FNDA:0,(anonymous_6)
FNDA:0,(anonymous_7)
FNDA:0,(anonymous_8)
FNDA:0,(anonymous_9)
FNDA:0,(anonymous_10)
FNDA:0,(anonymous_11)
FNDA:0,(anonymous_12)
FNDA:0,(anonymous_13)
FNDA:0,(anonymous_14)
FNDA:0,(anonymous_15)
FNDA:0,(anonymous_16)
DA:14,0
DA:15,0
DA:24,0
DA:25,0
DA:26,0
DA:27,0
DA:28,0
DA:29,0
DA:30,0
DA:31,0
DA:32,0
DA:33,0
DA:36,0
DA:37,0
DA:38,0
DA:39,0
DA:41,0
DA:45,0
DA:46,0
DA:48,0
DA:51,0
DA:52,0
DA:55,0
DA:57,0
DA:62,0
DA:63,0
DA:67,0
DA:68,0
DA:69,0
DA:70,0
DA:73,0
DA:74,0
DA:77,0
DA:78,0
DA:79,0
DA:85,0
DA:86,0
DA:87,0
DA:92,0
DA:93,0
DA:95,0
DA:97,0
DA:99,0
DA:101,0
DA:103,0
DA:108,0
DA:109,0
DA:110,0
DA:111,0
DA:115,0
DA:116,0
DA:117,0
DA:120,0
DA:121,0
DA:122,0
DA:123,0
DA:124,0
DA:125,0
DA:126,0
DA:127,0
DA:128,0
DA:132,0
DA:133,0
DA:134,0
DA:138,0
DA:171,0
DA:180,0
DA:187,0
DA:228,0
LF:69
LH:0
BRDA:24,0,0,0
BRDA:36,1,0,0
BRDA:39,2,0,0
BRDA:39,2,1,0
BRDA:41,3,0,0
BRDA:41,3,1,0
BRDA:45,4,0,0
BRDA:45,4,1,0
BRDA:51,5,0,0
BRDA:51,5,1,0
BRDA:68,6,0,0
BRDA:68,6,1,0
BRDA:73,7,0,0
BRDA:73,7,1,0
BRDA:78,8,0,0
BRDA:78,8,1,0
BRDA:86,9,0,0
BRDA:86,9,1,0
BRDA:86,10,0,0
BRDA:86,10,1,0
BRDA:93,11,0,0
BRDA:93,11,1,0
BRDA:93,11,2,0
BRDA:93,11,3,0
BRDA:93,11,4,0
BRDA:109,12,0,0
BRDA:109,12,1,0
BRDA:110,13,0,0
BRDA:110,13,1,0
BRDA:111,14,0,0
BRDA:111,14,1,0
BRDA:124,15,0,0
BRDA:124,15,1,0
BRDA:133,16,0,0
BRDA:133,16,1,0
BRDA:179,17,0,0
BRDA:179,17,1,0
BRDA:181,18,0,0
BRDA:181,18,1,0
BRDA:219,19,0,0
BRDA:219,19,1,0
BRDA:219,20,0,0
BRDA:219,20,1,0
BRDA:223,21,0,0
BRDA:223,21,1,0
BRDA:239,22,0,0
BRDA:239,22,1,0
BRDA:240,23,0,0
BRDA:240,23,1,0
BRDA:241,24,0,0
BRDA:241,24,1,0
BRDA:244,25,0,0
BRDA:244,25,1,0
BRDA:245,26,0,0
BRDA:245,26,1,0
BRDA:246,27,0,0
BRDA:246,27,1,0
BRDA:262,28,0,0
BRDA:262,28,1,0
BRDA:263,29,0,0
BRDA:263,29,1,0
BRDA:264,30,0,0
BRDA:264,30,1,0
BRDA:266,31,0,0
BRDA:266,31,1,0
BRDA:267,32,0,0
BRDA:267,32,1,0
BRDA:268,33,0,0
BRDA:268,33,1,0
BRDA:274,34,0,0
BRDA:274,34,1,0
BRDA:291,35,0,0
BRDA:291,35,1,0
BRDA:292,36,0,0
BRDA:292,36,1,0
BRDA:293,37,0,0
BRDA:293,37,1,0
BRF:77
BRH:0
end_of_record
TN:
SF:src/components/StockChart.tsx
FN:31,(anonymous_0)
FN:55,(anonymous_1)
FN:56,(anonymous_2)
FN:66,(anonymous_3)
FN:199,(anonymous_4)
FN:229,(anonymous_5)
FN:242,(anonymous_6)
FN:259,(anonymous_7)
FN:263,(anonymous_8)
FN:308,(anonymous_9)
FN:323,(anonymous_10)
FN:335,(anonymous_11)
FN:352,(anonymous_12)
FN:361,(anonymous_13)
FN:369,(anonymous_14)
FN:370,(anonymous_15)
FN:377,(anonymous_16)
FN:378,(anonymous_17)
FN:385,(anonymous_18)
FN:386,(anonymous_19)
FN:393,(anonymous_20)
FN:394,(anonymous_21)
FN:401,(anonymous_22)
FN:402,(anonymous_23)
FN:409,(anonymous_24)
FN:410,(anonymous_25)
FN:427,(anonymous_26)
FN:428,(anonymous_27)
FN:447,(anonymous_28)
FNF:29
FNH:0
FNDA:0,(anonymous_0)
FNDA:0,(anonymous_1)
FNDA:0,(anonymous_2)
FNDA:0,(anonymous_3)
FNDA:0,(anonymous_4)
FNDA:0,(anonymous_5)
FNDA:0,(anonymous_6)
FNDA:0,(anonymous_7)
FNDA:0,(anonymous_8)
FNDA:0,(anonymous_9)
FNDA:0,(anonymous_10)
FNDA:0,(anonymous_11)
FNDA:0,(anonymous_12)
FNDA:0,(anonymous_13)
FNDA:0,(anonymous_14)
FNDA:0,(anonymous_15)
FNDA:0,(anonymous_16)
FNDA:0,(anonymous_17)
FNDA:0,(anonymous_18)
FNDA:0,(anonymous_19)
FNDA:0,(anonymous_20)
FNDA:0,(anonymous_21)
FNDA:0,(anonymous_22)
FNDA:0,(anonymous_23)
FNDA:0,(anonymous_24)
FNDA:0,(anonymous_25)
FNDA:0,(anonymous_26)
FNDA:0,(anonymous_27)
FNDA:0,(anonymous_28)
DA:28,0
DA:29,0
DA:31,0
DA:32,0
DA:33,0
DA:34,0
DA:35,0
DA:36,0
DA:37,0
DA:38,0
DA:39,0
DA:40,0
DA:41,0
DA:42,0
DA:43,0
DA:44,0
DA:47,0
DA:49,0
DA:55,0
DA:56,0
DA:57,0
DA:58,0
DA:59,0
DA:60,0
DA:62,0
DA:66,0
DA:67,0
DA:70,0
DA:107,0
DA:110,0
DA:147,0
DA:150,0
DA:157,0
DA:160,0
DA:166,0
DA:169,0
DA:175,0
DA:178,0
DA:184,0
DA:187,0
DA:193,0
DA:196,0
DA:199,0
DA:203,0
DA:206,0
DA:213,0
DA:216,0
DA:223,0
DA:226,0
DA:229,0
DA:230,0
DA:231,0
DA:232,0
DA:233,0
DA:237,0
DA:242,0
DA:243,0
DA:244,0
DA:245,0
DA:246,0
DA:250,0
DA:254,0
DA:255,0
DA:258,0
DA:259,0
DA:261,0
DA:262,0
DA:263,0
DA:264,0
DA:265,0
DA:276,0
DA:279,0
DA:280,0
DA:282,0
DA:283,0
DA:284,0
DA:286,0
DA:287,0
DA:291,0
DA:292,0
DA:300,0
DA:304,0
DA:305,0
DA:308,0
DA:309,0
DA:310,0
DA:314,0
DA:315,0
DA:321,0
DA:323,0
DA:324,0
DA:325,0
DA:326,0
DA:327,0
DA:328,0
DA:329,0
DA:330,0
DA:335,0
DA:336,0
DA:339,0
DA:342,0
DA:343,0
DA:344,0
DA:345,0
DA:346,0
DA:349,0
DA:352,0
DA:361,0
DA:368,0
DA:369,0
DA:370,0
DA:376,0
DA:377,0
DA:378,0
DA:384,0
DA:385,0
DA:386,0
DA:392,0
DA:393,0
DA:394,0
DA:400,0
DA:401,0
DA:402,0
DA:408,0
DA:409,0
DA:410,0
DA:415,0
DA:416,0
DA:417,0
DA:418,0
DA:419,0
DA:420,0
DA:421,0
DA:422,0
DA:425,0
DA:426,0
DA:427,0
DA:429,0
DA:430,0
DA:432,0
DA:433,0
DA:434,0
DA:435,0
DA:437,0
DA:439,0
DA:447,0
DA:450,0
DA:451,0
DA:453,0
DA:456,0
DA:457,0
DA:462,0
DA:463,0
DA:467,0
DA:468,0
DA:483,0
LF:156
LH:0
BRDA:57,0,0,0
BRDA:57,0,1,0
BRDA:67,1,0,0
BRDA:67,1,1,0
BRDA:67,2,0,0
BRDA:67,2,1,0
BRDA:230,3,0,0
BRDA:230,3,1,0
BRDA:230,4,0,0
BRDA:230,4,1,0
BRDA:230,4,2,0
BRDA:243,5,0,0
BRDA:243,5,1,0
BRDA:243,6,0,0
BRDA:243,6,1,0
BRDA:243,6,2,0
BRDA:261,7,0,0
BRDA:261,7,1,0
BRDA:264,8,0,0
BRDA:264,8,1,0
BRDA:279,9,0,0
BRDA:279,9,1,0
BRDA:280,10,0,0
BRDA:280,10,1,0
BRDA:286,11,0,0
BRDA:286,11,1,0
BRDA:286,12,0,0
BRDA:286,12,1,0
BRDA:291,13,0,0
BRDA:291,13,1,0
BRDA:291,14,0,0
BRDA:291,14,1,0
BRDA:309,15,0,0
BRDA:309,15,1,0
BRDA:309,16,0,0
BRDA:309,16,1,0
BRDA:314,17,0,0
BRDA:314,17,1,0
BRDA:314,18,0,0
BRDA:314,18,1,0
BRDA:336,19,0,0
BRDA:336,19,1,0
BRDA:336,20,0,0
BRDA:336,20,1,0
BRDA:336,20,2,0
BRDA:336,20,3,0
BRDA:336,20,4,0
BRDA:336,20,5,0
BRDA:336,20,6,0
BRDA:336,20,7,0
BRDA:336,20,8,0
BRDA:363,21,0,0
BRDA:363,21,1,0
BRDA:364,22,0,0
BRDA:364,22,1,0
BRDA:364,23,0,0
BRDA:364,23,1,0
BRDA:369,24,0,0
BRDA:369,24,1,0
BRDA:377,25,0,0
BRDA:377,25,1,0
BRDA:385,26,0,0
BRDA:385,26,1,0
BRDA:393,27,0,0
BRDA:393,27,1,0
BRDA:401,28,0,0
BRDA:401,28,1,0
BRDA:409,29,0,0
BRDA:409,29,1,0
BRDA:425,30,0,0
BRDA:425,30,1,0
BRDA:425,31,0,0
BRDA:425,31,1,0
BRDA:425,31,2,0
BRDA:429,32,0,0
BRDA:429,32,1,0
BRDA:432,33,0,0
BRDA:432,33,1,0
BRDA:434,34,0,0
BRDA:434,34,1,0
BRDA:441,35,0,0
BRDA:441,35,1,0
BRDA:443,36,0,0
BRDA:443,36,1,0
BRDA:450,37,0,0
BRDA:450,37,1,0
BRDA:456,38,0,0
BRDA:456,38,1,0
BRDA:462,39,0,0
BRDA:462,39,1,0
BRDA:467,40,0,0
BRDA:467,40,1,0
BRDA:487,41,0,0
BRDA:487,41,1,0
BRDA:507,42,0,0
BRDA:507,42,1,0
BRF:96
BRH:0
end_of_record
TN:
SF:src/pages/BacktestManager.tsx
FN:86,(anonymous_0)
FN:114,(anonymous_1)
FN:115,(anonymous_2)
FN:116,(anonymous_3)
FN:117,(anonymous_4)
FN:118,(anonymous_5)
FN:123,(anonymous_6)
FN:125,(anonymous_7)
FN:140,(anonymous_8)
FN:145,(anonymous_9)
FN:146,(anonymous_10)
FN:147,(anonymous_11)
FN:148,(anonymous_12)
FN:157,(anonymous_13)
FN:173,(anonymous_14)
FN:183,(anonymous_15)
FN:199,(anonymous_16)
FN:203,(anonymous_17)
FN:207,(anonymous_18)
FN:226,(anonymous_19)
FN:268,(anonymous_20)
FN:278,(anonymous_21)
FN:283,(anonymous_22)
FN:288,(anonymous_23)
FN:292,(anonymous_24)
FN:298,(anonymous_25)
FN:302,(anonymous_26)
FN:306,(anonymous_27)
FN:308,(anonymous_28)
FN:308,(anonymous_29)
FN:319,(anonymous_30)
FN:326,(anonymous_31)
FN:338,(anonymous_32)
FN:343,(anonymous_33)
FN:353,(anonymous_34)
FN:367,(anonymous_35)
FN:373,(anonymous_36)
FN:393,(anonymous_37)
FN:401,(anonymous_38)
FN:423,(anonymous_39)
FN:430,(anonymous_40)
FN:441,(anonymous_41)
FN:448,(anonymous_42)
FN:469,(anonymous_43)
FN:489,(anonymous_44)
FN:516,(anonymous_45)
FN:530,(anonymous_46)
FN:542,(anonymous_47)
FN:560,(anonymous_48)
FN:572,(anonymous_49)
FN:582,(anonymous_50)
FN:588,(anonymous_51)
FN:606,(anonymous_52)
FN:607,(anonymous_53)
FN:669,(anonymous_54)
FN:672,(anonymous_55)
FN:673,(anonymous_56)
FN:696,(anonymous_57)
FN:705,(anonymous_58)
FN:710,(anonymous_59)
FN:723,(anonymous_60)
FN:723,(anonymous_61)
FN:728,(anonymous_62)
FN:732,(anonymous_63)
FN:739,(anonymous_64)
FN:762,(anonymous_65)
FN:777,(anonymous_66)
FN:781,(anonymous_67)
FN:799,(anonymous_68)
FN:813,(anonymous_69)
FN:835,(anonymous_70)
FN:864,(anonymous_71)
FN:888,(anonymous_72)
FN:898,(anonymous_73)
FN:899,(anonymous_74)
FN:905,(anonymous_75)
FN:919,(anonymous_76)
FN:937,(anonymous_77)
FN:964,(anonymous_78)
FN:976,(anonymous_79)
FNF:80
FNH:0
FNDA:0,(anonymous_0)
FNDA:0,(anonymous_1)
FNDA:0,(anonymous_2)
FNDA:0,(anonymous_3)
FNDA:0,(anonymous_4)
FNDA:0,(anonymous_5)
FNDA:0,(anonymous_6)
FNDA:0,(anonymous_7)
FNDA:0,(anonymous_8)
FNDA:0,(anonymous_9)
FNDA:0,(anonymous_10)
FNDA:0,(anonymous_11)
FNDA:0,(anonymous_12)
FNDA:0,(anonymous_13)
FNDA:0,(anonymous_14)
FNDA:0,(anonymous_15)
FNDA:0,(anonymous_16)
FNDA:0,(anonymous_17)
FNDA:0,(anonymous_18)
FNDA:0,(anonymous_19)
FNDA:0,(anonymous_20)
FNDA:0,(anonymous_21)
FNDA:0,(anonymous_22)
FNDA:0,(anonymous_23)
FNDA:0,(anonymous_24)
FNDA:0,(anonymous_25)
FNDA:0,(anonymous_26)
FNDA:0,(anonymous_27)
FNDA:0,(anonymous_28)
FNDA:0,(anonymous_29)
FNDA:0,(anonymous_30)
FNDA:0,(anonymous_31)
FNDA:0,(anonymous_32)
FNDA:0,(anonymous_33)
FNDA:0,(anonymous_34)
FNDA:0,(anonymous_35)
FNDA:0,(anonymous_36)
FNDA:0,(anonymous_37)
FNDA:0,(anonymous_38)
FNDA:0,(anonymous_39)
FNDA:0,(anonymous_40)
FNDA:0,(anonymous_41)
FNDA:0,(anonymous_42)
FNDA:0,(anonymous_43)
FNDA:0,(anonymous_44)
FNDA:0,(anonymous_45)
FNDA:0,(anonymous_46)
FNDA:0,(anonymous_47)
FNDA:0,(anonymous_48)
FNDA:0,(anonymous_49)
FNDA:0,(anonymous_50)
FNDA:0,(anonymous_51)
FNDA:0,(anonymous_52)
FNDA:0,(anonymous_53)
FNDA:0,(anonymous_54)
FNDA:0,(anonymous_55)
FNDA:0,(anonymous_56)
FNDA:0,(anonymous_57)
FNDA:0,(anonymous_58)
FNDA:0,(anonymous_59)
FNDA:0,(anonymous_60)
FNDA:0,(anonymous_61)
FNDA:0,(anonymous_62)
FNDA:0,(anonymous_63)
FNDA:0,(anonymous_64)
FNDA:0,(anonymous_65)
FNDA:0,(anonymous_66)
FNDA:0,(anonymous_67)
FNDA:0,(anonymous_68)
FNDA:0,(anonymous_69)
FNDA:0,(anonymous_70)
FNDA:0,(anonymous_71)
FNDA:0,(anonymous_72)
FNDA:0,(anonymous_73)
FNDA:0,(anonymous_74)
FNDA:0,(anonymous_75)
FNDA:0,(anonymous_76)
FNDA:0,(anonymous_77)
FNDA:0,(anonymous_78)
FNDA:0,(anonymous_79)
DA:53,0
DA:55,0
DA:56,0
DA:57,0
DA:60,0
DA:86,0
DA:87,0
DA:88,0
DA:89,0
DA:91,0
DA:92,0
DA:93,0
DA:94,0
DA:95,0
DA:96,0
DA:97,0
DA:98,0
DA:99,0
DA:100,0
DA:101,0
DA:102,0
DA:103,0
DA:104,0
DA:105,0
DA:106,0
DA:107,0
DA:108,0
DA:110,0
DA:113,0
DA:114,0
DA:115,0
DA:116,0
DA:117,0
DA:118,0
DA:123,0
DA:124,0
DA:125,0
DA:126,0
DA:127,0
DA:128,0
DA:133,0
DA:140,0
DA:141,0
DA:145,0
DA:146,0
DA:147,0
DA:148,0
DA:149,0
DA:157,0
DA:158,0
DA:159,0
DA:160,0
DA:164,0
DA:165,0
DA:167,0
DA:169,0
DA:173,0
DA:174,0
DA:175,0
DA:176,0
DA:178,0
DA:179,0
DA:183,0
DA:184,0
DA:185,0
DA:186,0
DA:190,0
DA:191,0
DA:193,0
DA:195,0
DA:199,0
DA:200,0
DA:203,0
DA:204,0
DA:207,0
DA:208,0
DA:209,0
DA:211,0
DA:212,0
DA:213,0
DA:214,0
DA:215,0
DA:221,0
DA:226,0
DA:227,0
DA:228,0
DA:230,0
DA:238,0
DA:239,0
DA:241,0
DA:244,0
DA:252,0
DA:254,0
DA:255,0
DA:257,0
DA:258,0
DA:259,0
DA:260,0
DA:262,0
DA:264,0
DA:268,0
DA:269,0
DA:270,0
DA:271,0
DA:272,0
DA:274,0
DA:278,0
DA:279,0
DA:280,0
DA:283,0
DA:284,0
DA:285,0
DA:288,0
DA:289,0
DA:290,0
DA:291,0
DA:292,0
DA:297,0
DA:298,0
DA:302,0
DA:303,0
DA:305,0
DA:306,0
DA:308,0
DA:313,0
DA:319,0
DA:327,0
DA:339,0
DA:343,0
DA:354,0
DA:355,0
DA:368,0
DA:373,0
DA:393,0
DA:402,0
DA:403,0
DA:404,0
DA:407,0
DA:408,0
DA:409,0
DA:410,0
DA:411,0
DA:413,0
DA:414,0
DA:415,0
DA:424,0
DA:431,0
DA:432,0
DA:441,0
DA:449,0
DA:450,0
DA:451,0
DA:452,0
DA:454,0
DA:470,0
DA:471,0
DA:472,0
DA:473,0
DA:475,0
DA:490,0
DA:491,0
DA:493,0
DA:510,0
DA:516,0
DA:531,0
DA:543,0
DA:544,0
DA:545,0
DA:546,0
DA:561,0
DA:562,0
DA:563,0
DA:572,0
DA:577,0
DA:582,0
DA:588,0
DA:607,0
DA:615,0
DA:670,0
DA:672,0
DA:673,0
DA:674,0
DA:696,0
DA:706,0
DA:707,0
DA:708,0
DA:709,0
DA:710,0
DA:713,0
DA:723,0
DA:729,0
DA:730,0
DA:733,0
DA:740,0
DA:741,0
DA:743,0
DA:744,0
DA:752,0
DA:762,0
DA:778,0
DA:779,0
DA:781,0
DA:799,0
DA:813,0
DA:825,0
DA:835,0
DA:865,0
DA:889,0
DA:898,0
DA:899,0
DA:905,0
DA:919,0
DA:937,0
DA:964,0
DA:976,0
LF:215
LH:0
BRDA:126,0,0,0
BRDA:126,0,1,0
BRDA:212,1,0,0
BRDA:212,1,1,0
BRDA:216,2,0,0
BRDA:216,2,1,0
BRDA:235,3,0,0
BRDA:235,3,1,0
BRDA:238,4,0,0
BRDA:238,4,1,0
BRDA:239,5,0,0
BRDA:239,5,1,0
BRDA:250,6,0,0
BRDA:250,6,1,0
BRDA:255,7,0,0
BRDA:255,7,1,0
BRDA:262,8,0,0
BRDA:262,8,1,0
BRDA:274,9,0,0
BRDA:274,9,1,0
BRDA:288,10,0,0
BRDA:289,11,0,0
BRDA:289,11,1,0
BRDA:289,12,0,0
BRDA:289,12,1,0
BRDA:294,13,0,0
BRDA:294,13,1,0
BRDA:303,14,0,0
BRDA:303,14,1,0
BRDA:343,15,0,0
BRDA:343,15,1,0
BRDA:354,16,0,0
BRDA:354,16,1,0
BRDA:375,17,0,0
BRDA:375,17,1,0
BRDA:376,18,0,0
BRDA:376,18,1,0
BRDA:377,19,0,0
BRDA:377,19,1,0
BRDA:380,20,0,0
BRDA:380,20,1,0
BRDA:380,20,2,0
BRDA:393,21,0,0
BRDA:393,21,1,0
BRDA:402,22,0,0
BRDA:402,22,1,0
BRDA:403,23,0,0
BRDA:403,23,1,0
BRDA:404,24,0,0
BRDA:404,24,1,0
BRDA:407,25,0,0
BRDA:407,25,1,0
BRDA:408,26,0,0
BRDA:408,26,1,0
BRDA:411,27,0,0
BRDA:411,27,1,0
BRDA:415,28,0,0
BRDA:415,28,1,0
BRDA:444,29,0,0
BRDA:444,29,1,0
BRDA:465,30,0,0
BRDA:465,30,1,0
BRDA:532,31,0,0
BRDA:532,31,1,0
BRDA:543,32,0,0
BRDA:543,32,1,0
BRDA:544,33,0,0
BRDA:544,33,1,0
BRDA:544,34,0,0
BRDA:544,34,1,0
BRDA:545,35,0,0
BRDA:545,35,1,0
BRDA:545,36,0,0
BRDA:545,36,1,0
BRDA:548,37,0,0
BRDA:548,37,1,0
BRDA:561,38,0,0
BRDA:561,38,1,0
BRDA:562,39,0,0
BRDA:562,39,1,0
BRDA:562,40,0,0
BRDA:562,40,1,0
BRDA:706,41,0,0
BRDA:706,41,1,0
BRDA:707,42,0,0
BRDA:707,42,1,0
BRDA:709,43,0,0
BRDA:709,43,1,0
BRDA:710,44,0,0
BRDA:710,44,1,0
BRDA:710,45,0,0
BRDA:710,45,1,0
BRDA:722,46,0,0
BRDA:722,46,1,0
BRDA:729,47,0,0
BRDA:729,47,1,0
BRDA:740,48,0,0
BRDA:740,48,1,0
BRDA:779,49,0,0
BRDA:779,49,1,0
BRDA:847,50,0,0
BRDA:847,50,1,0
BRDA:923,51,0,0
BRDA:923,51,1,0
BRDA:941,52,0,0
BRDA:941,52,1,0
BRDA:952,53,0,0
BRDA:952,53,1,0
BRDA:962,54,0,0
BRDA:962,54,1,0
BRDA:969,55,0,0
BRDA:969,55,1,0
BRDA:981,56,0,0
BRDA:981,56,1,0
BRDA:981,57,0,0
BRDA:981,57,1,0
BRF:116
BRH:0
end_of_record
TN:
SF:src/pages/BacktestResults.tsx
FN:56,(anonymous_0)
FN:60,(anonymous_1)
FN:84,(anonymous_2)
FN:88,(anonymous_3)
FN:118,(anonymous_4)
FN:147,(anonymous_5)
FN:170,(anonymous_6)
FN:177,(anonymous_7)
FN:190,(anonymous_8)
FN:191,(anonymous_9)
FN:194,(anonymous_10)
FN:208,(anonymous_11)
FN:226,(anonymous_12)
FN:230,(anonymous_13)
FN:237,(anonymous_14)
FN:243,(anonymous_15)
FN:244,(anonymous_16)
FN:247,(anonymous_17)
FN:248,(anonymous_18)
FN:251,(anonymous_19)
FN:252,(anonymous_20)
FN:255,(anonymous_21)
FN:256,(anonymous_22)
FN:261,(anonymous_23)
FN:266,(anonymous_24)
FN:271,(anonymous_25)
FN:303,(anonymous_26)
FN:307,(anonymous_27)
FN:336,(anonymous_28)
FN:352,(anonymous_29)
FN:383,(anonymous_30)
FN:394,(anonymous_31)
FN:404,(anonymous_32)
FN:417,(anonymous_33)
FN:433,(anonymous_34)
FN:444,(anonymous_35)
FN:450,(anonymous_36)
FN:462,(anonymous_37)
FN:491,(anonymous_38)
FN:499,(anonymous_39)
FN:515,(anonymous_40)
FN:523,(anonymous_41)
FN:538,(anonymous_42)
FN:546,(anonymous_43)
FN:561,(anonymous_44)
FN:569,(anonymous_45)
FN:584,(anonymous_46)
FN:590,(anonymous_47)
FN:596,(anonymous_48)
FN:616,(anonymous_49)
FN:621,(anonymous_50)
FN:631,(anonymous_51)
FN:632,(anonymous_52)
FN:633,(anonymous_53)
FN:645,(anonymous_54)
FN:746,(anonymous_55)
FN:772,(anonymous_56)
FN:779,(anonymous_57)
FN:790,(anonymous_58)
FN:836,(anonymous_59)
FN:850,(anonymous_60)
FN:855,(anonymous_61)
FN:867,(anonymous_62)
FN:887,(anonymous_63)
FN:888,(anonymous_64)
FN:901,(anonymous_65)
FN:902,(anonymous_66)
FN:918,(anonymous_67)
FN:919,(anonymous_68)
FN:932,(anonymous_69)
FN:933,(anonymous_70)
FN:1041,(anonymous_71)
FN:1066,(anonymous_72)
FN:1070,(anonymous_73)
FN:1075,(anonymous_74)
FN:1079,(anonymous_75)
FN:1090,(anonymous_76)
FN:1102,(anonymous_77)
FN:1115,(anonymous_78)
FN:1116,(anonymous_79)
FN:1124,(anonymous_80)
FN:1125,(anonymous_81)
FN:1136,(anonymous_82)
FN:1151,(anonymous_83)
FN:1325,(anonymous_84)
FN:1340,(anonymous_85)
FN:1347,(anonymous_86)
FN:1362,(anonymous_87)
FN:1377,(anonymous_88)
FN:1394,(anonymous_89)
FN:1403,(anonymous_90)
FN:1419,(anonymous_91)
FN:1437,(anonymous_92)
FN:1469,(anonymous_93)
FN:1474,(anonymous_94)
FN:1563,(anonymous_95)
FN:1569,(anonymous_96)
FNF:97
FNH:0
FNDA:0,(anonymous_0)
FNDA:0,(anonymous_1)
FNDA:0,(anonymous_2)
FNDA:0,(anonymous_3)
FNDA:0,(anonymous_4)
FNDA:0,(anonymous_5)
FNDA:0,(anonymous_6)
FNDA:0,(anonymous_7)
FNDA:0,(anonymous_8)
FNDA:0,(anonymous_9)
FNDA:0,(anonymous_10)
FNDA:0,(anonymous_11)
FNDA:0,(anonymous_12)
FNDA:0,(anonymous_13)
FNDA:0,(anonymous_14)
FNDA:0,(anonymous_15)
FNDA:0,(anonymous_16)
FNDA:0,(anonymous_17)
FNDA:0,(anonymous_18)
FNDA:0,(anonymous_19)
FNDA:0,(anonymous_20)
FNDA:0,(anonymous_21)
FNDA:0,(anonymous_22)
FNDA:0,(anonymous_23)
FNDA:0,(anonymous_24)
FNDA:0,(anonymous_25)
FNDA:0,(anonymous_26)
FNDA:0,(anonymous_27)
FNDA:0,(anonymous_28)
FNDA:0,(anonymous_29)
FNDA:0,(anonymous_30)
FNDA:0,(anonymous_31)
FNDA:0,(anonymous_32)
FNDA:0,(anonymous_33)
FNDA:0,(anonymous_34)
FNDA:0,(anonymous_35)
FNDA:0,(anonymous_36)
FNDA:0,(anonymous_37)
FNDA:0,(anonymous_38)
FNDA:0,(anonymous_39)
FNDA:0,(anonymous_40)
FNDA:0,(anonymous_41)
FNDA:0,(anonymous_42)
FNDA:0,(anonymous_43)
FNDA:0,(anonymous_44)
FNDA:0,(anonymous_45)
FNDA:0,(anonymous_46)
FNDA:0,(anonymous_47)
FNDA:0,(anonymous_48)
FNDA:0,(anonymous_49)
FNDA:0,(anonymous_50)
FNDA:0,(anonymous_51)
FNDA:0,(anonymous_52)
FNDA:0,(anonymous_53)
FNDA:0,(anonymous_54)
FNDA:0,(anonymous_55)
FNDA:0,(anonymous_56)
FNDA:0,(anonymous_57)
FNDA:0,(anonymous_58)
FNDA:0,(anonymous_59)
FNDA:0,(anonymous_60)
FNDA:0,(anonymous_61)
FNDA:0,(anonymous_62)
FNDA:0,(anonymous_63)
FNDA:0,(anonymous_64)
FNDA:0,(anonymous_65)
FNDA:0,(anonymous_66)
FNDA:0,(anonymous_67)
FNDA:0,(anonymous_68)
FNDA:0,(anonymous_69)
FNDA:0,(anonymous_70)
FNDA:0,(anonymous_71)
FNDA:0,(anonymous_72)
FNDA:0,(anonymous_73)
FNDA:0,(anonymous_74)
FNDA:0,(anonymous_75)
FNDA:0,(anonymous_76)
FNDA:0,(anonymous_77)
FNDA:0,(anonymous_78)
FNDA:0,(anonymous_79)
FNDA:0,(anonymous_80)
FNDA:0,(anonymous_81)
FNDA:0,(anonymous_82)
FNDA:0,(anonymous_83)
FNDA:0,(anonymous_84)
FNDA:0,(anonymous_85)
FNDA:0,(anonymous_86)
FNDA:0,(anonymous_87)
FNDA:0,(anonymous_88)
FNDA:0,(anonymous_89)
FNDA:0,(anonymous_90)
FNDA:0,(anonymous_91)
FNDA:0,(anonymous_92)
FNDA:0,(anonymous_93)
FNDA:0,(anonymous_94)
FNDA:0,(anonymous_95)
FNDA:0,(anonymous_96)
DA:41,0
DA:42,0
DA:43,0
DA:46,0
DA:56,0
DA:57,0
DA:60,0
DA:61,0
DA:62,0
DA:63,0
DA:64,0
DA:65,0
DA:66,0
DA:68,0
DA:69,0
DA:70,0
DA:71,0
DA:72,0
DA:73,0
DA:75,0
DA:76,0
DA:77,0
DA:79,0
DA:80,0
DA:81,0
DA:84,0
DA:85,0
DA:86,0
DA:88,0
DA:89,0
DA:94,0
DA:104,0
DA:110,0
DA:118,0
DA:124,0
DA:125,0
DA:126,0
DA:147,0
DA:148,0
DA:149,0
DA:153,0
DA:155,0
DA:156,0
DA:163,0
DA:164,0
DA:166,0
DA:170,0
DA:171,0
DA:176,0
DA:177,0
DA:178,0
DA:179,0
DA:180,0
DA:181,0
DA:190,0
DA:191,0
DA:194,0
DA:195,0
DA:208,0
DA:209,0
DA:212,0
DA:213,0
DA:216,0
DA:217,0
DA:223,0
DA:226,0
DA:227,0
DA:228,0
DA:229,0
DA:230,0
DA:231,0
DA:233,0
DA:237,0
DA:238,0
DA:242,0
DA:244,0
DA:248,0
DA:252,0
DA:256,0
DA:261,0
DA:262,0
DA:263,0
DA:266,0
DA:268,0
DA:269,0
DA:271,0
DA:285,0
DA:286,0
DA:287,0
DA:288,0
DA:289,0
DA:290,0
DA:291,0
DA:292,0
DA:293,0
DA:296,0
DA:304,0
DA:308,0
DA:309,0
DA:310,0
DA:311,0
DA:312,0
DA:315,0
DA:316,0
DA:317,0
DA:318,0
DA:320,0
DA:321,0
DA:322,0
DA:323,0
DA:325,0
DA:329,0
DA:330,0
DA:332,0
DA:336,0
DA:353,0
DA:354,0
DA:355,0
DA:356,0
DA:357,0
DA:358,0
DA:360,0
DA:361,0
DA:362,0
DA:364,0
DA:384,0
DA:395,0
DA:405,0
DA:406,0
DA:407,0
DA:409,0
DA:418,0
DA:434,0
DA:444,0
DA:452,0
DA:453,0
DA:455,0
DA:464,0
DA:473,0
DA:474,0
DA:491,0
DA:500,0
DA:515,0
DA:524,0
DA:538,0
DA:547,0
DA:561,0
DA:570,0
DA:584,0
DA:590,0
DA:596,0
DA:617,0
DA:621,0
DA:630,0
DA:631,0
DA:632,0
DA:633,0
DA:645,0
DA:646,0
DA:685,0
DA:746,0
DA:774,0
DA:775,0
DA:776,0
DA:778,0
DA:779,0
DA:780,0
DA:781,0
DA:782,0
DA:784,0
DA:785,0
DA:786,0
DA:787,0
DA:788,0
DA:790,0
DA:796,0
DA:797,0
DA:799,0
DA:837,0
DA:851,0
DA:856,0
DA:868,0
DA:888,0
DA:889,0
DA:902,0
DA:903,0
DA:919,0
DA:920,0
DA:933,0
DA:934,0
DA:1042,0
DA:1066,0
DA:1070,0
DA:1075,0
DA:1079,0
DA:1090,0
DA:1102,0
DA:1116,0
DA:1117,0
DA:1125,0
DA:1126,0
DA:1136,0
DA:1151,0
DA:1325,0
DA:1340,0
DA:1348,0
DA:1363,0
DA:1378,0
DA:1395,0
DA:1396,0
DA:1397,0
DA:1405,0
DA:1406,0
DA:1407,0
DA:1409,0
DA:1420,0
DA:1421,0
DA:1422,0
DA:1423,0
DA:1424,0
DA:1426,0
DA:1427,0
DA:1429,0
DA:1431,0
DA:1438,0
DA:1439,0
DA:1440,0
DA:1470,0
DA:1471,0
DA:1475,0
DA:1476,0
DA:1564,0
DA:1565,0
DA:1570,0
LF:234
LH:0
BRDA:57,0,0,0
BRDA:57,0,1,0
BRDA:85,1,0,0
BRDA:85,1,1,0
BRDA:119,2,0,0
BRDA:120,3,0,0
BRDA:129,4,0,0
BRDA:129,4,1,0
BRDA:130,5,0,0
BRDA:130,5,1,0
BRDA:131,6,0,0
BRDA:131,6,1,0
BRDA:142,7,0,0
BRDA:142,7,1,0
BRDA:143,8,0,0
BRDA:143,8,1,0
BRDA:148,9,0,0
BRDA:148,9,1,0
BRDA:179,10,0,0
BRDA:179,10,1,0
BRDA:184,11,0,0
BRDA:184,11,1,0
BRDA:185,12,0,0
BRDA:185,12,1,0
BRDA:212,13,0,0
BRDA:212,13,1,0
BRDA:213,14,0,0
BRDA:213,14,1,0
BRDA:274,15,0,0
BRDA:274,15,1,0
BRDA:310,16,0,0
BRDA:310,16,1,0
BRDA:318,17,0,0
BRDA:318,17,1,0
BRDA:320,18,0,0
BRDA:320,18,1,0
BRDA:323,19,0,0
BRDA:323,19,1,0
BRDA:385,20,0,0
BRDA:385,20,1,0
BRDA:396,21,0,0
BRDA:396,21,1,0
BRDA:405,22,0,0
BRDA:405,22,1,0
BRDA:405,23,0,0
BRDA:405,23,1,0
BRDA:418,24,0,0
BRDA:418,24,1,0
BRDA:435,25,0,0
BRDA:435,25,1,0
BRDA:444,26,0,0
BRDA:444,26,1,0
BRDA:452,27,0,0
BRDA:452,27,1,0
BRDA:452,28,0,0
BRDA:452,28,1,0
BRDA:452,28,2,0
BRDA:473,29,0,0
BRDA:473,29,1,0
BRDA:493,30,0,0
BRDA:493,30,1,0
BRDA:493,31,0,0
BRDA:493,31,1,0
BRDA:501,32,0,0
BRDA:501,32,1,0
BRDA:505,33,0,0
BRDA:505,33,1,0
BRDA:507,34,0,0
BRDA:507,34,1,0
BRDA:517,35,0,0
BRDA:517,35,1,0
BRDA:517,36,0,0
BRDA:517,36,1,0
BRDA:525,37,0,0
BRDA:525,37,1,0
BRDA:540,38,0,0
BRDA:540,38,1,0
BRDA:540,39,0,0
BRDA:540,39,1,0
BRDA:548,40,0,0
BRDA:548,40,1,0
BRDA:548,41,0,0
BRDA:548,41,1,0
BRDA:563,42,0,0
BRDA:563,42,1,0
BRDA:563,43,0,0
BRDA:563,43,1,0
BRDA:596,44,0,0
BRDA:596,44,1,0
BRDA:630,45,0,0
BRDA:630,45,1,0
BRDA:645,46,0,0
BRDA:666,47,0,0
BRDA:666,47,1,0
BRDA:666,48,0,0
BRDA:666,48,1,0
BRDA:673,49,0,0
BRDA:673,49,1,0
BRDA:673,50,0,0
BRDA:673,50,1,0
BRDA:679,51,0,0
BRDA:679,51,1,0
BRDA:679,52,0,0
BRDA:679,52,1,0
BRDA:704,53,0,0
BRDA:704,53,1,0
BRDA:705,54,0,0
BRDA:705,54,1,0
BRDA:714,55,0,0
BRDA:714,55,1,0
BRDA:715,56,0,0
BRDA:715,56,1,0
BRDA:723,57,0,0
BRDA:723,57,1,0
BRDA:723,58,0,0
BRDA:723,58,1,0
BRDA:755,59,0,0
BRDA:755,59,1,0
BRDA:755,59,2,0
BRDA:755,59,3,0
BRDA:755,59,4,0
BRDA:780,60,0,0
BRDA:780,60,1,0
BRDA:781,61,0,0
BRDA:781,61,1,0
BRDA:786,62,0,0
BRDA:786,62,1,0
BRDA:792,63,0,0
BRDA:792,63,1,0
BRDA:793,64,0,0
BRDA:793,64,1,0
BRDA:794,65,0,0
BRDA:794,65,1,0
BRDA:849,66,0,0
BRDA:849,66,1,0
BRDA:889,67,0,0
BRDA:889,67,1,0
BRDA:903,68,0,0
BRDA:903,68,1,0
BRDA:920,69,0,0
BRDA:920,69,1,0
BRDA:934,70,0,0
BRDA:934,70,1,0
BRDA:1062,71,0,0
BRDA:1062,71,1,0
BRDA:1066,72,0,0
BRDA:1066,72,1,0
BRDA:1075,73,0,0
BRDA:1075,73,1,0
BRDA:1120,74,0,0
BRDA:1120,74,1,0
BRDA:1121,75,0,0
BRDA:1121,75,1,0
BRDA:1129,76,0,0
BRDA:1129,76,1,0
BRDA:1130,77,0,0
BRDA:1130,77,1,0
BRDA:1156,78,0,0
BRDA:1156,78,1,0
BRDA:1175,79,0,0
BRDA:1175,79,1,0
BRDA:1176,80,0,0
BRDA:1176,80,1,0
BRDA:1177,81,0,0
BRDA:1177,81,1,0
BRDA:1178,82,0,0
BRDA:1178,82,1,0
BRDA:1179,83,0,0
BRDA:1179,83,1,0
BRDA:1189,84,0,0
BRDA:1189,84,1,0
BRDA:1193,85,0,0
BRDA:1193,85,1,0
BRDA:1207,86,0,0
BRDA:1207,86,1,0
BRDA:1211,87,0,0
BRDA:1211,87,1,0
BRDA:1216,88,0,0
BRDA:1216,88,1,0
BRDA:1256,89,0,0
BRDA:1256,89,1,0
BRDA:1260,90,0,0
BRDA:1260,90,1,0
BRDA:1298,91,0,0
BRDA:1298,91,1,0
BRDA:1298,91,2,0
BRDA:1301,92,0,0
BRDA:1301,92,1,0
BRDA:1307,93,0,0
BRDA:1307,93,1,0
BRDA:1349,94,0,0
BRDA:1349,94,1,0
BRDA:1364,95,0,0
BRDA:1364,95,1,0
BRDA:1405,96,0,0
BRDA:1405,96,1,0
BRDA:1405,97,0,0
BRDA:1405,97,1,0
BRDA:1420,98,0,0
BRDA:1420,98,1,0
BRDA:1427,99,0,0
BRDA:1427,99,1,0
BRDA:1448,100,0,0
BRDA:1448,100,1,0
BRDA:1448,101,0,0
BRDA:1448,101,1,0
BRDA:1484,102,0,0
BRDA:1484,102,1,0
BRDA:1488,103,0,0
BRDA:1488,103,1,0
BRDA:1501,104,0,0
BRDA:1501,104,1,0
BRDA:1505,105,0,0
BRDA:1505,105,1,0
BRDA:1505,105,2,0
BRDA:1509,106,0,0
BRDA:1509,106,1,0
BRDA:1513,107,0,0
BRDA:1513,107,1,0
BRDA:1513,107,2,0
BRDA:1518,108,0,0
BRDA:1518,108,1,0
BRDA:1524,109,0,0
BRDA:1524,109,1,0
BRDA:1530,110,0,0
BRDA:1530,110,1,0
BRDA:1536,111,0,0
BRDA:1536,111,1,0
BRDA:1541,112,0,0
BRDA:1541,112,1,0
BRDA:1541,112,2,0
BRDA:1543,113,0,0
BRDA:1543,113,1,0
BRDA:1546,114,0,0
BRDA:1546,114,1,0
BRDA:1576,115,0,0
BRDA:1576,115,1,0
BRF:237
BRH:0
end_of_record
TN:
SF:src/pages/Dashboard.tsx
FN:33,(anonymous_0)
FN:69,(anonymous_1)
FN:74,(anonymous_2)
FN:87,(anonymous_3)
FN:203,(anonymous_4)
FN:228,(anonymous_5)
FN:229,(anonymous_6)
FN:230,(anonymous_7)
FN:231,(anonymous_8)
FN:242,(anonymous_9)
FN:247,(anonymous_10)
FN:252,(anonymous_11)
FN:253,(anonymous_12)
FN:254,(anonymous_13)
FN:256,(anonymous_14)
FN:264,(anonymous_15)
FN:294,(anonymous_16)
FN:297,(anonymous_17)
FN:302,(anonymous_18)
FN:316,(anonymous_19)
FN:320,(anonymous_20)
FN:323,(anonymous_21)
FN:326,(anonymous_22)
FN:330,(anonymous_23)
FN:341,(anonymous_24)
FN:363,(anonymous_25)
FN:381,(anonymous_26)
FN:393,(anonymous_27)
FN:404,(anonymous_28)
FN:423,(anonymous_29)
FN:442,(anonymous_30)
FN:467,(anonymous_31)
FN:472,(anonymous_32)
FN:505,(anonymous_33)
FN:523,(anonymous_34)
FN:550,(anonymous_35)
FN:551,(anonymous_36)
FN:558,(anonymous_37)
FN:574,(anonymous_38)
FN:575,(anonymous_39)
FN:609,(anonymous_40)
FN:610,(anonymous_41)
FN:617,(anonymous_42)
FN:618,(anonymous_43)
FN:639,(anonymous_44)
FN:640,(anonymous_45)
FN:651,(anonymous_46)
FN:652,(anonymous_47)
FN:663,(anonymous_48)
FN:664,(anonymous_49)
FN:675,(anonymous_50)
FN:676,(anonymous_51)
FN:683,(anonymous_52)
FN:684,(anonymous_53)
FN:685,(anonymous_54)
FN:693,(anonymous_55)
FN:709,(anonymous_56)
FN:715,(anonymous_57)
FN:716,(anonymous_58)
FN:721,(anonymous_59)
FN:722,(anonymous_60)
FN:723,(anonymous_61)
FN:724,(anonymous_62)
FN:730,(anonymous_63)
FN:731,(anonymous_64)
FN:732,(anonymous_65)
FN:735,(anonymous_66)
FN:736,(anonymous_67)
FN:737,(anonymous_68)
FN:740,(anonymous_69)
FN:741,(anonymous_70)
FN:742,(anonymous_71)
FN:747,(anonymous_72)
FN:780,(anonymous_73)
FN:911,(anonymous_74)
FN:933,(anonymous_75)
FN:1007,(anonymous_76)
FN:1048,(anonymous_77)
FN:1060,(anonymous_78)
FN:1068,(anonymous_79)
FN:1075,(anonymous_80)
FN:1083,(anonymous_81)
FN:1110,(anonymous_82)
FN:1118,(anonymous_83)
FN:1132,(anonymous_84)
FN:1137,(anonymous_85)
FN:1142,(anonymous_86)
FN:1188,(anonymous_87)
FN:1260,(anonymous_88)
FN:1269,(anonymous_89)
FN:1271,(anonymous_90)
FN:1286,(anonymous_91)
FN:1304,(anonymous_92)
FN:1334,(anonymous_93)
FN:1340,(anonymous_94)
FN:1363,(anonymous_95)
FN:1368,(anonymous_96)
FNF:97
FNH:0
FNDA:0,(anonymous_0)
FNDA:0,(anonymous_1)
FNDA:0,(anonymous_2)
FNDA:0,(anonymous_3)
FNDA:0,(anonymous_4)
FNDA:0,(anonymous_5)
FNDA:0,(anonymous_6)
FNDA:0,(anonymous_7)
FNDA:0,(anonymous_8)
FNDA:0,(anonymous_9)
FNDA:0,(anonymous_10)
FNDA:0,(anonymous_11)
FNDA:0,(anonymous_12)
FNDA:0,(anonymous_13)
FNDA:0,(anonymous_14)
FNDA:0,(anonymous_15)
FNDA:0,(anonymous_16)
FNDA:0,(anonymous_17)
FNDA:0,(anonymous_18)
FNDA:0,(anonymous_19)
FNDA:0,(anonymous_20)
FNDA:0,(anonymous_21)
FNDA:0,(anonymous_22)
FNDA:0,(anonymous_23)
FNDA:0,(anonymous_24)
FNDA:0,(anonymous_25)
FNDA:0,(anonymous_26)
FNDA:0,(anonymous_27)
FNDA:0,(anonymous_28)
FNDA:0,(anonymous_29)
FNDA:0,(anonymous_30)
FNDA:0,(anonymous_31)
FNDA:0,(anonymous_32)
FNDA:0,(anonymous_33)
FNDA:0,(anonymous_34)
FNDA:0,(anonymous_35)
FNDA:0,(anonymous_36)
FNDA:0,(anonymous_37)
FNDA:0,(anonymous_38)
FNDA:0,(anonymous_39)
FNDA:0,(anonymous_40)
FNDA:0,(anonymous_41)
FNDA:0,(anonymous_42)
FNDA:0,(anonymous_43)
FNDA:0,(anonymous_44)
FNDA:0,(anonymous_45)
FNDA:0,(anonymous_46)
FNDA:0,(anonymous_47)
FNDA:0,(anonymous_48)
FNDA:0,(anonymous_49)
FNDA:0,(anonymous_50)
FNDA:0,(anonymous_51)
FNDA:0,(anonymous_52)
FNDA:0,(anonymous_53)
FNDA:0,(anonymous_54)
FNDA:0,(anonymous_55)
FNDA:0,(anonymous_56)
FNDA:0,(anonymous_57)
FNDA:0,(anonymous_58)
FNDA:0,(anonymous_59)
FNDA:0,(anonymous_60)
FNDA:0,(anonymous_61)
FNDA:0,(anonymous_62)
FNDA:0,(anonymous_63)
FNDA:0,(anonymous_64)
FNDA:0,(anonymous_65)
FNDA:0,(anonymous_66)
FNDA:0,(anonymous_67)
FNDA:0,(anonymous_68)
FNDA:0,(anonymous_69)
FNDA:0,(anonymous_70)
FNDA:0,(anonymous_71)
FNDA:0,(anonymous_72)
FNDA:0,(anonymous_73)
FNDA:0,(anonymous_74)
FNDA:0,(anonymous_75)
FNDA:0,(anonymous_76)
FNDA:0,(anonymous_77)
FNDA:0,(anonymous_78)
FNDA:0,(anonymous_79)
FNDA:0,(anonymous_80)
FNDA:0,(anonymous_81)
FNDA:0,(anonymous_82)
FNDA:0,(anonymous_83)
FNDA:0,(anonymous_84)
FNDA:0,(anonymous_85)
FNDA:0,(anonymous_86)
FNDA:0,(anonymous_87)
FNDA:0,(anonymous_88)
FNDA:0,(anonymous_89)
FNDA:0,(anonymous_90)
FNDA:0,(anonymous_91)
FNDA:0,(anonymous_92)
FNDA:0,(anonymous_93)
FNDA:0,(anonymous_94)
FNDA:0,(anonymous_95)
FNDA:0,(anonymous_96)
DA:33,0
DA:34,0
DA:35,0
DA:36,0
DA:37,0
DA:44,0
DA:51,0
DA:52,0
DA:53,0
DA:54,0
DA:55,0
DA:57,0
DA:58,0
DA:59,0
DA:60,0
DA:61,0
DA:62,0
DA:64,0
DA:65,0
DA:66,0
DA:69,0
DA:70,0
DA:71,0
DA:74,0
DA:75,0
DA:79,0
DA:80,0
DA:82,0
DA:83,0
DA:84,0
DA:87,0
DA:94,0
DA:106,0
DA:109,0
DA:112,0
DA:118,0
DA:119,0
DA:120,0
DA:121,0
DA:122,0
DA:124,0
DA:126,0
DA:129,0
DA:132,0
DA:135,0
DA:138,0
DA:139,0
DA:142,0
DA:143,0
DA:147,0
DA:151,0
DA:156,0
DA:159,0
DA:163,0
DA:166,0
DA:169,0
DA:173,0
DA:175,0
DA:177,0
DA:179,0
DA:180,0
DA:182,0
DA:184,0
DA:186,0
DA:188,0
DA:189,0
DA:191,0
DA:195,0
DA:203,0
DA:204,0
DA:205,0
DA:206,0
DA:208,0
DA:212,0
DA:213,0
DA:214,0
DA:217,0
DA:219,0
DA:220,0
DA:221,0
DA:222,0
DA:223,0
DA:227,0
DA:228,0
DA:229,0
DA:230,0
DA:231,0
DA:232,0
DA:241,0
DA:242,0
DA:243,0
DA:244,0
DA:245,0
DA:247,0
DA:248,0
DA:249,0
DA:252,0
DA:253,0
DA:254,0
DA:256,0
DA:257,0
DA:264,0
DA:266,0
DA:267,0
DA:271,0
DA:276,0
DA:284,0
DA:286,0
DA:291,0
DA:294,0
DA:295,0
DA:296,0
DA:297,0
DA:299,0
DA:302,0
DA:304,0
DA:305,0
DA:308,0
DA:310,0
DA:311,0
DA:316,0
DA:317,0
DA:320,0
DA:321,0
DA:323,0
DA:324,0
DA:326,0
DA:330,0
DA:331,0
DA:332,0
DA:333,0
DA:336,0
DA:341,0
DA:361,0
DA:363,0
DA:367,0
DA:368,0
DA:369,0
DA:370,0
DA:371,0
DA:372,0
DA:373,0
DA:374,0
DA:375,0
DA:377,0
DA:381,0
DA:382,0
DA:388,0
DA:389,0
DA:393,0
DA:394,0
DA:399,0
DA:400,0
DA:404,0
DA:405,0
DA:414,0
DA:415,0
DA:423,0
DA:424,0
DA:425,0
DA:426,0
DA:427,0
DA:428,0
DA:429,0
DA:430,0
DA:433,0
DA:437,0
DA:443,0
DA:444,0
DA:446,0
DA:447,0
DA:454,0
DA:468,0
DA:473,0
DA:474,0
DA:475,0
DA:476,0
DA:479,0
DA:480,0
DA:481,0
DA:482,0
DA:483,0
DA:485,0
DA:486,0
DA:489,0
DA:490,0
DA:491,0
DA:492,0
DA:494,0
DA:498,0
DA:499,0
DA:500,0
DA:502,0
DA:505,0
DA:524,0
DA:525,0
DA:526,0
DA:527,0
DA:528,0
DA:529,0
DA:531,0
DA:532,0
DA:533,0
DA:535,0
DA:550,0
DA:552,0
DA:558,0
DA:574,0
DA:576,0
DA:577,0
DA:609,0
DA:610,0
DA:617,0
DA:619,0
DA:620,0
DA:639,0
DA:641,0
DA:651,0
DA:653,0
DA:663,0
DA:665,0
DA:675,0
DA:676,0
DA:683,0
DA:684,0
DA:685,0
DA:694,0
DA:702,0
DA:710,0
DA:715,0
DA:716,0
DA:720,0
DA:721,0
DA:722,0
DA:723,0
DA:724,0
DA:728,0
DA:730,0
DA:731,0
DA:732,0
DA:735,0
DA:736,0
DA:737,0
DA:740,0
DA:741,0
DA:742,0
DA:747,0
DA:748,0
DA:751,0
DA:752,0
DA:763,0
DA:764,0
DA:780,0
DA:790,0
DA:911,0
DA:934,0
DA:1007,0
DA:1049,0
DA:1050,0
DA:1051,0
DA:1060,0
DA:1068,0
DA:1075,0
DA:1084,0
DA:1085,0
DA:1086,0
DA:1110,0
DA:1119,0
DA:1120,0
DA:1121,0
DA:1132,0
DA:1137,0
DA:1144,0
DA:1145,0
DA:1148,0
DA:1149,0
DA:1152,0
DA:1153,0
DA:1156,0
DA:1157,0
DA:1159,0
DA:1188,0
DA:1261,0
DA:1262,0
DA:1263,0
DA:1271,0
DA:1272,0
DA:1273,0
DA:1274,0
DA:1276,0
DA:1287,0
DA:1288,0
DA:1289,0
DA:1290,0
DA:1291,0
DA:1293,0
DA:1294,0
DA:1296,0
DA:1298,0
DA:1305,0
DA:1306,0
DA:1307,0
DA:1335,0
DA:1336,0
DA:1341,0
DA:1364,0
DA:1365,0
DA:1369,0
DA:1370,0
LF:309
LH:0
BRDA:70,0,0,0
BRDA:70,0,1,0
BRDA:119,1,0,0
BRDA:119,1,1,0
BRDA:121,2,0,0
BRDA:121,2,1,0
BRDA:129,3,0,0
BRDA:129,3,1,0
BRDA:138,4,0,0
BRDA:138,4,1,0
BRDA:138,5,0,0
BRDA:138,5,1,0
BRDA:142,6,0,0
BRDA:142,6,1,0
BRDA:142,7,0,0
BRDA:142,7,1,0
BRDA:142,7,2,0
BRDA:151,8,0,0
BRDA:151,8,1,0
BRDA:151,9,0,0
BRDA:151,9,1,0
BRDA:151,9,2,0
BRDA:151,9,3,0
BRDA:151,9,4,0
BRDA:159,10,0,0
BRDA:159,10,1,0
BRDA:159,11,0,0
BRDA:159,11,1,0
BRDA:159,11,2,0
BRDA:159,11,3,0
BRDA:166,12,0,0
BRDA:166,12,1,0
BRDA:166,13,0,0
BRDA:166,13,1,0
BRDA:166,13,2,0
BRDA:175,14,0,0
BRDA:175,14,1,0
BRDA:177,15,0,0
BRDA:177,15,1,0
BRDA:177,16,0,0
BRDA:177,16,1,0
BRDA:177,16,2,0
BRDA:179,17,0,0
BRDA:179,17,1,0
BRDA:180,18,0,0
BRDA:180,18,1,0
BRDA:182,19,0,0
BRDA:182,19,1,0
BRDA:186,20,0,0
BRDA:186,20,1,0
BRDA:188,21,0,0
BRDA:188,21,1,0
BRDA:189,22,0,0
BRDA:189,22,1,0
BRDA:203,23,0,0
BRDA:205,24,0,0
BRDA:205,24,1,0
BRDA:219,25,0,0
BRDA:219,25,1,0
BRDA:234,26,0,0
BRDA:234,26,1,0
BRDA:243,27,0,0
BRDA:243,27,1,0
BRDA:244,28,0,0
BRDA:244,28,1,0
BRDA:256,29,0,0
BRDA:256,29,1,0
BRDA:266,30,0,0
BRDA:266,30,1,0
BRDA:266,31,0,0
BRDA:266,31,1,0
BRDA:266,31,2,0
BRDA:271,32,0,0
BRDA:271,32,1,0
BRDA:271,33,0,0
BRDA:271,33,1,0
BRDA:271,33,2,0
BRDA:271,33,3,0
BRDA:284,34,0,0
BRDA:284,34,1,0
BRDA:286,35,0,0
BRDA:286,35,1,0
BRDA:286,35,2,0
BRDA:286,35,3,0
BRDA:304,36,0,0
BRDA:304,36,1,0
BRDA:331,37,0,0
BRDA:331,37,1,0
BRDA:346,38,0,0
BRDA:346,38,1,0
BRDA:347,39,0,0
BRDA:347,39,1,0
BRDA:348,40,0,0
BRDA:348,40,1,0
BRDA:349,41,0,0
BRDA:349,41,1,0
BRDA:350,42,0,0
BRDA:350,42,1,0
BRDA:357,43,0,0
BRDA:357,43,1,0
BRDA:388,44,0,0
BRDA:388,44,1,0
BRDA:399,45,0,0
BRDA:399,45,1,0
BRDA:414,46,0,0
BRDA:414,46,1,0
BRDA:424,47,0,0
BRDA:424,47,1,0
BRDA:424,48,0,0
BRDA:424,48,1,0
BRDA:425,49,0,0
BRDA:425,49,1,0
BRDA:425,50,0,0
BRDA:425,50,1,0
BRDA:426,51,0,0
BRDA:426,51,1,0
BRDA:427,52,0,0
BRDA:427,52,1,0
BRDA:427,53,0,0
BRDA:427,53,1,0
BRDA:429,54,0,0
BRDA:429,54,1,0
BRDA:429,55,0,0
BRDA:429,55,1,0
BRDA:444,56,0,0
BRDA:444,56,1,0
BRDA:446,57,0,0
BRDA:446,57,1,0
BRDA:450,58,0,0
BRDA:450,58,1,0
BRDA:457,59,0,0
BRDA:457,59,1,0
BRDA:474,60,0,0
BRDA:474,60,1,0
BRDA:482,61,0,0
BRDA:482,61,1,0
BRDA:482,62,0,0
BRDA:482,62,1,0
BRDA:489,63,0,0
BRDA:489,63,1,0
BRDA:492,64,0,0
BRDA:492,64,1,0
BRDA:505,65,0,0
BRDA:505,65,1,0
BRDA:556,66,0,0
BRDA:556,66,1,0
BRDA:556,67,0,0
BRDA:556,67,1,0
BRDA:576,68,0,0
BRDA:576,68,1,0
BRDA:580,69,0,0
BRDA:580,69,1,0
BRDA:585,70,0,0
BRDA:585,70,1,0
BRDA:585,70,2,0
BRDA:590,71,0,0
BRDA:590,71,1,0
BRDA:590,71,2,0
BRDA:619,72,0,0
BRDA:619,72,1,0
BRDA:622,73,0,0
BRDA:622,73,1,0
BRDA:622,74,0,0
BRDA:622,74,1,0
BRDA:625,75,0,0
BRDA:625,75,1,0
BRDA:641,76,0,0
BRDA:641,76,1,0
BRDA:641,77,0,0
BRDA:641,77,1,0
BRDA:653,78,0,0
BRDA:653,78,1,0
BRDA:665,79,0,0
BRDA:665,79,1,0
BRDA:665,80,0,0
BRDA:665,80,1,0
BRDA:695,81,0,0
BRDA:695,81,1,0
BRDA:710,82,0,0
BRDA:710,82,1,0
BRDA:710,83,0,0
BRDA:710,83,1,0
BRDA:731,84,0,0
BRDA:731,84,1,0
BRDA:732,85,0,0
BRDA:732,85,1,0
BRDA:736,86,0,0
BRDA:736,86,1,0
BRDA:737,87,0,0
BRDA:737,87,1,0
BRDA:741,88,0,0
BRDA:741,88,1,0
BRDA:742,89,0,0
BRDA:742,89,1,0
BRDA:751,90,0,0
BRDA:751,90,1,0
BRDA:763,91,0,0
BRDA:763,91,1,0
BRDA:801,92,0,0
BRDA:801,92,1,0
BRDA:850,93,0,0
BRDA:850,93,1,0
BRDA:879,94,0,0
BRDA:879,94,1,0
BRDA:923,95,0,0
BRDA:923,95,1,0
BRDA:935,96,0,0
BRDA:935,96,1,0
BRDA:938,97,0,0
BRDA:938,97,1,0
BRDA:1010,98,0,0
BRDA:1010,98,1,0
BRDA:1013,99,0,0
BRDA:1013,99,1,0
BRDA:1043,100,0,0
BRDA:1043,100,1,0
BRDA:1058,101,0,0
BRDA:1058,101,1,0
BRDA:1065,102,0,0
BRDA:1065,102,1,0
BRDA:1073,103,0,0
BRDA:1073,103,1,0
BRDA:1080,104,0,0
BRDA:1080,104,1,0
BRDA:1080,104,2,0
BRDA:1080,104,3,0
BRDA:1094,105,0,0
BRDA:1094,105,1,0
BRDA:1094,105,2,0
BRDA:1094,105,3,0
BRDA:1099,106,0,0
BRDA:1099,106,1,0
BRDA:1102,107,0,0
BRDA:1102,107,1,0
BRDA:1103,108,0,0
BRDA:1103,108,1,0
BRDA:1104,109,0,0
BRDA:1104,109,1,0
BRDA:1108,110,0,0
BRDA:1108,110,1,0
BRDA:1128,111,0,0
BRDA:1128,111,1,0
BRDA:1144,112,0,0
BRDA:1144,112,1,0
BRDA:1148,113,0,0
BRDA:1148,113,1,0
BRDA:1152,114,0,0
BRDA:1152,114,1,0
BRDA:1156,115,0,0
BRDA:1156,115,1,0
BRDA:1166,116,0,0
BRDA:1166,116,1,0
BRDA:1166,117,0,0
BRDA:1166,117,1,0
BRDA:1169,118,0,0
BRDA:1169,118,1,0
BRDA:1169,119,0,0
BRDA:1169,119,1,0
BRDA:1272,120,0,0
BRDA:1272,120,1,0
BRDA:1272,121,0,0
BRDA:1272,121,1,0
BRDA:1287,122,0,0
BRDA:1287,122,1,0
BRDA:1294,123,0,0
BRDA:1294,123,1,0
BRDA:1315,124,0,0
BRDA:1315,124,1,0
BRDA:1315,125,0,0
BRDA:1315,125,1,0
BRDA:1347,126,0,0
BRDA:1347,126,1,0
BRDA:1378,127,0,0
BRDA:1378,127,1,0
BRDA:1382,128,0,0
BRDA:1382,128,1,0
BRDA:1395,129,0,0
BRDA:1395,129,1,0
BRDA:1399,130,0,0
BRDA:1399,130,1,0
BRDA:1399,130,2,0
BRDA:1403,131,0,0
BRDA:1403,131,1,0
BRDA:1407,132,0,0
BRDA:1407,132,1,0
BRDA:1407,132,2,0
BRDA:1412,133,0,0
BRDA:1412,133,1,0
BRDA:1412,134,0,0
BRDA:1412,134,1,0
BRDA:1412,135,0,0
BRDA:1412,135,1,0
BRDA:1418,136,0,0
BRDA:1418,136,1,0
BRDA:1418,137,0,0
BRDA:1418,137,1,0
BRDA:1418,138,0,0
BRDA:1418,138,1,0
BRDA:1424,139,0,0
BRDA:1424,139,1,0
BRDA:1424,140,0,0
BRDA:1424,140,1,0
BRDA:1424,141,0,0
BRDA:1424,141,1,0
BRDA:1430,142,0,0
BRDA:1430,142,1,0
BRDA:1430,143,0,0
BRDA:1430,143,1,0
BRDA:1430,144,0,0
BRDA:1430,144,1,0
BRDA:1435,145,0,0
BRDA:1435,145,1,0
BRDA:1435,145,2,0
BRDA:1439,146,0,0
BRDA:1439,146,1,0
BRDA:1443,147,0,0
BRDA:1443,147,1,0
BRDA:1447,148,0,0
BRDA:1447,148,1,0
BRDA:1451,149,0,0
BRDA:1451,149,1,0
BRDA:1455,150,0,0
BRDA:1455,150,1,0
BRDA:1455,151,0,0
BRDA:1455,151,1,0
BRDA:1455,152,0,0
BRDA:1455,152,1,0
BRDA:1459,153,0,0
BRDA:1459,153,1,0
BRDA:1463,154,0,0
BRDA:1463,154,1,0
BRF:331
BRH:0
end_of_record
TN:
SF:src/pages/RealtimeMonitor.tsx
FN:74,(anonymous_0)
FN:89,(anonymous_1)
FN:94,(anonymous_2)
FN:98,(anonymous_3)
FN:109,(anonymous_4)
FN:134,(anonymous_5)
FN:144,(anonymous_6)
FN:149,(anonymous_7)
FN:151,(anonymous_8)
FN:151,(anonymous_9)
FN:175,(anonymous_10)
FN:181,(anonymous_11)
FN:191,(anonymous_12)
FN:197,(anonymous_13)
FN:207,(anonymous_14)
FN:217,(anonymous_15)
FN:234,(anonymous_16)
FN:239,(anonymous_17)
FN:245,(anonymous_18)
FN:251,(anonymous_19)
FN:258,(anonymous_20)
FN:271,(anonymous_21)
FN:272,(anonymous_22)
FN:273,(anonymous_23)
FN:283,(anonymous_24)
FN:287,(anonymous_25)
FN:317,(anonymous_26)
FN:420,(anonymous_27)
FN:433,(anonymous_28)
FNF:29
FNH:0
FNDA:0,(anonymous_0)
FNDA:0,(anonymous_1)
FNDA:0,(anonymous_2)
FNDA:0,(anonymous_3)
FNDA:0,(anonymous_4)
FNDA:0,(anonymous_5)
FNDA:0,(anonymous_6)
FNDA:0,(anonymous_7)
FNDA:0,(anonymous_8)
FNDA:0,(anonymous_9)
FNDA:0,(anonymous_10)
FNDA:0,(anonymous_11)
FNDA:0,(anonymous_12)
FNDA:0,(anonymous_13)
FNDA:0,(anonymous_14)
FNDA:0,(anonymous_15)
FNDA:0,(anonymous_16)
FNDA:0,(anonymous_17)
FNDA:0,(anonymous_18)
FNDA:0,(anonymous_19)
FNDA:0,(anonymous_20)
FNDA:0,(anonymous_21)
FNDA:0,(anonymous_22)
FNDA:0,(anonymous_23)
FNDA:0,(anonymous_24)
FNDA:0,(anonymous_25)
FNDA:0,(anonymous_26)
FNDA:0,(anonymous_27)
FNDA:0,(anonymous_28)
DA:40,0
DA:51,0
DA:74,0
DA:75,0
DA:76,0
DA:77,0
DA:85,0
DA:86,0
DA:87,0
DA:89,0
DA:90,0
DA:92,0
DA:93,0
DA:94,0
DA:98,0
DA:99,0
DA:100,0
DA:103,0
DA:109,0
DA:121,0
DA:124,0
DA:128,0
DA:131,0
DA:133,0
DA:134,0
DA:140,0
DA:144,0
DA:145,0
DA:146,0
DA:149,0
DA:151,0
DA:152,0
DA:158,0
DA:175,0
DA:182,0
DA:191,0
DA:198,0
DA:208,0
DA:218,0
DA:223,0
DA:224,0
DA:235,0
DA:239,0
DA:245,0
DA:251,0
DA:258,0
DA:266,0
DA:271,0
DA:272,0
DA:273,0
DA:282,0
DA:283,0
DA:287,0
DA:295,0
DA:317,0
DA:420,0
DA:433,0
LF:57
LH:0
BRDA:92,0,0,0
BRDA:92,0,1,0
BRDA:110,1,0,0
BRDA:110,1,1,0
BRDA:111,2,0,0
BRDA:111,2,1,0
BRDA:112,3,0,0
BRDA:112,3,1,0
BRDA:113,4,0,0
BRDA:113,4,1,0
BRDA:114,5,0,0
BRDA:114,5,1,0
BRDA:115,6,0,0
BRDA:115,6,1,0
BRDA:116,7,0,0
BRDA:116,7,1,0
BRDA:117,8,0,0
BRDA:117,8,1,0
BRDA:117,9,0,0
BRDA:117,9,1,0
BRDA:118,10,0,0
BRDA:118,10,1,0
BRDA:152,11,0,0
BRDA:152,11,1,0
BRDA:153,12,0,0
BRDA:153,12,1,0
BRDA:182,13,0,0
BRDA:182,13,1,0
BRDA:183,14,0,0
BRDA:183,14,1,0
BRDA:198,15,0,0
BRDA:198,15,1,0
BRDA:198,16,0,0
BRDA:198,16,1,0
BRDA:199,17,0,0
BRDA:199,17,1,0
BRDA:208,18,0,0
BRDA:208,18,1,0
BRDA:209,19,0,0
BRDA:209,19,1,0
BRDA:241,20,0,0
BRDA:241,20,1,0
BRDA:315,21,0,0
BRDA:315,21,1,0
BRDA:319,22,0,0
BRDA:319,22,1,0
BRDA:367,23,0,0
BRDA:367,23,1,0
BRDA:376,24,0,0
BRDA:376,24,1,0
BRDA:438,25,0,0
BRDA:438,25,1,0
BRDA:471,26,0,0
BRDA:471,26,1,0
BRDA:482,27,0,0
BRDA:482,27,1,0
BRDA:493,28,0,0
BRDA:493,28,1,0
BRF:58
BRH:0
end_of_record
TN:
SF:src/pages/Settings.tsx
FN:38,(anonymous_0)
FN:50,(anonymous_1)
FN:63,(anonymous_2)
FN:67,(anonymous_3)
FN:80,(anonymous_4)
FN:94,(anonymous_5)
FN:95,(anonymous_6)
FN:105,(anonymous_7)
FN:113,(anonymous_8)
FN:121,(anonymous_9)
FN:126,(anonymous_10)
FN:240,(anonymous_11)
FN:258,(anonymous_12)
FN:416,(anonymous_13)
FN:428,(anonymous_14)
FN:435,(anonymous_15)
FNF:16
FNH:0
FNDA:0,(anonymous_0)
FNDA:0,(anonymous_1)
FNDA:0,(anonymous_2)
FNDA:0,(anonymous_3)
FNDA:0,(anonymous_4)
FNDA:0,(anonymous_5)
FNDA:0,(anonymous_6)
FNDA:0,(anonymous_7)
FNDA:0,(anonymous_8)
FNDA:0,(anonymous_9)
FNDA:0,(anonymous_10)
FNDA:0,(anonymous_11)
FNDA:0,(anonymous_12)
FNDA:0,(anonymous_13)
FNDA:0,(anonymous_14)
FNDA:0,(anonymous_15)
DA:35,0
DA:36,0
DA:38,0
DA:39,0
DA:40,0
DA:41,0
DA:47,0
DA:48,0
DA:50,0
DA:51,0
DA:52,0
DA:53,0
DA:54,0
DA:55,0
DA:57,0
DA:59,0
DA:63,0
DA:64,0
DA:67,0
DA:68,0
DA:69,0
DA:70,0
DA:71,0
DA:72,0
DA:74,0
DA:76,0
DA:80,0
DA:81,0
DA:82,0
DA:83,0
DA:86,0
DA:87,0
DA:88,0
DA:89,0
DA:90,0
DA:91,0
DA:94,0
DA:95,0
DA:96,0
DA:97,0
DA:98,0
DA:101,0
DA:106,0
DA:107,0
DA:114,0
DA:115,0
DA:122,0
DA:126,0
DA:134,0
DA:240,0
DA:258,0
DA:417,0
DA:418,0
DA:428,0
DA:435,0
LF:55
LH:0
BRDA:81,0,0,0
BRDA:81,0,1,0
BRDA:81,1,0,0
BRDA:81,1,1,0
BRDA:115,2,0,0
BRDA:115,2,1,0
BRF:6
BRH:0
end_of_record
TN:
SF:src/pages/StrategyManager.tsx
FN:33,(anonymous_0)
FN:44,(anonymous_1)
FN:48,(anonymous_2)
FN:64,(anonymous_3)
FN:87,(anonymous_4)
FN:97,(anonymous_5)
FN:100,(anonymous_6)
FN:100,(anonymous_7)
FN:108,(anonymous_8)
FN:113,(anonymous_9)
FN:128,(anonymous_10)
FN:139,(anonymous_11)
FN:144,(anonymous_12)
FN:148,(anonymous_13)
FN:168,(anonymous_14)
FN:184,(anonymous_15)
FN:192,(anonymous_16)
FN:197,(anonymous_17)
FN:202,(anonymous_18)
FN:209,(anonymous_19)
FN:238,(anonymous_20)
FN:244,(anonymous_21)
FN:258,(anonymous_22)
FN:334,(anonymous_23)
FN:379,(anonymous_24)
FNF:25
FNH:0
FNDA:0,(anonymous_0)
FNDA:0,(anonymous_1)
FNDA:0,(anonymous_2)
FNDA:0,(anonymous_3)
FNDA:0,(anonymous_4)
FNDA:0,(anonymous_5)
FNDA:0,(anonymous_6)
FNDA:0,(anonymous_7)
FNDA:0,(anonymous_8)
FNDA:0,(anonymous_9)
FNDA:0,(anonymous_10)
FNDA:0,(anonymous_11)
FNDA:0,(anonymous_12)
FNDA:0,(anonymous_13)
FNDA:0,(anonymous_14)
FNDA:0,(anonymous_15)
FNDA:0,(anonymous_16)
FNDA:0,(anonymous_17)
FNDA:0,(anonymous_18)
FNDA:0,(anonymous_19)
FNDA:0,(anonymous_20)
FNDA:0,(anonymous_21)
FNDA:0,(anonymous_22)
FNDA:0,(anonymous_23)
FNDA:0,(anonymous_24)
DA:30,0
DA:31,0
DA:33,0
DA:34,0
DA:35,0
DA:36,0
DA:37,0
DA:38,0
DA:39,0
DA:40,0
DA:41,0
DA:42,0
DA:44,0
DA:45,0
DA:48,0
DA:49,0
DA:50,0
DA:51,0
DA:55,0
DA:56,0
DA:58,0
DA:60,0
DA:64,0
DA:65,0
DA:66,0
DA:67,0
DA:76,0
DA:77,0
DA:80,0
DA:87,0
DA:89,0
DA:91,0
DA:93,0
DA:97,0
DA:98,0
DA:99,0
DA:100,0
DA:101,0
DA:104,0
DA:108,0
DA:109,0
DA:110,0
DA:113,0
DA:114,0
DA:115,0
DA:118,0
DA:128,0
DA:139,0
DA:145,0
DA:148,0
DA:156,0
DA:169,0
DA:175,0
DA:177,0
DA:185,0
DA:192,0
DA:198,0
DA:202,0
DA:209,0
DA:218,0
DA:239,0
DA:245,0
DA:259,0
DA:334,0
DA:379,0
LF:65
LH:0
BRDA:69,0,0,0
BRDA:69,0,1,0
BRDA:73,1,0,0
BRDA:73,1,1,0
BRDA:77,2,0,0
BRDA:77,2,1,0
BRDA:91,3,0,0
BRDA:91,3,1,0
BRDA:101,4,0,0
BRDA:101,4,1,0
BRDA:175,5,0,0
BRDA:175,5,1,0
BRDA:192,6,0,0
BRDA:192,6,1,0
BRDA:297,7,0,0
BRDA:297,7,1,0
BRDA:338,8,0,0
BRDA:338,8,1,0
BRDA:351,9,0,0
BRDA:351,9,1,0
BRDA:383,10,0,0
BRDA:383,10,1,0
BRDA:391,11,0,0
BRDA:391,11,1,0
BRDA:392,12,0,0
BRDA:392,12,1,0
BRDA:393,13,0,0
BRDA:393,13,1,0
BRDA:400,14,0,0
BRDA:400,14,1,0
BRDA:401,15,0,0
BRDA:401,15,1,0
BRF:32
BRH:0
end_of_record
TN:
SF:src/services/api.ts
FN:13,(anonymous_0)
FN:14,(anonymous_1)
FN:22,(anonymous_2)
FN:41,(anonymous_3)
FN:47,(anonymous_4)
FN:53,(anonymous_5)
FN:58,(anonymous_6)
FN:64,(anonymous_7)
FN:70,(anonymous_8)
FN:76,(anonymous_9)
FN:81,(anonymous_10)
FN:87,(anonymous_11)
FN:92,(anonymous_12)
FN:105,(anonymous_13)
FN:115,(anonymous_14)
FN:122,(anonymous_15)
FN:130,(anonymous_16)
FN:136,(anonymous_17)
FN:142,(anonymous_18)
FN:148,(anonymous_19)
FN:157,(anonymous_20)
FN:173,(anonymous_21)
FN:193,(anonymous_22)
FN:204,(anonymous_23)
FN:213,(anonymous_24)
FNF:25
FNH:0
FNDA:0,(anonymous_0)
FNDA:0,(anonymous_1)
FNDA:0,(anonymous_2)
FNDA:0,(anonymous_3)
FNDA:0,(anonymous_4)
FNDA:0,(anonymous_5)
FNDA:0,(anonymous_6)
FNDA:0,(anonymous_7)
FNDA:0,(anonymous_8)
FNDA:0,(anonymous_9)
FNDA:0,(anonymous_10)
FNDA:0,(anonymous_11)
FNDA:0,(anonymous_12)
FNDA:0,(anonymous_13)
FNDA:0,(anonymous_14)
FNDA:0,(anonymous_15)
FNDA:0,(anonymous_16)
FNDA:0,(anonymous_17)
FNDA:0,(anonymous_18)
FNDA:0,(anonymous_19)
FNDA:0,(anonymous_20)
FNDA:0,(anonymous_21)
FNDA:0,(anonymous_22)
FNDA:0,(anonymous_23)
FNDA:0,(anonymous_24)
DA:4,0
DA:6,0
DA:12,0
DA:13,0
DA:15,0
DA:16,0
DA:20,0
DA:36,0
DA:37,0
DA:42,0
DA:43,0
DA:48,0
DA:49,0
DA:54,0
DA:55,0
DA:59,0
DA:60,0
DA:65,0
DA:66,0
DA:71,0
DA:72,0
DA:77,0
DA:78,0
DA:82,0
DA:83,0
DA:88,0
DA:89,0
DA:100,0
DA:101,0
DA:110,0
DA:111,0
DA:116,0
DA:119,0
DA:123,0
DA:126,0
DA:131,0
DA:132,0
DA:137,0
DA:138,0
DA:143,0
DA:144,0
DA:149,0
DA:156,0
DA:157,0
DA:158,0
DA:159,0
DA:166,0
DA:188,0
DA:189,0
DA:199,0
DA:200,0
DA:205,0
DA:208,0
DA:235,0
DA:236,0
LF:55
LH:0
BRDA:4,0,0,0
BRDA:4,0,1,0
BRDA:115,1,0,0
BRDA:115,2,0,0
BRDA:122,3,0,0
BRDA:122,4,0,0
BRDA:158,5,0,0
BRDA:158,5,1,0
BRDA:158,6,0,0
BRDA:158,6,1,0
BRDA:193,7,0,0
BRF:11
BRH:0
end_of_record
TN:
SF:src/styles/darkTheme.ts
FNF:0
FNH:0
DA:2,0
DA:30,0
LF:2
LH:0
BRF:0
BRH:0
end_of_record
TN:
SF:src/types/index.ts
FNF:0
FNH:0
LF:0
LH:0
BRF:0
BRH:0
end_of_record
TN:
SF:src/utils/index.ts
FN:4,(anonymous_0)
FN:12,(anonymous_1)
FN:16,(anonymous_2)
FN:23,(anonymous_3)
FN:27,(anonymous_4)
FN:36,(anonymous_5)
FN:49,(anonymous_6)
FN:74,(anonymous_7)
FN:88,(anonymous_8)
FN:89,(anonymous_9)
FN:90,(anonymous_10)
FN:92,(anonymous_11)
FN:93,(anonymous_12)
FN:107,(anonymous_13)
FN:113,(anonymous_14)
FN:113,(anonymous_15)
FN:136,(anonymous_16)
FN:142,(anonymous_17)
FN:144,(anonymous_18)
FN:148,(anonymous_19)
FN:154,(anonymous_20)
FN:158,(anonymous_21)
FNF:22
FNH:18
FNDA:3,(anonymous_0)
FNDA:4,(anonymous_1)
FNDA:2,(anonymous_2)
FNDA:0,(anonymous_3)
FNDA:5,(anonymous_4)
FNDA:5,(anonymous_5)
FNDA:12,(anonymous_6)
FNDA:5,(anonymous_7)
FNDA:8,(anonymous_8)
FNDA:8,(anonymous_9)
FNDA:8,(anonymous_10)
FNDA:4,(anonymous_11)
FNDA:8,(anonymous_12)
FNDA:0,(anonymous_13)
FNDA:0,(anonymous_14)
FNDA:0,(anonymous_15)
FNDA:2,(anonymous_16)
FNDA:4,(anonymous_17)
FNDA:2,(anonymous_18)
FNDA:2,(anonymous_19)
FNDA:5,(anonymous_20)
FNDA:1,(anonymous_21)
DA:4,1
DA:5,3
DA:12,1
DA:13,4
DA:16,1
DA:17,2
DA:23,1
DA:24,0
DA:27,1
DA:28,5
DA:29,2
DA:30,3
DA:31,2
DA:33,1
DA:36,1
DA:37,5
DA:46,5
DA:49,1
DA:50,12
DA:52,4
DA:53,3
DA:54,2
DA:55,1
DA:58,4
DA:59,3
DA:60,2
DA:61,1
DA:64,4
DA:65,3
DA:66,2
DA:67,1
DA:70,0
DA:74,1
DA:75,5
DA:76,1
DA:88,8
DA:89,8
DA:90,8
DA:92,4
DA:93,8
DA:95,4
DA:107,1
DA:108,0
DA:110,0
DA:111,0
DA:113,0
DA:114,0
DA:116,0
DA:117,0
DA:119,0
DA:123,0
DA:124,0
DA:125,0
DA:127,0
DA:128,0
DA:129,0
DA:131,0
DA:132,0
DA:133,0
DA:136,1
DA:142,2
DA:143,4
DA:144,4
DA:148,1
DA:154,2
DA:155,5
DA:156,3
DA:157,3
DA:158,3
LF:69
LH:50
BRDA:12,0,0,3
BRDA:16,1,0,1
BRDA:23,2,0,0
BRDA:28,3,0,2
BRDA:28,3,1,3
BRDA:30,4,0,2
BRDA:30,4,1,1
BRDA:46,5,0,5
BRDA:46,5,1,1
BRDA:50,6,0,4
BRDA:50,6,1,4
BRDA:50,6,2,4
BRDA:50,6,3,0
BRDA:52,7,0,1
BRDA:52,7,1,3
BRDA:53,8,0,1
BRDA:53,8,1,2
BRDA:54,9,0,1
BRDA:54,9,1,1
BRDA:58,10,0,1
BRDA:58,10,1,3
BRDA:59,11,0,1
BRDA:59,11,1,2
BRDA:60,12,0,1
BRDA:60,12,1,1
BRDA:64,13,0,1
BRDA:64,13,1,3
BRDA:65,14,0,1
BRDA:65,14,1,2
BRDA:66,15,0,1
BRDA:66,15,1,1
BRDA:75,16,0,1
BRDA:75,16,1,4
BRDA:100,17,0,4
BRDA:100,17,1,0
BRDA:101,18,0,4
BRDA:101,18,1,0
BRDA:108,19,0,0
BRDA:108,19,1,0
BRDA:116,20,0,0
BRDA:116,20,1,0
BRDA:116,21,0,0
BRDA:116,21,1,0
BRDA:155,22,0,3
BRDA:155,22,1,2
BRF:45
BRH:35
end_of_record
